<?xml version="1.0" encoding="utf-8"?>
<test-run id="2" testcasecount="351" result="Passed" total="351" passed="351" failed="0" inconclusive="0" skipped="0" asserts="0" engine-version="3.5.0.0" clr-version="4.0.30319.42000" start-time="2026-07-26 13:36:44Z" end-time="2026-07-26 13:36:51Z" duration="6.7499407">
  <test-suite type="TestSuite" id="1410" name="sc" fullname="sc" runstate="Runnable" testcasecount="351" result="Passed" start-time="2026-07-26 13:36:44Z" end-time="2026-07-26 13:36:51Z" duration="6.749941" total="351" passed="351" failed="0" inconclusive="0" skipped="0" asserts="0">
    <properties />
    <test-suite type="Assembly" id="1812" name="SpireChess.Tests.EditMode.dll" fullname="D:/code/spireChess/spireChess/sc/Library/ScriptAssemblies/SpireChess.Tests.EditMode.dll" runstate="Runnable" testcasecount="351" result="Passed" start-time="2026-07-26 13:36:44Z" end-time="2026-07-26 13:36:51Z" duration="6.707094" total="351" passed="351" failed="0" inconclusive="0" skipped="0" asserts="0">
      <properties>
        <property name="_PID" value="8412" />
        <property name="_APPDOMAIN" value="Unity Child Domain" />
        <property name="platform" value="EditMode" />
      </properties>
      <test-suite type="TestSuite" id="1813" name="SpireChess" fullname="SpireChess" runstate="Runnable" testcasecount="351" result="Passed" start-time="2026-07-26 13:36:44Z" end-time="2026-07-26 13:36:51Z" duration="6.704702" total="351" passed="351" failed="0" inconclusive="0" skipped="0" asserts="0">
        <properties />
        <test-suite type="TestSuite" id="1814" name="Tests" fullname="SpireChess.Tests" runstate="Runnable" testcasecount="351" result="Passed" start-time="2026-07-26 13:36:44Z" end-time="2026-07-26 13:36:51Z" duration="6.702081" total="351" passed="351" failed="0" inconclusive="0" skipped="0" asserts="0">
          <properties />
          <test-suite type="TestFixture" id="1411" name="BattlePresentationTests" fullname="SpireChess.Tests.BattlePresentationTests" classname="SpireChess.Tests.BattlePresentationTests" runstate="Runnable" testcasecount="3" result="Passed" start-time="2026-07-26 13:36:44Z" end-time="2026-07-26 13:36:44Z" duration="0.062249" total="3" passed="3" failed="0" inconclusive="0" skipped="0" asserts="0">
            <properties />
            <test-case id="1412" name="Factory_MapsRuntimeStateWithoutCardSpecificData" fullname="SpireChess.Tests.BattlePresentationTests.Factory_MapsRuntimeStateWithoutCardSpecificData" methodname="Factory_MapsRuntimeStateWithoutCardSpecificData" classname="SpireChess.Tests.BattlePresentationTests" runstate="Runnable" seed="938605972" result="Passed" start-time="2026-07-26 13:36:44Z" end-time="2026-07-26 13:36:44Z" duration="0.015783" asserts="0">
              <properties />
            </test-case>
            <test-case id="1413" name="Factory_PreservesTokenIdentity" fullname="SpireChess.Tests.BattlePresentationTests.Factory_PreservesTokenIdentity" methodname="Factory_PreservesTokenIdentity" classname="SpireChess.Tests.BattlePresentationTests" runstate="Runnable" seed="19028525" result="Passed" start-time="2026-07-26 13:36:44Z" end-time="2026-07-26 13:36:44Z" duration="0.000503" asserts="0">
              <properties />
            </test-case>
            <test-case id="1414" name="StateBuilder_MapsFiveSlotsAndFormalControls" fullname="SpireChess.Tests.BattlePresentationTests.StateBuilder_MapsFiveSlotsAndFormalControls" methodname="StateBuilder_MapsFiveSlotsAndFormalControls" classname="SpireChess.Tests.BattlePresentationTests" runstate="Runnable" seed="636607706" result="Passed" start-time="2026-07-26 13:36:44Z" end-time="2026-07-26 13:36:44Z" duration="0.006055" asserts="0">
              <properties />
            </test-case>
          </test-suite>
          <test-suite type="TestFixture" id="1415" name="BattleSimulatorTests" fullname="SpireChess.Tests.BattleSimulatorTests" classname="SpireChess.Tests.BattleSimulatorTests" runstate="Runnable" testcasecount="20" result="Passed" start-time="2026-07-26 13:36:44Z" end-time="2026-07-26 13:36:44Z" duration="0.075211" total="20" passed="20" failed="0" inconclusive="0" skipped="0" asserts="0">
            <properties />
            <test-case id="1422" name="CleaveDamage_IsBlockedByShieldAndWrittenToLog" fullname="SpireChess.Tests.BattleSimulatorTests.CleaveDamage_IsBlockedByShieldAndWrittenToLog" methodname="CleaveDamage_IsBlockedByShieldAndWrittenToLog" classname="SpireChess.Tests.BattleSimulatorTests" runstate="Runnable" seed="1086601727" result="Passed" start-time="2026-07-26 13:36:44Z" end-time="2026-07-26 13:36:44Z" duration="0.017267" asserts="0">
              <properties />
            </test-case>
            <test-case id="1423" name="Deathrattle_SummonsTokenIntoOriginalSlot" fullname="SpireChess.Tests.BattleSimulatorTests.Deathrattle_SummonsTokenIntoOriginalSlot" methodname="Deathrattle_SummonsTokenIntoOriginalSlot" classname="SpireChess.Tests.BattleSimulatorTests" runstate="Runnable" seed="1553886141" result="Passed" start-time="2026-07-26 13:36:44Z" end-time="2026-07-26 13:36:44Z" duration="0.006555" asserts="0">
              <properties />
            </test-case>
            <test-case id="1425" name="Deathrattle_UsesNearestLeftSlotWhenRightSlotIsOccupied" fullname="SpireChess.Tests.BattleSimulatorTests.Deathrattle_UsesNearestLeftSlotWhenRightSlotIsOccupied" methodname="Deathrattle_UsesNearestLeftSlotWhenRightSlotIsOccupied" classname="SpireChess.Tests.BattleSimulatorTests" runstate="Runnable" seed="1913611355" result="Passed" start-time="2026-07-26 13:36:44Z" end-time="2026-07-26 13:36:44Z" duration="0.001478" asserts="0">
              <properties />
            </test-case>
            <test-case id="1424" name="Deathrattle_UsesNearestRightSlotAfterOriginalSlot" fullname="SpireChess.Tests.BattleSimulatorTests.Deathrattle_UsesNearestRightSlotAfterOriginalSlot" methodname="Deathrattle_UsesNearestRightSlotAfterOriginalSlot" classname="SpireChess.Tests.BattleSimulatorTests" runstate="Runnable" seed="800866565" result="Passed" start-time="2026-07-26 13:36:44Z" end-time="2026-07-26 13:36:44Z" duration="0.001537" asserts="0">
              <properties />
            </test-case>
            <test-case id="1421" name="GoldenCleave_DealsFullAttackDamageToBothSides" fullname="SpireChess.Tests.BattleSimulatorTests.GoldenCleave_DealsFullAttackDamageToBothSides" methodname="GoldenCleave_DealsFullAttackDamageToBothSides" classname="SpireChess.Tests.BattleSimulatorTests" runstate="Runnable" seed="161082182" result="Passed" start-time="2026-07-26 13:36:44Z" end-time="2026-07-26 13:36:44Z" duration="0.001206" asserts="0">
              <properties />
            </test-case>
            <test-case id="1430" name="ImmediateAttack_DoesNotConsumeCurrentRoundNormalAttack" fullname="SpireChess.Tests.BattleSimulatorTests.ImmediateAttack_DoesNotConsumeCurrentRoundNormalAttack" methodname="ImmediateAttack_DoesNotConsumeCurrentRoundNormalAttack" classname="SpireChess.Tests.BattleSimulatorTests" runstate="Runnable" seed="714265837" result="Passed" start-time="2026-07-26 13:36:44Z" end-time="2026-07-26 13:36:44Z" duration="0.002231" asserts="0">
              <properties />
            </test-case>
            <test-case id="1417" name="MultipleTaunts_SelectsOnlyFromAliveTaunts" fullname="SpireChess.Tests.BattleSimulatorTests.MultipleTaunts_SelectsOnlyFromAliveTaunts" methodname="MultipleTaunts_SelectsOnlyFromAliveTaunts" classname="SpireChess.Tests.BattleSimulatorTests" runstate="Runnable" seed="517593813" result="Passed" start-time="2026-07-26 13:36:44Z" end-time="2026-07-26 13:36:44Z" duration="0.001005" asserts="0">
              <properties />
            </test-case>
            <test-case id="1428" name="MultiSummon_ImmediateAttackCanFreeSlotForNextToken" fullname="SpireChess.Tests.BattleSimulatorTests.MultiSummon_ImmediateAttackCanFreeSlotForNextToken" methodname="MultiSummon_ImmediateAttackCanFreeSlotForNextToken" classname="SpireChess.Tests.BattleSimulatorTests" runstate="Runnable" seed="2042775745" result="Passed" start-time="2026-07-26 13:36:44Z" end-time="2026-07-26 13:36:44Z" duration="0.007118" asserts="0">
              <properties />
            </test-case>
            <test-case id="1420" name="NormalCleave_DoesNotTransferDamageFromEmptySide" fullname="SpireChess.Tests.BattleSimulatorTests.NormalCleave_DoesNotTransferDamageFromEmptySide" methodname="NormalCleave_DoesNotTransferDamageFromEmptySide" classname="SpireChess.Tests.BattleSimulatorTests" runstate="Runnable" seed="1607505550" result="Passed" start-time="2026-07-26 13:36:44Z" end-time="2026-07-26 13:36:44Z" duration="0.001168" asserts="0">
              <properties />
            </test-case>
            <test-case id="1418" name="NormalCleave_OddDamageCanGiveExtraPointToLeft" fullname="SpireChess.Tests.BattleSimulatorTests.NormalCleave_OddDamageCanGiveExtraPointToLeft" methodname="NormalCleave_OddDamageCanGiveExtraPointToLeft" classname="SpireChess.Tests.BattleSimulatorTests" runstate="Runnable" seed="581816034" result="Passed" start-time="2026-07-26 13:36:44Z" end-time="2026-07-26 13:36:44Z" duration="0.003756" asserts="0">
              <properties />
            </test-case>
            <test-case id="1419" name="NormalCleave_OddDamageCanGiveExtraPointToRight" fullname="SpireChess.Tests.BattleSimulatorTests.NormalCleave_OddDamageCanGiveExtraPointToRight" methodname="NormalCleave_OddDamageCanGiveExtraPointToRight" classname="SpireChess.Tests.BattleSimulatorTests" runstate="Runnable" seed="2008762754" result="Passed" start-time="2026-07-26 13:36:44Z" end-time="2026-07-26 13:36:44Z" duration="0.001229" asserts="0">
              <properties />
            </test-case>
            <test-case id="1416" name="NoTaunt_SelectsFromAllAliveTargets" fullname="SpireChess.Tests.BattleSimulatorTests.NoTaunt_SelectsFromAllAliveTargets" methodname="NoTaunt_SelectsFromAllAliveTargets" classname="SpireChess.Tests.BattleSimulatorTests" runstate="Runnable" seed="109423869" result="Passed" start-time="2026-07-26 13:36:44Z" end-time="2026-07-26 13:36:44Z" duration="0.000632" asserts="0">
              <properties />
            </test-case>
            <test-case id="1433" name="PlaybackCapture_DoesNotChangeDeterministicBattleResult" fullname="SpireChess.Tests.BattleSimulatorTests.PlaybackCapture_DoesNotChangeDeterministicBattleResult" methodname="PlaybackCapture_DoesNotChangeDeterministicBattleResult" classname="SpireChess.Tests.BattleSimulatorTests" runstate="Runnable" seed="1169586863" result="Passed" start-time="2026-07-26 13:36:44Z" end-time="2026-07-26 13:36:44Z" duration="0.006551" asserts="0">
              <properties />
            </test-case>
            <test-case id="1434" name="PlaybackEvents_RecordShieldDamageDeathAndSummonInOrder" fullname="SpireChess.Tests.BattleSimulatorTests.PlaybackEvents_RecordShieldDamageDeathAndSummonInOrder" methodname="PlaybackEvents_RecordShieldDamageDeathAndSummonInOrder" classname="SpireChess.Tests.BattleSimulatorTests" runstate="Runnable" seed="1692092056" result="Passed" start-time="2026-07-26 13:36:44Z" end-time="2026-07-26 13:36:44Z" duration="0.005816" asserts="0">
              <properties />
            </test-case>
            <test-case id="1435" name="RuntimeInstanceId_IsStableAcrossPlaybackSnapshotsAndClones" fullname="SpireChess.Tests.BattleSimulatorTests.RuntimeInstanceId_IsStableAcrossPlaybackSnapshotsAndClones" methodname="RuntimeInstanceId_IsStableAcrossPlaybackSnapshotsAndClones" classname="SpireChess.Tests.BattleSimulatorTests" runstate="Runnable" seed="1722838435" result="Passed" start-time="2026-07-26 13:36:44Z" end-time="2026-07-26 13:36:44Z" duration="0.003098" asserts="0">
              <properties />
            </test-case>
            <test-case id="1432" name="Simulate_DoesNotCapturePresentationEvents" fullname="SpireChess.Tests.BattleSimulatorTests.Simulate_DoesNotCapturePresentationEvents" methodname="Simulate_DoesNotCapturePresentationEvents" classname="SpireChess.Tests.BattleSimulatorTests" runstate="Runnable" seed="68432700" result="Passed" start-time="2026-07-26 13:36:44Z" end-time="2026-07-26 13:36:44Z" duration="0.001298" asserts="0">
              <properties />
            </test-case>
            <test-case id="1431" name="SubjectHealth_UsesCombatMaxHealthAfterLethalDamage" fullname="SpireChess.Tests.BattleSimulatorTests.SubjectHealth_UsesCombatMaxHealthAfterLethalDamage" methodname="SubjectHealth_UsesCombatMaxHealthAfterLethalDamage" classname="SpireChess.Tests.BattleSimulatorTests" runstate="Runnable" seed="1919427536" result="Passed" start-time="2026-07-26 13:36:44Z" end-time="2026-07-26 13:36:44Z" duration="0.003607" asserts="0">
              <properties />
            </test-case>
            <test-case id="1429" name="SummonedToken_GetsNormalAttackInCurrentRound" fullname="SpireChess.Tests.BattleSimulatorTests.SummonedToken_GetsNormalAttackInCurrentRound" methodname="SummonedToken_GetsNormalAttackInCurrentRound" classname="SpireChess.Tests.BattleSimulatorTests" runstate="Runnable" seed="1616527684" result="Passed" start-time="2026-07-26 13:36:44Z" end-time="2026-07-26 13:36:44Z" duration="0.002232" asserts="0">
              <properties />
            </test-case>
            <test-case id="1427" name="SummonedToken_ImmediateAttackCreatesSeparatePlaybackStep" fullname="SpireChess.Tests.BattleSimulatorTests.SummonedToken_ImmediateAttackCreatesSeparatePlaybackStep" methodname="SummonedToken_ImmediateAttackCreatesSeparatePlaybackStep" classname="SpireChess.Tests.BattleSimulatorTests" runstate="Runnable" seed="1871153128" result="Passed" start-time="2026-07-26 13:36:44Z" end-time="2026-07-26 13:36:44Z" duration="0.001194" asserts="0">
              <properties />
            </test-case>
            <test-case id="1426" name="SummonFailure_AppliesConfiguredFallbackToNonTokenAlly" fullname="SpireChess.Tests.BattleSimulatorTests.SummonFailure_AppliesConfiguredFallbackToNonTokenAlly" methodname="SummonFailure_AppliesConfiguredFallbackToNonTokenAlly" classname="SpireChess.Tests.BattleSimulatorTests" runstate="Runnable" seed="652762386" result="Passed" start-time="2026-07-26 13:36:44Z" end-time="2026-07-26 13:36:44Z" duration="0.002142" asserts="0">
              <properties />
            </test-case>
          </test-suite>
          <test-suite type="TestSuite" id="1815" name="EditMode" fullname="SpireChess.Tests.EditMode" runstate="Runnable" testcasecount="247" result="Passed" start-time="2026-07-26 13:36:44Z" end-time="2026-07-26 13:36:48Z" duration="4.047502" total="247" passed="247" failed="0" inconclusive="0" skipped="0" asserts="0">
            <properties />
            <test-suite type="TestFixture" id="1525" name="AtomicSaveStorageTests" fullname="SpireChess.Tests.EditMode.AtomicSaveStorageTests" classname="SpireChess.Tests.EditMode.AtomicSaveStorageTests" runstate="Runnable" testcasecount="7" result="Passed" start-time="2026-07-26 13:36:44Z" end-time="2026-07-26 13:36:45Z" duration="0.698678" total="7" passed="7" failed="0" inconclusive="0" skipped="0" asserts="0">
              <properties />
              <test-case id="1527" name="CorruptMain_UsesBackupAndRepairsWithoutDestroyingGoodBackup" fullname="SpireChess.Tests.EditMode.AtomicSaveStorageTests.CorruptMain_UsesBackupAndRepairsWithoutDestroyingGoodBackup" methodname="CorruptMain_UsesBackupAndRepairsWithoutDestroyingGoodBackup" classname="SpireChess.Tests.EditMode.AtomicSaveStorageTests" runstate="Runnable" seed="1615060723" result="Passed" start-time="2026-07-26 13:36:44Z" end-time="2026-07-26 13:36:45Z" duration="0.424573" asserts="0">
                <properties />
              </test-case>
              <test-case id="1531" name="CorruptMainAndBackup_NeverStartsANewRun" fullname="SpireChess.Tests.EditMode.AtomicSaveStorageTests.CorruptMainAndBackup_NeverStartsANewRun" methodname="CorruptMainAndBackup_NeverStartsANewRun" classname="SpireChess.Tests.EditMode.AtomicSaveStorageTests" runstate="Runnable" seed="2113125647" result="Passed" start-time="2026-07-26 13:36:45Z" end-time="2026-07-26 13:36:45Z" duration="0.040781" asserts="0">
                <properties />
              </test-case>
              <test-case id="1530" name="Delete_RemovesMainBackupTemporaryAndDiagnostics" fullname="SpireChess.Tests.EditMode.AtomicSaveStorageTests.Delete_RemovesMainBackupTemporaryAndDiagnostics" methodname="Delete_RemovesMainBackupTemporaryAndDiagnostics" classname="SpireChess.Tests.EditMode.AtomicSaveStorageTests" runstate="Runnable" seed="1103045987" result="Passed" start-time="2026-07-26 13:36:45Z" end-time="2026-07-26 13:36:45Z" duration="0.030284" asserts="0">
                <properties />
              </test-case>
              <test-case id="1529" name="IncompatibleContent_IsRejectedWithoutDeletingSave" fullname="SpireChess.Tests.EditMode.AtomicSaveStorageTests.IncompatibleContent_IsRejectedWithoutDeletingSave" methodname="IncompatibleContent_IsRejectedWithoutDeletingSave" classname="SpireChess.Tests.EditMode.AtomicSaveStorageTests" runstate="Runnable" seed="1354935313" result="Passed" start-time="2026-07-26 13:36:45Z" end-time="2026-07-26 13:36:45Z" duration="0.056883" asserts="0">
                <properties />
              </test-case>
              <test-case id="1532" name="OrphanTemporaryFile_IsNotTrustedAsAFormalSave" fullname="SpireChess.Tests.EditMode.AtomicSaveStorageTests.OrphanTemporaryFile_IsNotTrustedAsAFormalSave" methodname="OrphanTemporaryFile_IsNotTrustedAsAFormalSave" classname="SpireChess.Tests.EditMode.AtomicSaveStorageTests" runstate="Runnable" seed="548618321" result="Passed" start-time="2026-07-26 13:36:45Z" end-time="2026-07-26 13:36:45Z" duration="0.030969" asserts="0">
                <properties />
              </test-case>
              <test-case id="1526" name="SaveTwice_CreatesMainAndPreviousRevisionBackup" fullname="SpireChess.Tests.EditMode.AtomicSaveStorageTests.SaveTwice_CreatesMainAndPreviousRevisionBackup" methodname="SaveTwice_CreatesMainAndPreviousRevisionBackup" classname="SpireChess.Tests.EditMode.AtomicSaveStorageTests" runstate="Runnable" seed="1472865494" result="Passed" start-time="2026-07-26 13:36:45Z" end-time="2026-07-26 13:36:45Z" duration="0.058538" asserts="0">
                <properties />
              </test-case>
              <test-case id="1528" name="TamperedPayload_IsRejectedByChecksum" fullname="SpireChess.Tests.EditMode.AtomicSaveStorageTests.TamperedPayload_IsRejectedByChecksum" methodname="TamperedPayload_IsRejectedByChecksum" classname="SpireChess.Tests.EditMode.AtomicSaveStorageTests" runstate="Runnable" seed="793810276" result="Passed" start-time="2026-07-26 13:36:45Z" end-time="2026-07-26 13:36:45Z" duration="0.054756" asserts="0">
                <properties />
              </test-case>
            </test-suite>
            <test-suite type="TestFixture" id="1533" name="BattleUiPrefabTests" fullname="SpireChess.Tests.EditMode.BattleUiPrefabTests" classname="SpireChess.Tests.EditMode.BattleUiPrefabTests" runstate="Runnable" testcasecount="22" result="Passed" start-time="2026-07-26 13:36:45Z" end-time="2026-07-26 13:36:45Z" duration="0.367800" total="22" passed="22" failed="0" inconclusive="0" skipped="0" asserts="0">
              <properties />
              <test-case id="1549" name="BattleAudioMapping_UsesStructuredEventDataOnly" fullname="SpireChess.Tests.EditMode.BattleUiPrefabTests.BattleAudioMapping_UsesStructuredEventDataOnly" methodname="BattleAudioMapping_UsesStructuredEventDataOnly" classname="SpireChess.Tests.EditMode.BattleUiPrefabTests" runstate="Runnable" seed="424521988" result="Passed" start-time="2026-07-26 13:36:45Z" end-time="2026-07-26 13:36:45Z" duration="0.061329" asserts="0">
                <properties />
              </test-case>
              <test-case id="1556" name="BattleScene_HasOneSerializedFormalRuntimePath" fullname="SpireChess.Tests.EditMode.BattleUiPrefabTests.BattleScene_HasOneSerializedFormalRuntimePath" methodname="BattleScene_HasOneSerializedFormalRuntimePath" classname="SpireChess.Tests.EditMode.BattleUiPrefabTests" runstate="Runnable" seed="2005797200" result="Passed" start-time="2026-07-26 13:36:45Z" end-time="2026-07-26 13:36:45Z" duration="0.022860" asserts="0">
                <properties />
              </test-case>
              <test-case id="1548" name="BlockedDamage_UsesDedicatedNonHealthFeedback" fullname="SpireChess.Tests.EditMode.BattleUiPrefabTests.BlockedDamage_UsesDedicatedNonHealthFeedback" methodname="BlockedDamage_UsesDedicatedNonHealthFeedback" classname="SpireChess.Tests.EditMode.BattleUiPrefabTests" runstate="Runnable" seed="1035678766" result="Passed" start-time="2026-07-26 13:36:45Z" end-time="2026-07-26 13:36:45Z" duration="0.007487" asserts="0">
                <properties />
              </test-case>
              <test-case id="1535" name="CanvasAndRows_UseFrozenLayoutContract" fullname="SpireChess.Tests.EditMode.BattleUiPrefabTests.CanvasAndRows_UseFrozenLayoutContract" methodname="CanvasAndRows_UseFrozenLayoutContract" classname="SpireChess.Tests.EditMode.BattleUiPrefabTests" runstate="Runnable" seed="644956042" result="Passed" start-time="2026-07-26 13:36:45Z" end-time="2026-07-26 13:36:45Z" duration="0.096007" asserts="0">
                <properties />
              </test-case>
              <test-suite type="ParameterizedMethod" id="1547" name="PlaybackKinds_HaveDedicatedFeedbackMappings" fullname="SpireChess.Tests.EditMode.BattleUiPrefabTests.PlaybackKinds_HaveDedicatedFeedbackMappings" classname="SpireChess.Tests.EditMode.BattleUiPrefabTests" runstate="Runnable" testcasecount="10" result="Passed" start-time="2026-07-26 13:36:45Z" end-time="2026-07-26 13:36:45Z" duration="0.058796" total="10" passed="10" failed="0" inconclusive="0" skipped="0" asserts="0">
                <properties />
                <test-case id="1537" name="PlaybackKinds_HaveDedicatedFeedbackMappings(CombatStarted,&quot;battle_start&quot;)" fullname="SpireChess.Tests.EditMode.BattleUiPrefabTests.PlaybackKinds_HaveDedicatedFeedbackMappings(CombatStarted,&quot;battle_start&quot;)" methodname="PlaybackKinds_HaveDedicatedFeedbackMappings" classname="SpireChess.Tests.EditMode.BattleUiPrefabTests" runstate="Runnable" seed="266735829" result="Passed" start-time="2026-07-26 13:36:45Z" end-time="2026-07-26 13:36:45Z" duration="0.005493" asserts="0">
                  <properties />
                </test-case>
                <test-case id="1538" name="PlaybackKinds_HaveDedicatedFeedbackMappings(RoundStarted,&quot;battle_round&quot;)" fullname="SpireChess.Tests.EditMode.BattleUiPrefabTests.PlaybackKinds_HaveDedicatedFeedbackMappings(RoundStarted,&quot;battle_round&quot;)" methodname="PlaybackKinds_HaveDedicatedFeedbackMappings" classname="SpireChess.Tests.EditMode.BattleUiPrefabTests" runstate="Runnable" seed="47086946" result="Passed" start-time="2026-07-26 13:36:45Z" end-time="2026-07-26 13:36:45Z" duration="0.004837" asserts="0">
                  <properties />
                </test-case>
                <test-case id="1539" name="PlaybackKinds_HaveDedicatedFeedbackMappings(AttackStarted,&quot;battle_attack&quot;)" fullname="SpireChess.Tests.EditMode.BattleUiPrefabTests.PlaybackKinds_HaveDedicatedFeedbackMappings(AttackStarted,&quot;battle_attack&quot;)" methodname="PlaybackKinds_HaveDedicatedFeedbackMappings" classname="SpireChess.Tests.EditMode.BattleUiPrefabTests" runstate="Runnable" seed="78575969" result="Passed" start-time="2026-07-26 13:36:45Z" end-time="2026-07-26 13:36:45Z" duration="0.005371" asserts="0">
                  <properties />
                </test-case>
                <test-case id="1540" name="PlaybackKinds_HaveDedicatedFeedbackMappings(DamageApplied,&quot;battle_damage&quot;)" fullname="SpireChess.Tests.EditMode.BattleUiPrefabTests.PlaybackKinds_HaveDedicatedFeedbackMappings(DamageApplied,&quot;battle_damage&quot;)" methodname="PlaybackKinds_HaveDedicatedFeedbackMappings" classname="SpireChess.Tests.EditMode.BattleUiPrefabTests" runstate="Runnable" seed="621145529" result="Passed" start-time="2026-07-26 13:36:45Z" end-time="2026-07-26 13:36:45Z" duration="0.004757" asserts="0">
                  <properties />
                </test-case>
                <test-case id="1541" name="PlaybackKinds_HaveDedicatedFeedbackMappings(ShieldGained,&quot;battle_shield_gain&quot;)" fullname="SpireChess.Tests.EditMode.BattleUiPrefabTests.PlaybackKinds_HaveDedicatedFeedbackMappings(ShieldGained,&quot;battle_shield_gain&quot;)" methodname="PlaybackKinds_HaveDedicatedFeedbackMappings" classname="SpireChess.Tests.EditMode.BattleUiPrefabTests" runstate="Runnable" seed="575229367" result="Passed" start-time="2026-07-26 13:36:45Z" end-time="2026-07-26 13:36:45Z" duration="0.004520" asserts="0">
                  <properties />
                </test-case>
                <test-case id="1542" name="PlaybackKinds_HaveDedicatedFeedbackMappings(ShieldLost,&quot;battle_shield_break&quot;)" fullname="SpireChess.Tests.EditMode.BattleUiPrefabTests.PlaybackKinds_HaveDedicatedFeedbackMappings(ShieldLost,&quot;battle_shield_break&quot;)" methodname="PlaybackKinds_HaveDedicatedFeedbackMappings" classname="SpireChess.Tests.EditMode.BattleUiPrefabTests" runstate="Runnable" seed="1075275497" result="Passed" start-time="2026-07-26 13:36:45Z" end-time="2026-07-26 13:36:45Z" duration="0.006413" asserts="0">
                  <properties />
                </test-case>
                <test-case id="1543" name="PlaybackKinds_HaveDedicatedFeedbackMappings(StatsChanged,&quot;battle_stats&quot;)" fullname="SpireChess.Tests.EditMode.BattleUiPrefabTests.PlaybackKinds_HaveDedicatedFeedbackMappings(StatsChanged,&quot;battle_stats&quot;)" methodname="PlaybackKinds_HaveDedicatedFeedbackMappings" classname="SpireChess.Tests.EditMode.BattleUiPrefabTests" runstate="Runnable" seed="1996203277" result="Passed" start-time="2026-07-26 13:36:45Z" end-time="2026-07-26 13:36:45Z" duration="0.004292" asserts="0">
                  <properties />
                </test-case>
                <test-case id="1544" name="PlaybackKinds_HaveDedicatedFeedbackMappings(UnitDied,&quot;battle_death&quot;)" fullname="SpireChess.Tests.EditMode.BattleUiPrefabTests.PlaybackKinds_HaveDedicatedFeedbackMappings(UnitDied,&quot;battle_death&quot;)" methodname="PlaybackKinds_HaveDedicatedFeedbackMappings" classname="SpireChess.Tests.EditMode.BattleUiPrefabTests" runstate="Runnable" seed="1750485650" result="Passed" start-time="2026-07-26 13:36:45Z" end-time="2026-07-26 13:36:45Z" duration="0.004331" asserts="0">
                  <properties />
                </test-case>
                <test-case id="1545" name="PlaybackKinds_HaveDedicatedFeedbackMappings(UnitSummoned,&quot;battle_summon&quot;)" fullname="SpireChess.Tests.EditMode.BattleUiPrefabTests.PlaybackKinds_HaveDedicatedFeedbackMappings(UnitSummoned,&quot;battle_summon&quot;)" methodname="PlaybackKinds_HaveDedicatedFeedbackMappings" classname="SpireChess.Tests.EditMode.BattleUiPrefabTests" runstate="Runnable" seed="2093879191" result="Passed" start-time="2026-07-26 13:36:45Z" end-time="2026-07-26 13:36:45Z" duration="0.005057" asserts="0">
                  <properties />
                </test-case>
                <test-case id="1546" name="PlaybackKinds_HaveDedicatedFeedbackMappings(CombatEnded,&quot;battle_end&quot;)" fullname="SpireChess.Tests.EditMode.BattleUiPrefabTests.PlaybackKinds_HaveDedicatedFeedbackMappings(CombatEnded,&quot;battle_end&quot;)" methodname="PlaybackKinds_HaveDedicatedFeedbackMappings" classname="SpireChess.Tests.EditMode.BattleUiPrefabTests" runstate="Runnable" seed="1545753155" result="Passed" start-time="2026-07-26 13:36:45Z" end-time="2026-07-26 13:36:45Z" duration="0.009653" asserts="0">
                  <properties />
                </test-case>
              </test-suite>
              <test-case id="1534" name="Prefabs_HaveStableHierarchyAndCompleteBindings" fullname="SpireChess.Tests.EditMode.BattleUiPrefabTests.Prefabs_HaveStableHierarchyAndCompleteBindings" methodname="Prefabs_HaveStableHierarchyAndCompleteBindings" classname="SpireChess.Tests.EditMode.BattleUiPrefabTests" runstate="Runnable" seed="871091080" result="Passed" start-time="2026-07-26 13:36:45Z" end-time="2026-07-26 13:36:45Z" duration="0.012932" asserts="0">
                <properties />
              </test-case>
              <test-case id="1536" name="Render_PopulatesRowsAtSlotOriginAndClearsWithoutLeaks" fullname="SpireChess.Tests.EditMode.BattleUiPrefabTests.Render_PopulatesRowsAtSlotOriginAndClearsWithoutLeaks" methodname="Render_PopulatesRowsAtSlotOriginAndClearsWithoutLeaks" classname="SpireChess.Tests.EditMode.BattleUiPrefabTests" runstate="Runnable" seed="157431681" result="Passed" start-time="2026-07-26 13:36:45Z" end-time="2026-07-26 13:36:45Z" duration="0.032635" asserts="0">
                <properties />
              </test-case>
              <test-case id="1552" name="ResultLayer_MapsVictoryDefeatAndDrawWithoutOwningInput" fullname="SpireChess.Tests.EditMode.BattleUiPrefabTests.ResultLayer_MapsVictoryDefeatAndDrawWithoutOwningInput" methodname="ResultLayer_MapsVictoryDefeatAndDrawWithoutOwningInput" classname="SpireChess.Tests.EditMode.BattleUiPrefabTests" runstate="Runnable" seed="1288074435" result="Passed" start-time="2026-07-26 13:36:45Z" end-time="2026-07-26 13:36:45Z" duration="0.021084" asserts="0">
                <properties />
              </test-case>
              <test-case id="1551" name="SnapAndClear_RestoresInterruptedStandeeAndResultState" fullname="SpireChess.Tests.EditMode.BattleUiPrefabTests.SnapAndClear_RestoresInterruptedStandeeAndResultState" methodname="SnapAndClear_RestoresInterruptedStandeeAndResultState" classname="SpireChess.Tests.EditMode.BattleUiPrefabTests" runstate="Runnable" seed="716401404" result="Passed" start-time="2026-07-26 13:36:45Z" end-time="2026-07-26 13:36:45Z" duration="0.010648" asserts="0">
                <properties />
              </test-case>
              <test-case id="1554" name="Standee_RendersFourKeywordsTargetStateAndSharedDetail" fullname="SpireChess.Tests.EditMode.BattleUiPrefabTests.Standee_RendersFourKeywordsTargetStateAndSharedDetail" methodname="Standee_RendersFourKeywordsTargetStateAndSharedDetail" classname="SpireChess.Tests.EditMode.BattleUiPrefabTests" runstate="Runnable" seed="411312127" result="Passed" start-time="2026-07-26 13:36:45Z" end-time="2026-07-26 13:36:45Z" duration="0.018952" asserts="0">
                <properties />
              </test-case>
              <test-case id="1555" name="StandeeDetail_PreservesArtworkFallbackResolution" fullname="SpireChess.Tests.EditMode.BattleUiPrefabTests.StandeeDetail_PreservesArtworkFallbackResolution" methodname="StandeeDetail_PreservesArtworkFallbackResolution" classname="SpireChess.Tests.EditMode.BattleUiPrefabTests" runstate="Runnable" seed="1990172535" result="Passed" start-time="2026-07-26 13:36:45Z" end-time="2026-07-26 13:36:45Z" duration="0.008890" asserts="0">
                <properties />
                <output><![CDATA[Presentation artwork 'missing_detail_art' is missing. Fallback: 'placeholder_card_forge_soul_shield_squire'.
]]></output>
              </test-case>
              <test-case id="1553" name="TwoTimesPlayback_OnlyHalvesPresentationDuration" fullname="SpireChess.Tests.EditMode.BattleUiPrefabTests.TwoTimesPlayback_OnlyHalvesPresentationDuration" methodname="TwoTimesPlayback_OnlyHalvesPresentationDuration" classname="SpireChess.Tests.EditMode.BattleUiPrefabTests" runstate="Runnable" seed="1923440748" result="Passed" start-time="2026-07-26 13:36:45Z" end-time="2026-07-26 13:36:45Z" duration="0.003987" asserts="0">
                <properties />
              </test-case>
              <test-case id="1550" name="VfxLayer_UsesFinitePoolAndNeverBlocksInput" fullname="SpireChess.Tests.EditMode.BattleUiPrefabTests.VfxLayer_UsesFinitePoolAndNeverBlocksInput" methodname="VfxLayer_UsesFinitePoolAndNeverBlocksInput" classname="SpireChess.Tests.EditMode.BattleUiPrefabTests" runstate="Runnable" seed="730592437" result="Passed" start-time="2026-07-26 13:36:45Z" end-time="2026-07-26 13:36:45Z" duration="0.006984" asserts="0">
                <properties />
              </test-case>
            </test-suite>
            <test-suite type="TestFixture" id="1557" name="CardViewLayoutTests" fullname="SpireChess.Tests.EditMode.CardViewLayoutTests" classname="SpireChess.Tests.EditMode.CardViewLayoutTests" runstate="Runnable" testcasecount="6" result="Passed" start-time="2026-07-26 13:36:45Z" end-time="2026-07-26 13:36:45Z" duration="0.046926" total="6" passed="6" failed="0" inconclusive="0" skipped="0" asserts="0">
              <properties />
              <test-case id="1560" name="FullAndCompact_UseExactFrozenGeometryWithoutDrift" fullname="SpireChess.Tests.EditMode.CardViewLayoutTests.FullAndCompact_UseExactFrozenGeometryWithoutDrift" methodname="FullAndCompact_UseExactFrozenGeometryWithoutDrift" classname="SpireChess.Tests.EditMode.CardViewLayoutTests" runstate="Runnable" seed="241295118" result="Passed" start-time="2026-07-26 13:36:45Z" end-time="2026-07-26 13:36:45Z" duration="0.010910" asserts="0">
                <properties />
              </test-case>
              <test-case id="1558" name="Prefab_HasStableHierarchyAndCompleteBindings" fullname="SpireChess.Tests.EditMode.CardViewLayoutTests.Prefab_HasStableHierarchyAndCompleteBindings" methodname="Prefab_HasStableHierarchyAndCompleteBindings" classname="SpireChess.Tests.EditMode.CardViewLayoutTests" runstate="Runnable" seed="2145251413" result="Passed" start-time="2026-07-26 13:36:45Z" end-time="2026-07-26 13:36:45Z" duration="0.002204" asserts="0">
                <properties />
              </test-case>
              <test-case id="1564" name="RaycastAndTextSettings_PreserveRootInputOwnership" fullname="SpireChess.Tests.EditMode.CardViewLayoutTests.RaycastAndTextSettings_PreserveRootInputOwnership" methodname="RaycastAndTextSettings_PreserveRootInputOwnership" classname="SpireChess.Tests.EditMode.CardViewLayoutTests" runstate="Runnable" seed="1378482153" result="Passed" start-time="2026-07-26 13:36:45Z" end-time="2026-07-26 13:36:45Z" duration="0.002196" asserts="0">
                <properties />
              </test-case>
              <test-case id="1559" name="ShopUiPreview_DoesNotSerializeGoldenIdentityText" fullname="SpireChess.Tests.EditMode.CardViewLayoutTests.ShopUiPreview_DoesNotSerializeGoldenIdentityText" methodname="ShopUiPreview_DoesNotSerializeGoldenIdentityText" classname="SpireChess.Tests.EditMode.CardViewLayoutTests" runstate="Runnable" seed="621798993" result="Passed" start-time="2026-07-26 13:36:45Z" end-time="2026-07-26 13:36:45Z" duration="0.025343" asserts="0">
                <properties />
              </test-case>
              <test-suite type="ParameterizedMethod" id="1563" name="TypeLine_StaysInsideTheFrameSafeOpening" fullname="SpireChess.Tests.EditMode.CardViewLayoutTests.TypeLine_StaysInsideTheFrameSafeOpening" classname="SpireChess.Tests.EditMode.CardViewLayoutTests" runstate="Runnable" testcasecount="2" result="Passed" start-time="2026-07-26 13:36:45Z" end-time="2026-07-26 13:36:45Z" duration="0.004247" total="2" passed="2" failed="0" inconclusive="0" skipped="0" asserts="0">
                <properties />
                <test-case id="1561" name="TypeLine_StaysInsideTheFrameSafeOpening(Full,30.0f,232.0f,210.0f,256.0f)" fullname="SpireChess.Tests.EditMode.CardViewLayoutTests.TypeLine_StaysInsideTheFrameSafeOpening(Full,30.0f,232.0f,210.0f,256.0f)" methodname="TypeLine_StaysInsideTheFrameSafeOpening" classname="SpireChess.Tests.EditMode.CardViewLayoutTests" runstate="Runnable" seed="1931149085" result="Passed" start-time="2026-07-26 13:36:45Z" end-time="2026-07-26 13:36:45Z" duration="0.002049" asserts="0">
                  <properties />
                </test-case>
                <test-case id="1562" name="TypeLine_StaysInsideTheFrameSafeOpening(Compact,20.0f,152.0f,140.0f,171.0f)" fullname="SpireChess.Tests.EditMode.CardViewLayoutTests.TypeLine_StaysInsideTheFrameSafeOpening(Compact,20.0f,152.0f,140.0f,171.0f)" methodname="TypeLine_StaysInsideTheFrameSafeOpening" classname="SpireChess.Tests.EditMode.CardViewLayoutTests" runstate="Runnable" seed="1839797381" result="Passed" start-time="2026-07-26 13:36:45Z" end-time="2026-07-26 13:36:45Z" duration="0.001407" asserts="0">
                  <properties />
                </test-case>
              </test-suite>
            </test-suite>
            <test-suite type="TestFixture" id="1565" name="CardViewModelFactoryTests" fullname="SpireChess.Tests.EditMode.CardViewModelFactoryTests" classname="SpireChess.Tests.EditMode.CardViewModelFactoryTests" runstate="Runnable" testcasecount="8" result="Passed" start-time="2026-07-26 13:36:45Z" end-time="2026-07-26 13:36:45Z" duration="0.038530" total="8" passed="8" failed="0" inconclusive="0" skipped="0" asserts="0">
              <properties />
              <test-case id="1573" name="Factory_RejectsNullInputs" fullname="SpireChess.Tests.EditMode.CardViewModelFactoryTests.Factory_RejectsNullInputs" methodname="Factory_RejectsNullInputs" classname="SpireChess.Tests.EditMode.CardViewModelFactoryTests" runstate="Runnable" seed="364287421" result="Passed" start-time="2026-07-26 13:36:45Z" end-time="2026-07-26 13:36:45Z" duration="0.001641" asserts="0">
                <properties />
              </test-case>
              <test-case id="1566" name="MinionOffer_UsesFullNormalLayoutAndEconomyCost" fullname="SpireChess.Tests.EditMode.CardViewModelFactoryTests.MinionOffer_UsesFullNormalLayoutAndEconomyCost" methodname="MinionOffer_UsesFullNormalLayoutAndEconomyCost" classname="SpireChess.Tests.EditMode.CardViewModelFactoryTests" runstate="Runnable" seed="1941464428" result="Passed" start-time="2026-07-26 13:36:45Z" end-time="2026-07-26 13:36:45Z" duration="0.001661" asserts="0">
                <properties />
              </test-case>
              <test-case id="1569" name="OwnedGoldenMinion_MapsGrowthAndBothShieldStates" fullname="SpireChess.Tests.EditMode.CardViewModelFactoryTests.OwnedGoldenMinion_MapsGrowthAndBothShieldStates" methodname="OwnedGoldenMinion_MapsGrowthAndBothShieldStates" classname="SpireChess.Tests.EditMode.CardViewModelFactoryTests" runstate="Runnable" seed="780380969" result="Passed" start-time="2026-07-26 13:36:45Z" end-time="2026-07-26 13:36:45Z" duration="0.009290" asserts="0">
                <properties />
              </test-case>
              <test-case id="1571" name="OwnedTemporarySpell_UsesCompactSpellVariant" fullname="SpireChess.Tests.EditMode.CardViewModelFactoryTests.OwnedTemporarySpell_UsesCompactSpellVariant" methodname="OwnedTemporarySpell_UsesCompactSpellVariant" classname="SpireChess.Tests.EditMode.CardViewModelFactoryTests" runstate="Runnable" seed="464246643" result="Passed" start-time="2026-07-26 13:36:45Z" end-time="2026-07-26 13:36:45Z" duration="0.000943" asserts="0">
                <properties />
              </test-case>
              <test-case id="1570" name="OwnedToken_PreservesTokenIdentity" fullname="SpireChess.Tests.EditMode.CardViewModelFactoryTests.OwnedToken_PreservesTokenIdentity" methodname="OwnedToken_PreservesTokenIdentity" classname="SpireChess.Tests.EditMode.CardViewModelFactoryTests" runstate="Runnable" seed="591267139" result="Passed" start-time="2026-07-26 13:36:45Z" end-time="2026-07-26 13:36:45Z" duration="0.000335" asserts="0">
                <properties />
              </test-case>
              <test-case id="1572" name="ReleasedContent_AllTagsAndKeywordsHavePlayerFacingLabels" fullname="SpireChess.Tests.EditMode.CardViewModelFactoryTests.ReleasedContent_AllTagsAndKeywordsHavePlayerFacingLabels" methodname="ReleasedContent_AllTagsAndKeywordsHavePlayerFacingLabels" classname="SpireChess.Tests.EditMode.CardViewModelFactoryTests" runstate="Runnable" seed="1268034655" result="Passed" start-time="2026-07-26 13:36:45Z" end-time="2026-07-26 13:36:45Z" duration="0.022285" asserts="0">
                <properties />
              </test-case>
              <test-case id="1567" name="SpellOffer_UsesFullSpellVariantAndFixedEconomyCost" fullname="SpireChess.Tests.EditMode.CardViewModelFactoryTests.SpellOffer_UsesFullSpellVariantAndFixedEconomyCost" methodname="SpellOffer_UsesFullSpellVariantAndFixedEconomyCost" classname="SpireChess.Tests.EditMode.CardViewModelFactoryTests" runstate="Runnable" seed="909197850" result="Passed" start-time="2026-07-26 13:36:45Z" end-time="2026-07-26 13:36:45Z" duration="0.000743" asserts="0">
                <properties />
              </test-case>
              <test-case id="1568" name="TokenOffer_MapsTokenIdentityAndSuppressesCost" fullname="SpireChess.Tests.EditMode.CardViewModelFactoryTests.TokenOffer_MapsTokenIdentityAndSuppressesCost" methodname="TokenOffer_MapsTokenIdentityAndSuppressesCost" classname="SpireChess.Tests.EditMode.CardViewModelFactoryTests" runstate="Runnable" seed="2120938600" result="Passed" start-time="2026-07-26 13:36:45Z" end-time="2026-07-26 13:36:45Z" duration="0.000287" asserts="0">
                <properties />
              </test-case>
            </test-suite>
            <test-suite type="TestFixture" id="1574" name="CardViewRenderTests" fullname="SpireChess.Tests.EditMode.CardViewRenderTests" classname="SpireChess.Tests.EditMode.CardViewRenderTests" runstate="Runnable" testcasecount="22" result="Passed" start-time="2026-07-26 13:36:45Z" end-time="2026-07-26 13:36:46Z" duration="0.113655" total="22" passed="22" failed="0" inconclusive="0" skipped="0" asserts="0">
              <properties />
              <test-case id="1591" name="BattleCardStats_FitLargeValuesAndRestoreBaseFontSize" fullname="SpireChess.Tests.EditMode.CardViewRenderTests.BattleCardStats_FitLargeValuesAndRestoreBaseFontSize" methodname="BattleCardStats_FitLargeValuesAndRestoreBaseFontSize" classname="SpireChess.Tests.EditMode.CardViewRenderTests" runstate="Runnable" seed="1692755358" result="Passed" start-time="2026-07-26 13:36:45Z" end-time="2026-07-26 13:36:45Z" duration="0.003348" asserts="0">
                <properties />
              </test-case>
              <test-case id="1593" name="ClassificationLabelsStayHiddenWhileProgressUsesFrozenRects" fullname="SpireChess.Tests.EditMode.CardViewRenderTests.ClassificationLabelsStayHiddenWhileProgressUsesFrozenRects" methodname="ClassificationLabelsStayHiddenWhileProgressUsesFrozenRects" classname="SpireChess.Tests.EditMode.CardViewRenderTests" runstate="Runnable" seed="1875157207" result="Passed" start-time="2026-07-26 13:36:45Z" end-time="2026-07-26 13:36:45Z" duration="0.003280" asserts="0">
                <properties />
              </test-case>
              <test-case id="1599" name="CompactLongDescription_EllipsizesAtUnicodeTextElementBoundary" fullname="SpireChess.Tests.EditMode.CardViewRenderTests.CompactLongDescription_EllipsizesAtUnicodeTextElementBoundary" methodname="CompactLongDescription_EllipsizesAtUnicodeTextElementBoundary" classname="SpireChess.Tests.EditMode.CardViewRenderTests" runstate="Runnable" seed="892787817" result="Passed" start-time="2026-07-26 13:36:45Z" end-time="2026-07-26 13:36:45Z" duration="0.005601" asserts="0">
                <properties />
              </test-case>
              <test-case id="1577" name="CompactOwnedGoldenMinion_UsesFrameAndNameColorWithoutGoldenText" fullname="SpireChess.Tests.EditMode.CardViewRenderTests.CompactOwnedGoldenMinion_UsesFrameAndNameColorWithoutGoldenText" methodname="CompactOwnedGoldenMinion_UsesFrameAndNameColorWithoutGoldenText" classname="SpireChess.Tests.EditMode.CardViewRenderTests" runstate="Runnable" seed="936696012" result="Passed" start-time="2026-07-26 13:36:45Z" end-time="2026-07-26 13:36:45Z" duration="0.004468" asserts="0">
                <properties />
              </test-case>
              <test-case id="1596" name="EffectlessToken_UsesAuthoredDescription" fullname="SpireChess.Tests.EditMode.CardViewRenderTests.EffectlessToken_UsesAuthoredDescription" methodname="EffectlessToken_UsesAuthoredDescription" classname="SpireChess.Tests.EditMode.CardViewRenderTests" runstate="Runnable" seed="2015944670" result="Passed" start-time="2026-07-26 13:36:45Z" end-time="2026-07-26 13:36:45Z" duration="0.022633" asserts="0">
                <properties />
              </test-case>
              <test-case id="1595" name="Feedback_FormatsStatDeltaPulsesShieldAndResetsOnRender" fullname="SpireChess.Tests.EditMode.CardViewRenderTests.Feedback_FormatsStatDeltaPulsesShieldAndResetsOnRender" methodname="Feedback_FormatsStatDeltaPulsesShieldAndResetsOnRender" classname="SpireChess.Tests.EditMode.CardViewRenderTests" runstate="Runnable" seed="1282614573" result="Passed" start-time="2026-07-26 13:36:45Z" end-time="2026-07-26 13:36:45Z" duration="0.002784" asserts="0">
                <properties />
              </test-case>
              <test-suite type="ParameterizedMethod" id="1590" name="FourDigitStats_FitSlotsAndRestoreBaseFontSize" fullname="SpireChess.Tests.EditMode.CardViewRenderTests.FourDigitStats_FitSlotsAndRestoreBaseFontSize" classname="SpireChess.Tests.EditMode.CardViewRenderTests" runstate="Runnable" testcasecount="2" result="Passed" start-time="2026-07-26 13:36:45Z" end-time="2026-07-26 13:36:45Z" duration="0.005623" total="2" passed="2" failed="0" inconclusive="0" skipped="0" asserts="0">
                <properties />
                <test-case id="1588" name="FourDigitStats_FitSlotsAndRestoreBaseFontSize(Full,22)" fullname="SpireChess.Tests.EditMode.CardViewRenderTests.FourDigitStats_FitSlotsAndRestoreBaseFontSize(Full,22)" methodname="FourDigitStats_FitSlotsAndRestoreBaseFontSize" classname="SpireChess.Tests.EditMode.CardViewRenderTests" runstate="Runnable" seed="532174245" result="Passed" start-time="2026-07-26 13:36:45Z" end-time="2026-07-26 13:36:45Z" duration="0.003007" asserts="0">
                  <properties />
                </test-case>
                <test-case id="1589" name="FourDigitStats_FitSlotsAndRestoreBaseFontSize(Compact,16)" fullname="SpireChess.Tests.EditMode.CardViewRenderTests.FourDigitStats_FitSlotsAndRestoreBaseFontSize(Compact,16)" methodname="FourDigitStats_FitSlotsAndRestoreBaseFontSize" classname="SpireChess.Tests.EditMode.CardViewRenderTests" runstate="Runnable" seed="1670043044" result="Passed" start-time="2026-07-26 13:36:45Z" end-time="2026-07-26 13:36:45Z" duration="0.002050" asserts="0">
                  <properties />
                </test-case>
              </test-suite>
              <test-case id="1576" name="FourVariants_ReRenderWithoutStateLeakage" fullname="SpireChess.Tests.EditMode.CardViewRenderTests.FourVariants_ReRenderWithoutStateLeakage" methodname="FourVariants_ReRenderWithoutStateLeakage" classname="SpireChess.Tests.EditMode.CardViewRenderTests" runstate="Runnable" seed="1698920436" result="Passed" start-time="2026-07-26 13:36:45Z" end-time="2026-07-26 13:36:45Z" duration="0.004823" asserts="0">
                <properties />
              </test-case>
              <test-case id="1597" name="FullMode_UsesActualFontAndPreservesCurrentLongestDescriptions" fullname="SpireChess.Tests.EditMode.CardViewRenderTests.FullMode_UsesActualFontAndPreservesCurrentLongestDescriptions" methodname="FullMode_UsesActualFontAndPreservesCurrentLongestDescriptions" classname="SpireChess.Tests.EditMode.CardViewRenderTests" runstate="Runnable" seed="1656140890" result="Passed" start-time="2026-07-26 13:36:45Z" end-time="2026-07-26 13:36:45Z" duration="0.028884" asserts="0">
                <properties />
              </test-case>
              <test-case id="1586" name="FurnaceKing_NormalGoldenSwitchKeepsArtworkAndChangesFrameSprite" fullname="SpireChess.Tests.EditMode.CardViewRenderTests.FurnaceKing_NormalGoldenSwitchKeepsArtworkAndChangesFrameSprite" methodname="FurnaceKing_NormalGoldenSwitchKeepsArtworkAndChangesFrameSprite" classname="SpireChess.Tests.EditMode.CardViewRenderTests" runstate="Runnable" seed="1330908934" result="Passed" start-time="2026-07-26 13:36:45Z" end-time="2026-07-26 13:36:45Z" duration="0.004160" asserts="0">
                <properties />
              </test-case>
              <test-case id="1592" name="LegacyBattleCardView_GoldenMinionDoesNotPrefixName" fullname="SpireChess.Tests.EditMode.CardViewRenderTests.LegacyBattleCardView_GoldenMinionDoesNotPrefixName" methodname="LegacyBattleCardView_GoldenMinionDoesNotPrefixName" classname="SpireChess.Tests.EditMode.CardViewRenderTests" runstate="Runnable" seed="1600904124" result="Passed" start-time="2026-07-26 13:36:45Z" end-time="2026-07-26 13:36:45Z" duration="0.001542" asserts="0">
                <properties />
              </test-case>
              <test-case id="1578" name="MinionTokenSpellAndGolden_UseDistinctTypeFooterAndFrameTint" fullname="SpireChess.Tests.EditMode.CardViewRenderTests.MinionTokenSpellAndGolden_UseDistinctTypeFooterAndFrameTint" methodname="MinionTokenSpellAndGolden_UseDistinctTypeFooterAndFrameTint" classname="SpireChess.Tests.EditMode.CardViewRenderTests" runstate="Runnable" seed="2122800887" result="Passed" start-time="2026-07-26 13:36:45Z" end-time="2026-07-26 13:36:45Z" duration="0.002714" asserts="0">
                <properties />
              </test-case>
              <test-case id="1587" name="NumericComponents_UseCatalogSpritesAndBareTierNumber" fullname="SpireChess.Tests.EditMode.CardViewRenderTests.NumericComponents_UseCatalogSpritesAndBareTierNumber" methodname="NumericComponents_UseCatalogSpritesAndBareTierNumber" classname="SpireChess.Tests.EditMode.CardViewRenderTests" runstate="Runnable" seed="46010154" result="Passed" start-time="2026-07-26 13:36:45Z" end-time="2026-07-26 13:36:45Z" duration="0.002170" asserts="0">
                <properties />
              </test-case>
              <test-case id="1575" name="Render_NullModelFailsExplicitly" fullname="SpireChess.Tests.EditMode.CardViewRenderTests.Render_NullModelFailsExplicitly" methodname="Render_NullModelFailsExplicitly" classname="SpireChess.Tests.EditMode.CardViewRenderTests" runstate="Runnable" seed="1694619476" result="Passed" start-time="2026-07-26 13:36:45Z" end-time="2026-07-26 13:36:45Z" duration="0.001167" asserts="0">
                <properties />
              </test-case>
              <test-case id="1598" name="ScaledCanvas_EllipsizesInLogicalUiUnits" fullname="SpireChess.Tests.EditMode.CardViewRenderTests.ScaledCanvas_EllipsizesInLogicalUiUnits" methodname="ScaledCanvas_EllipsizesInLogicalUiUnits" classname="SpireChess.Tests.EditMode.CardViewRenderTests" runstate="Runnable" seed="2066794298" result="Passed" start-time="2026-07-26 13:36:45Z" end-time="2026-07-26 13:36:45Z" duration="0.003310" asserts="0">
                <properties />
              </test-case>
              <test-case id="1582" name="ShieldOverlay_DistinguishesPersistentAndNextCombatShield" fullname="SpireChess.Tests.EditMode.CardViewRenderTests.ShieldOverlay_DistinguishesPersistentAndNextCombatShield" methodname="ShieldOverlay_DistinguishesPersistentAndNextCombatShield" classname="SpireChess.Tests.EditMode.CardViewRenderTests" runstate="Runnable" seed="187088730" result="Passed" start-time="2026-07-26 13:36:45Z" end-time="2026-07-26 13:36:45Z" duration="0.002224" asserts="0">
                <properties />
              </test-case>
              <test-suite type="ParameterizedMethod" id="1585" name="StateBadges_OnlyVisibleItemsShareTheWholeRow" fullname="SpireChess.Tests.EditMode.CardViewRenderTests.StateBadges_OnlyVisibleItemsShareTheWholeRow" classname="SpireChess.Tests.EditMode.CardViewRenderTests" runstate="Runnable" testcasecount="2" result="Passed" start-time="2026-07-26 13:36:45Z" end-time="2026-07-26 13:36:45Z" duration="0.005142" total="2" passed="2" failed="0" inconclusive="0" skipped="0" asserts="0">
                <properties />
                <test-case id="1583" name="StateBadges_OnlyVisibleItemsShareTheWholeRow(Full,152.0f,22.0f)" fullname="SpireChess.Tests.EditMode.CardViewRenderTests.StateBadges_OnlyVisibleItemsShareTheWholeRow(Full,152.0f,22.0f)" methodname="StateBadges_OnlyVisibleItemsShareTheWholeRow" classname="SpireChess.Tests.EditMode.CardViewRenderTests" runstate="Runnable" seed="513175352" result="Passed" start-time="2026-07-26 13:36:45Z" end-time="2026-07-26 13:36:45Z" duration="0.002426" asserts="0">
                  <properties />
                </test-case>
                <test-case id="1584" name="StateBadges_OnlyVisibleItemsShareTheWholeRow(Compact,104.0f,18.0f)" fullname="SpireChess.Tests.EditMode.CardViewRenderTests.StateBadges_OnlyVisibleItemsShareTheWholeRow(Compact,104.0f,18.0f)" methodname="StateBadges_OnlyVisibleItemsShareTheWholeRow" classname="SpireChess.Tests.EditMode.CardViewRenderTests" runstate="Runnable" seed="1401013570" result="Passed" start-time="2026-07-26 13:36:45Z" end-time="2026-07-26 13:36:45Z" duration="0.001768" asserts="0">
                  <properties />
                </test-case>
              </test-suite>
              <test-case id="1594" name="StatePriority_DisabledCardSuppressesTargetAndGrowthFeedback" fullname="SpireChess.Tests.EditMode.CardViewRenderTests.StatePriority_DisabledCardSuppressesTargetAndGrowthFeedback" methodname="StatePriority_DisabledCardSuppressesTargetAndGrowthFeedback" classname="SpireChess.Tests.EditMode.CardViewRenderTests" runstate="Runnable" seed="1582391131" result="Passed" start-time="2026-07-26 13:36:45Z" end-time="2026-07-26 13:36:46Z" duration="0.002303" asserts="0">
                <properties />
              </test-case>
              <test-suite type="ParameterizedMethod" id="1581" name="TypeLine_UsesReadableFontInsideItsSingleLineArea" fullname="SpireChess.Tests.EditMode.CardViewRenderTests.TypeLine_UsesReadableFontInsideItsSingleLineArea" classname="SpireChess.Tests.EditMode.CardViewRenderTests" runstate="Runnable" testcasecount="2" result="Passed" start-time="2026-07-26 13:36:46Z" end-time="2026-07-26 13:36:46Z" duration="0.005019" total="2" passed="2" failed="0" inconclusive="0" skipped="0" asserts="0">
                <properties />
                <test-case id="1579" name="TypeLine_UsesReadableFontInsideItsSingleLineArea(Full,16)" fullname="SpireChess.Tests.EditMode.CardViewRenderTests.TypeLine_UsesReadableFontInsideItsSingleLineArea(Full,16)" methodname="TypeLine_UsesReadableFontInsideItsSingleLineArea" classname="SpireChess.Tests.EditMode.CardViewRenderTests" runstate="Runnable" seed="1686850501" result="Passed" start-time="2026-07-26 13:36:46Z" end-time="2026-07-26 13:36:46Z" duration="0.002456" asserts="0">
                  <properties />
                </test-case>
                <test-case id="1580" name="TypeLine_UsesReadableFontInsideItsSingleLineArea(Compact,13)" fullname="SpireChess.Tests.EditMode.CardViewRenderTests.TypeLine_UsesReadableFontInsideItsSingleLineArea(Compact,13)" methodname="TypeLine_UsesReadableFontInsideItsSingleLineArea" classname="SpireChess.Tests.EditMode.CardViewRenderTests" runstate="Runnable" seed="508711249" result="Passed" start-time="2026-07-26 13:36:46Z" end-time="2026-07-26 13:36:46Z" duration="0.001963" asserts="0">
                  <properties />
                </test-case>
              </test-suite>
            </test-suite>
            <test-suite type="TestFixture" id="1600" name="ConfigIdentityTests" fullname="SpireChess.Tests.EditMode.ConfigIdentityTests" classname="SpireChess.Tests.EditMode.ConfigIdentityTests" runstate="Runnable" testcasecount="2" result="Passed" start-time="2026-07-26 13:36:46Z" end-time="2026-07-26 13:36:46Z" duration="0.022094" total="2" passed="2" failed="0" inconclusive="0" skipped="0" asserts="0">
              <properties />
              <test-case id="1602" name="CanonicalJsonHash_IgnoresObjectPropertyOrder" fullname="SpireChess.Tests.EditMode.ConfigIdentityTests.CanonicalJsonHash_IgnoresObjectPropertyOrder" methodname="CanonicalJsonHash_IgnoresObjectPropertyOrder" classname="SpireChess.Tests.EditMode.ConfigIdentityTests" runstate="Runnable" seed="838665478" result="Passed" start-time="2026-07-26 13:36:46Z" end-time="2026-07-26 13:36:46Z" duration="0.000306" asserts="0">
                <properties />
              </test-case>
              <test-case id="1601" name="LoadFromResources_ExposesFrozenFullConfigIdentity" fullname="SpireChess.Tests.EditMode.ConfigIdentityTests.LoadFromResources_ExposesFrozenFullConfigIdentity" methodname="LoadFromResources_ExposesFrozenFullConfigIdentity" classname="SpireChess.Tests.EditMode.ConfigIdentityTests" runstate="Runnable" seed="33199353" result="Passed" start-time="2026-07-26 13:36:46Z" end-time="2026-07-26 13:36:46Z" duration="0.021025" asserts="0">
                <properties />
              </test-case>
            </test-suite>
            <test-suite type="TestFixture" id="1603" name="MainMenuUiPrefabTests" fullname="SpireChess.Tests.EditMode.MainMenuUiPrefabTests" classname="SpireChess.Tests.EditMode.MainMenuUiPrefabTests" runstate="Runnable" testcasecount="8" result="Passed" start-time="2026-07-26 13:36:46Z" end-time="2026-07-26 13:36:46Z" duration="0.026554" total="8" passed="8" failed="0" inconclusive="0" skipped="0" asserts="0">
              <properties />
              <test-case id="1605" name="ConfirmationDialog_IsAlsoPublishedAsReusablePrefab" fullname="SpireChess.Tests.EditMode.MainMenuUiPrefabTests.ConfirmationDialog_IsAlsoPublishedAsReusablePrefab" methodname="ConfirmationDialog_IsAlsoPublishedAsReusablePrefab" classname="SpireChess.Tests.EditMode.MainMenuUiPrefabTests" runstate="Runnable" seed="1378107506" result="Passed" start-time="2026-07-26 13:36:46Z" end-time="2026-07-26 13:36:46Z" duration="0.001089" asserts="0">
                <properties />
              </test-case>
              <test-case id="1610" name="ContinueSummary_UsesLocalizedLabelsForEveryRunPhase" fullname="SpireChess.Tests.EditMode.MainMenuUiPrefabTests.ContinueSummary_UsesLocalizedLabelsForEveryRunPhase" methodname="ContinueSummary_UsesLocalizedLabelsForEveryRunPhase" classname="SpireChess.Tests.EditMode.MainMenuUiPrefabTests" runstate="Runnable" seed="490379767" result="Passed" start-time="2026-07-26 13:36:46Z" end-time="2026-07-26 13:36:46Z" duration="0.002036" asserts="0">
                <properties />
              </test-case>
              <test-case id="1604" name="FormalMainMenuPrefab_HasRequiredActionsAndConfirmationDialog" fullname="SpireChess.Tests.EditMode.MainMenuUiPrefabTests.FormalMainMenuPrefab_HasRequiredActionsAndConfirmationDialog" methodname="FormalMainMenuPrefab_HasRequiredActionsAndConfirmationDialog" classname="SpireChess.Tests.EditMode.MainMenuUiPrefabTests" runstate="Runnable" seed="554879888" result="Passed" start-time="2026-07-26 13:36:46Z" end-time="2026-07-26 13:36:46Z" duration="0.004841" asserts="0">
                <properties />
              </test-case>
              <test-case id="1611" name="MainMenuAndAudioSettings_CopyHasNonCollapsingTextGeometry" fullname="SpireChess.Tests.EditMode.MainMenuUiPrefabTests.MainMenuAndAudioSettings_CopyHasNonCollapsingTextGeometry" methodname="MainMenuAndAudioSettings_CopyHasNonCollapsingTextGeometry" classname="SpireChess.Tests.EditMode.MainMenuUiPrefabTests" runstate="Runnable" seed="1607889907" result="Passed" start-time="2026-07-26 13:36:46Z" end-time="2026-07-26 13:36:46Z" duration="0.000562" asserts="0">
                <properties />
              </test-case>
              <test-case id="1612" name="MainMenuScene_HasDedicatedClearCameraAndOverlayCanvas" fullname="SpireChess.Tests.EditMode.MainMenuUiPrefabTests.MainMenuScene_HasDedicatedClearCameraAndOverlayCanvas" methodname="MainMenuScene_HasDedicatedClearCameraAndOverlayCanvas" classname="SpireChess.Tests.EditMode.MainMenuUiPrefabTests" runstate="Runnable" seed="1737144677" result="Passed" start-time="2026-07-26 13:36:46Z" end-time="2026-07-26 13:36:46Z" duration="0.006501" asserts="0">
                <properties />
              </test-case>
              <test-suite type="ParameterizedMethod" id="1609" name="Render_DeleteActionMatchesSavePresence" fullname="SpireChess.Tests.EditMode.MainMenuUiPrefabTests.Render_DeleteActionMatchesSavePresence" classname="SpireChess.Tests.EditMode.MainMenuUiPrefabTests" runstate="Runnable" testcasecount="3" result="Passed" start-time="2026-07-26 13:36:46Z" end-time="2026-07-26 13:36:46Z" duration="0.010419" total="3" passed="3" failed="0" inconclusive="0" skipped="0" asserts="0">
                <properties />
                <test-case id="1606" name="Render_DeleteActionMatchesSavePresence(Missing,False)" fullname="SpireChess.Tests.EditMode.MainMenuUiPrefabTests.Render_DeleteActionMatchesSavePresence(Missing,False)" methodname="Render_DeleteActionMatchesSavePresence" classname="SpireChess.Tests.EditMode.MainMenuUiPrefabTests" runstate="Runnable" seed="2044786207" result="Passed" start-time="2026-07-26 13:36:46Z" end-time="2026-07-26 13:36:46Z" duration="0.004637" asserts="0">
                  <properties />
                </test-case>
                <test-case id="1607" name="Render_DeleteActionMatchesSavePresence(Valid,True)" fullname="SpireChess.Tests.EditMode.MainMenuUiPrefabTests.Render_DeleteActionMatchesSavePresence(Valid,True)" methodname="Render_DeleteActionMatchesSavePresence" classname="SpireChess.Tests.EditMode.MainMenuUiPrefabTests" runstate="Runnable" seed="2019010716" result="Passed" start-time="2026-07-26 13:36:46Z" end-time="2026-07-26 13:36:46Z" duration="0.002467" asserts="0">
                  <properties />
                </test-case>
                <test-case id="1608" name="Render_DeleteActionMatchesSavePresence(CorruptJson,True)" fullname="SpireChess.Tests.EditMode.MainMenuUiPrefabTests.Render_DeleteActionMatchesSavePresence(CorruptJson,True)" methodname="Render_DeleteActionMatchesSavePresence" classname="SpireChess.Tests.EditMode.MainMenuUiPrefabTests" runstate="Runnable" seed="1161890195" result="Passed" start-time="2026-07-26 13:36:46Z" end-time="2026-07-26 13:36:46Z" duration="0.002269" asserts="0">
                  <properties />
                </test-case>
              </test-suite>
            </test-suite>
            <test-suite type="TestFixture" id="1613" name="MinionPoolV02Tests" fullname="SpireChess.Tests.EditMode.MinionPoolV02Tests" classname="SpireChess.Tests.EditMode.MinionPoolV02Tests" runstate="Runnable" testcasecount="18" result="Passed" start-time="2026-07-26 13:36:46Z" end-time="2026-07-26 13:36:46Z" duration="0.465334" total="18" passed="18" failed="0" inconclusive="0" skipped="0" asserts="0">
              <properties />
              <test-suite type="ParameterizedMethod" id="1624" name="AstrolabeCalibrator_BuffsLowestAttackOncePerShopAndResetsNextShop" fullname="SpireChess.Tests.EditMode.MinionPoolV02Tests.AstrolabeCalibrator_BuffsLowestAttackOncePerShopAndResetsNextShop" classname="SpireChess.Tests.EditMode.MinionPoolV02Tests" runstate="Runnable" testcasecount="2" result="Passed" start-time="2026-07-26 13:36:46Z" end-time="2026-07-26 13:36:46Z" duration="0.048170" total="2" passed="2" failed="0" inconclusive="0" skipped="0" asserts="0">
                <properties />
                <test-case id="1622" name="AstrolabeCalibrator_BuffsLowestAttackOncePerShopAndResetsNextShop(False,1)" fullname="SpireChess.Tests.EditMode.MinionPoolV02Tests.AstrolabeCalibrator_BuffsLowestAttackOncePerShopAndResetsNextShop(False,1)" methodname="AstrolabeCalibrator_BuffsLowestAttackOncePerShopAndResetsNextShop" classname="SpireChess.Tests.EditMode.MinionPoolV02Tests" runstate="Runnable" seed="1793522694" result="Passed" start-time="2026-07-26 13:36:46Z" end-time="2026-07-26 13:36:46Z" duration="0.026744" asserts="0">
                  <properties />
                </test-case>
                <test-case id="1623" name="AstrolabeCalibrator_BuffsLowestAttackOncePerShopAndResetsNextShop(True,2)" fullname="SpireChess.Tests.EditMode.MinionPoolV02Tests.AstrolabeCalibrator_BuffsLowestAttackOncePerShopAndResetsNextShop(True,2)" methodname="AstrolabeCalibrator_BuffsLowestAttackOncePerShopAndResetsNextShop" classname="SpireChess.Tests.EditMode.MinionPoolV02Tests" runstate="Runnable" seed="332439747" result="Passed" start-time="2026-07-26 13:36:46Z" end-time="2026-07-26 13:36:46Z" duration="0.021087" asserts="0">
                  <properties />
                </test-case>
              </test-suite>
              <test-case id="1619" name="BreakAndDeathFinishers_HaveCurrentTriggerAndGrowthRules" fullname="SpireChess.Tests.EditMode.MinionPoolV02Tests.BreakAndDeathFinishers_HaveCurrentTriggerAndGrowthRules" methodname="BreakAndDeathFinishers_HaveCurrentTriggerAndGrowthRules" classname="SpireChess.Tests.EditMode.MinionPoolV02Tests" runstate="Runnable" seed="139846584" result="Passed" start-time="2026-07-26 13:36:46Z" end-time="2026-07-26 13:36:46Z" duration="0.022533" asserts="0">
                <properties />
              </test-case>
              <test-case id="1617" name="EncountersAndRewards_ReferenceV02Content" fullname="SpireChess.Tests.EditMode.MinionPoolV02Tests.EncountersAndRewards_ReferenceV02Content" methodname="EncountersAndRewards_ReferenceV02Content" classname="SpireChess.Tests.EditMode.MinionPoolV02Tests" runstate="Runnable" seed="1254069753" result="Passed" start-time="2026-07-26 13:36:46Z" end-time="2026-07-26 13:36:46Z" duration="0.020952" asserts="0">
                <properties />
              </test-case>
              <test-case id="1633" name="EnemyTokenObserverAndMirrorsteelDifference_ApplyConfiguredCaps" fullname="SpireChess.Tests.EditMode.MinionPoolV02Tests.EnemyTokenObserverAndMirrorsteelDifference_ApplyConfiguredCaps" methodname="EnemyTokenObserverAndMirrorsteelDifference_ApplyConfiguredCaps" classname="SpireChess.Tests.EditMode.MinionPoolV02Tests" runstate="Runnable" seed="1198713285" result="Passed" start-time="2026-07-26 13:36:46Z" end-time="2026-07-26 13:36:46Z" duration="0.023125" asserts="0">
                <properties />
              </test-case>
              <test-case id="1620" name="ForgeSoulReplenishment_IsRemovedFromLowerTierSupports" fullname="SpireChess.Tests.EditMode.MinionPoolV02Tests.ForgeSoulReplenishment_IsRemovedFromLowerTierSupports" methodname="ForgeSoulReplenishment_IsRemovedFromLowerTierSupports" classname="SpireChess.Tests.EditMode.MinionPoolV02Tests" runstate="Runnable" seed="49949063" result="Passed" start-time="2026-07-26 13:36:46Z" end-time="2026-07-26 13:36:46Z" duration="0.033099" asserts="0">
                <properties />
              </test-case>
              <test-case id="1631" name="FoxShadow_SingleOpenSlotReusesSlotThenFailsSecondYoungSpirit" fullname="SpireChess.Tests.EditMode.MinionPoolV02Tests.FoxShadow_SingleOpenSlotReusesSlotThenFailsSecondYoungSpirit" methodname="FoxShadow_SingleOpenSlotReusesSlotThenFailsSecondYoungSpirit" classname="SpireChess.Tests.EditMode.MinionPoolV02Tests" runstate="Runnable" seed="2077601708" result="Passed" start-time="2026-07-26 13:36:46Z" end-time="2026-07-26 13:36:46Z" duration="0.037825" asserts="0">
                <properties />
              </test-case>
              <test-case id="1618" name="FurnaceKingAndGrowthFinishers_HaveR1Caps" fullname="SpireChess.Tests.EditMode.MinionPoolV02Tests.FurnaceKingAndGrowthFinishers_HaveR1Caps" methodname="FurnaceKingAndGrowthFinishers_HaveR1Caps" classname="SpireChess.Tests.EditMode.MinionPoolV02Tests" runstate="Runnable" seed="155837552" result="Passed" start-time="2026-07-26 13:36:46Z" end-time="2026-07-26 13:36:46Z" duration="0.023395" asserts="0">
                <properties />
              </test-case>
              <test-case id="1630" name="GoldenFoxMatriarch_UsesNestedTokenChainAndKeepsTokensOutOfWriteback" fullname="SpireChess.Tests.EditMode.MinionPoolV02Tests.GoldenFoxMatriarch_UsesNestedTokenChainAndKeepsTokensOutOfWriteback" methodname="GoldenFoxMatriarch_UsesNestedTokenChainAndKeepsTokensOutOfWriteback" classname="SpireChess.Tests.EditMode.MinionPoolV02Tests" runstate="Runnable" seed="750143337" result="Passed" start-time="2026-07-26 13:36:46Z" end-time="2026-07-26 13:36:46Z" duration="0.024341" asserts="0">
                <properties />
              </test-case>
              <test-case id="1629" name="GoldenHundredSongHerd_SummonsFourTwoOneSpiritsWithImmediateAttacks" fullname="SpireChess.Tests.EditMode.MinionPoolV02Tests.GoldenHundredSongHerd_SummonsFourTwoOneSpiritsWithImmediateAttacks" methodname="GoldenHundredSongHerd_SummonsFourTwoOneSpiritsWithImmediateAttacks" classname="SpireChess.Tests.EditMode.MinionPoolV02Tests" runstate="Runnable" seed="594281163" result="Passed" start-time="2026-07-26 13:36:46Z" end-time="2026-07-26 13:36:46Z" duration="0.024639" asserts="0">
                <properties />
              </test-case>
              <test-case id="1632" name="ManyArtsApprentice_CopiesOnlyAdjacentCombatKeywords" fullname="SpireChess.Tests.EditMode.MinionPoolV02Tests.ManyArtsApprentice_CopiesOnlyAdjacentCombatKeywords" methodname="ManyArtsApprentice_CopiesOnlyAdjacentCombatKeywords" classname="SpireChess.Tests.EditMode.MinionPoolV02Tests" runstate="Runnable" seed="1402848034" result="Passed" start-time="2026-07-26 13:36:46Z" end-time="2026-07-26 13:36:46Z" duration="0.023027" asserts="0">
                <properties />
              </test-case>
              <test-case id="1621" name="NewStarboundMinions_ExecuteRefreshAndPermanentSpellGrowth" fullname="SpireChess.Tests.EditMode.MinionPoolV02Tests.NewStarboundMinions_ExecuteRefreshAndPermanentSpellGrowth" methodname="NewStarboundMinions_ExecuteRefreshAndPermanentSpellGrowth" classname="SpireChess.Tests.EditMode.MinionPoolV02Tests" runstate="Runnable" seed="1170950229" result="Passed" start-time="2026-07-26 13:36:46Z" end-time="2026-07-26 13:36:46Z" duration="0.022912" asserts="0">
                <properties />
              </test-case>
              <test-case id="1614" name="ReleasedPool_HasV02CountsDistributionAndNoNewArchetypeMetadata" fullname="SpireChess.Tests.EditMode.MinionPoolV02Tests.ReleasedPool_HasV02CountsDistributionAndNoNewArchetypeMetadata" methodname="ReleasedPool_HasV02CountsDistributionAndNoNewArchetypeMetadata" classname="SpireChess.Tests.EditMode.MinionPoolV02Tests" runstate="Runnable" seed="435628901" result="Passed" start-time="2026-07-26 13:36:46Z" end-time="2026-07-26 13:36:46Z" duration="0.022163" asserts="0">
                <properties />
              </test-case>
              <test-case id="1615" name="RootAndResourcesMinionConfigs_AreExactMirrors" fullname="SpireChess.Tests.EditMode.MinionPoolV02Tests.RootAndResourcesMinionConfigs_AreExactMirrors" methodname="RootAndResourcesMinionConfigs_AreExactMirrors" classname="SpireChess.Tests.EditMode.MinionPoolV02Tests" runstate="Runnable" seed="1185556606" result="Passed" start-time="2026-07-26 13:36:46Z" end-time="2026-07-26 13:36:46Z" duration="0.022678" asserts="0">
                <properties />
              </test-case>
              <test-case id="1616" name="RootAndResourcesSpellConfigs_AreExactMirrors" fullname="SpireChess.Tests.EditMode.MinionPoolV02Tests.RootAndResourcesSpellConfigs_AreExactMirrors" methodname="RootAndResourcesSpellConfigs_AreExactMirrors" classname="SpireChess.Tests.EditMode.MinionPoolV02Tests" runstate="Runnable" seed="120228206" result="Passed" start-time="2026-07-26 13:36:46Z" end-time="2026-07-26 13:36:46Z" duration="0.022048" asserts="0">
                <properties />
              </test-case>
              <test-case id="1628" name="SameSummonEvent_DeduplicatesImmediateAttackAcrossMultipleSources" fullname="SpireChess.Tests.EditMode.MinionPoolV02Tests.SameSummonEvent_DeduplicatesImmediateAttackAcrossMultipleSources" methodname="SameSummonEvent_DeduplicatesImmediateAttackAcrossMultipleSources" classname="SpireChess.Tests.EditMode.MinionPoolV02Tests" runstate="Runnable" seed="259722965" result="Passed" start-time="2026-07-26 13:36:46Z" end-time="2026-07-26 13:36:46Z" duration="0.021434" asserts="0">
                <properties />
              </test-case>
              <test-suite type="ParameterizedMethod" id="1627" name="SkyCovenantBearer_BuffsAllStarboundAtConfiguredRefreshInterval" fullname="SpireChess.Tests.EditMode.MinionPoolV02Tests.SkyCovenantBearer_BuffsAllStarboundAtConfiguredRefreshInterval" classname="SpireChess.Tests.EditMode.MinionPoolV02Tests" runstate="Runnable" testcasecount="2" result="Passed" start-time="2026-07-26 13:36:46Z" end-time="2026-07-26 13:36:46Z" duration="0.070346" total="2" passed="2" failed="0" inconclusive="0" skipped="0" asserts="0">
                <properties />
                <test-case id="1625" name="SkyCovenantBearer_BuffsAllStarboundAtConfiguredRefreshInterval(False,4)" fullname="SpireChess.Tests.EditMode.MinionPoolV02Tests.SkyCovenantBearer_BuffsAllStarboundAtConfiguredRefreshInterval(False,4)" methodname="SkyCovenantBearer_BuffsAllStarboundAtConfiguredRefreshInterval" classname="SpireChess.Tests.EditMode.MinionPoolV02Tests" runstate="Runnable" seed="1956081227" result="Passed" start-time="2026-07-26 13:36:46Z" end-time="2026-07-26 13:36:46Z" duration="0.023995" asserts="0">
                  <properties />
                </test-case>
                <test-case id="1626" name="SkyCovenantBearer_BuffsAllStarboundAtConfiguredRefreshInterval(True,3)" fullname="SpireChess.Tests.EditMode.MinionPoolV02Tests.SkyCovenantBearer_BuffsAllStarboundAtConfiguredRefreshInterval(True,3)" methodname="SkyCovenantBearer_BuffsAllStarboundAtConfiguredRefreshInterval" classname="SpireChess.Tests.EditMode.MinionPoolV02Tests" runstate="Runnable" seed="1875011727" result="Passed" start-time="2026-07-26 13:36:46Z" end-time="2026-07-26 13:36:46Z" duration="0.045234" asserts="0">
                  <properties />
                </test-case>
              </test-suite>
            </test-suite>
            <test-suite type="TestFixture" id="1634" name="PresentationAudioTests" fullname="SpireChess.Tests.EditMode.PresentationAudioTests" classname="SpireChess.Tests.EditMode.PresentationAudioTests" runstate="Runnable" testcasecount="20" result="Passed" start-time="2026-07-26 13:36:46Z" end-time="2026-07-26 13:36:46Z" duration="0.053640" total="20" passed="20" failed="0" inconclusive="0" skipped="0" asserts="0">
              <properties />
              <test-case id="1636" name="Catalog_CommissioningModeAllowsPendingClips" fullname="SpireChess.Tests.EditMode.PresentationAudioTests.Catalog_CommissioningModeAllowsPendingClips" methodname="Catalog_CommissioningModeAllowsPendingClips" classname="SpireChess.Tests.EditMode.PresentationAudioTests" runstate="Runnable" seed="807804910" result="Passed" start-time="2026-07-26 13:36:46Z" end-time="2026-07-26 13:36:46Z" duration="0.004156" asserts="0">
                <properties />
              </test-case>
              <test-case id="1638" name="Catalog_PlayablePlaceholderRemainsOutsideProductionGate" fullname="SpireChess.Tests.EditMode.PresentationAudioTests.Catalog_PlayablePlaceholderRemainsOutsideProductionGate" methodname="Catalog_PlayablePlaceholderRemainsOutsideProductionGate" classname="SpireChess.Tests.EditMode.PresentationAudioTests" runstate="Runnable" seed="258114888" result="Passed" start-time="2026-07-26 13:36:46Z" end-time="2026-07-26 13:36:46Z" duration="0.001268" asserts="0">
                <properties />
              </test-case>
              <test-case id="1639" name="Catalog_ProductionApprovedCueMustRemainPlayable" fullname="SpireChess.Tests.EditMode.PresentationAudioTests.Catalog_ProductionApprovedCueMustRemainPlayable" methodname="Catalog_ProductionApprovedCueMustRemainPlayable" classname="SpireChess.Tests.EditMode.PresentationAudioTests" runstate="Runnable" seed="604650024" result="Passed" start-time="2026-07-26 13:36:46Z" end-time="2026-07-26 13:36:46Z" duration="0.000527" asserts="0">
                <properties />
              </test-case>
              <test-case id="1641" name="Catalog_ProductionApprovedCueRequiresExactVariantSet" fullname="SpireChess.Tests.EditMode.PresentationAudioTests.Catalog_ProductionApprovedCueRequiresExactVariantSet" methodname="Catalog_ProductionApprovedCueRequiresExactVariantSet" classname="SpireChess.Tests.EditMode.PresentationAudioTests" runstate="Runnable" seed="2062899196" result="Passed" start-time="2026-07-26 13:36:46Z" end-time="2026-07-26 13:36:46Z" duration="0.001336" asserts="0">
                <properties />
              </test-case>
              <test-case id="1640" name="Catalog_ProductionApprovedPlayableCuesPassCueLevelGate" fullname="SpireChess.Tests.EditMode.PresentationAudioTests.Catalog_ProductionApprovedPlayableCuesPassCueLevelGate" methodname="Catalog_ProductionApprovedPlayableCuesPassCueLevelGate" classname="SpireChess.Tests.EditMode.PresentationAudioTests" runstate="Runnable" seed="1986344108" result="Passed" start-time="2026-07-26 13:36:46Z" end-time="2026-07-26 13:36:46Z" duration="0.002022" asserts="0">
                <properties />
              </test-case>
              <test-case id="1637" name="Catalog_ProductionStrictModeRejectsPendingClips" fullname="SpireChess.Tests.EditMode.PresentationAudioTests.Catalog_ProductionStrictModeRejectsPendingClips" methodname="Catalog_ProductionStrictModeRejectsPendingClips" classname="SpireChess.Tests.EditMode.PresentationAudioTests" runstate="Runnable" seed="2068908105" result="Passed" start-time="2026-07-26 13:36:46Z" end-time="2026-07-26 13:36:46Z" duration="0.000518" asserts="0">
                <properties />
              </test-case>
              <test-case id="1645" name="Catalog_RejectsDuplicateAndMissingRequiredCue" fullname="SpireChess.Tests.EditMode.PresentationAudioTests.Catalog_RejectsDuplicateAndMissingRequiredCue" methodname="Catalog_RejectsDuplicateAndMissingRequiredCue" classname="SpireChess.Tests.EditMode.PresentationAudioTests" runstate="Runnable" seed="1832625988" result="Passed" start-time="2026-07-26 13:36:46Z" end-time="2026-07-26 13:36:46Z" duration="0.000762" asserts="0">
                <properties />
              </test-case>
              <test-case id="1635" name="CueIds_AreUniqueAndCoverTheFrozenP0Contract" fullname="SpireChess.Tests.EditMode.PresentationAudioTests.CueIds_AreUniqueAndCoverTheFrozenP0Contract" methodname="CueIds_AreUniqueAndCoverTheFrozenP0Contract" classname="SpireChess.Tests.EditMode.PresentationAudioTests" runstate="Runnable" seed="1063914816" result="Passed" start-time="2026-07-26 13:36:46Z" end-time="2026-07-26 13:36:46Z" duration="0.000954" asserts="0">
                <properties />
              </test-case>
              <test-case id="1643" name="LocalSynthContract_ExactlyCoversP0VariantMatrix" fullname="SpireChess.Tests.EditMode.PresentationAudioTests.LocalSynthContract_ExactlyCoversP0VariantMatrix" methodname="LocalSynthContract_ExactlyCoversP0VariantMatrix" classname="SpireChess.Tests.EditMode.PresentationAudioTests" runstate="Runnable" seed="1044429114" result="Passed" start-time="2026-07-26 13:36:46Z" end-time="2026-07-26 13:36:46Z" duration="0.021169" asserts="0">
                <properties />
              </test-case>
[...]
              <properties />
            </test-case>
            <test-case id="1486" name="ShopIneligibleSpell_NeverAppearsInOffer" fullname="SpireChess.Tests.ShopBuildPhaseTests.ShopIneligibleSpell_NeverAppearsInOffer" methodname="ShopIneligibleSpell_NeverAppearsInOffer" classname="SpireChess.Tests.ShopBuildPhaseTests" runstate="Runnable" seed="1817833270" result="Passed" start-time="2026-07-26 13:36:51Z" end-time="2026-07-26 13:36:51Z" duration="0.000187" asserts="0">
              <properties />
            </test-case>
            <test-case id="1483" name="Spell_TargetsBattleOnlyAndConsumesOnlyAfterSuccess" fullname="SpireChess.Tests.ShopBuildPhaseTests.Spell_TargetsBattleOnlyAndConsumesOnlyAfterSuccess" methodname="Spell_TargetsBattleOnlyAndConsumesOnlyAfterSuccess" classname="SpireChess.Tests.ShopBuildPhaseTests" runstate="Runnable" seed="853777933" result="Passed" start-time="2026-07-26 13:36:51Z" end-time="2026-07-26 13:36:51Z" duration="0.000332" asserts="0">
              <properties />
            </test-case>
            <test-case id="1484" name="Spell_ZeroBenefitDoesNotConsumeCard" fullname="SpireChess.Tests.ShopBuildPhaseTests.Spell_ZeroBenefitDoesNotConsumeCard" methodname="Spell_ZeroBenefitDoesNotConsumeCard" classname="SpireChess.Tests.ShopBuildPhaseTests" runstate="Runnable" seed="292845500" result="Passed" start-time="2026-07-26 13:36:51Z" end-time="2026-07-26 13:36:51Z" duration="0.000194" asserts="0">
              <properties />
            </test-case>
          </test-suite>
          <test-suite type="TestFixture" id="1490" name="ShopSessionTests" fullname="SpireChess.Tests.ShopSessionTests" classname="SpireChess.Tests.ShopSessionTests" runstate="Runnable" testcasecount="16" result="Passed" start-time="2026-07-26 13:36:51Z" end-time="2026-07-26 13:36:51Z" duration="0.008066" total="16" passed="16" failed="0" inconclusive="0" skipped="0" asserts="0">
            <properties />
            <test-case id="1496" name="BuyMinion_PaysThreeGoldAndAddsCardToBench" fullname="SpireChess.Tests.ShopSessionTests.BuyMinion_PaysThreeGoldAndAddsCardToBench" methodname="BuyMinion_PaysThreeGoldAndAddsCardToBench" classname="SpireChess.Tests.ShopSessionTests" runstate="Runnable" seed="198915779" result="Passed" start-time="2026-07-26 13:36:51Z" end-time="2026-07-26 13:36:51Z" duration="0.000642" asserts="0">
              <properties />
            </test-case>
            <test-case id="1497" name="BuySpell_PaysOneGoldAndSpellCannotBeSoldOrMovedToBattle" fullname="SpireChess.Tests.ShopSessionTests.BuySpell_PaysOneGoldAndSpellCannotBeSoldOrMovedToBattle" methodname="BuySpell_PaysOneGoldAndSpellCannotBeSoldOrMovedToBattle" classname="SpireChess.Tests.ShopSessionTests" runstate="Runnable" seed="978908944" result="Passed" start-time="2026-07-26 13:36:51Z" end-time="2026-07-26 13:36:51Z" duration="0.000469" asserts="0">
              <properties />
            </test-case>
            <test-case id="1491" name="EconomyRules_MatchConfirmedValues" fullname="SpireChess.Tests.ShopSessionTests.EconomyRules_MatchConfirmedValues" methodname="EconomyRules_MatchConfirmedValues" classname="SpireChess.Tests.ShopSessionTests" runstate="Runnable" seed="655037381" result="Passed" start-time="2026-07-26 13:36:51Z" end-time="2026-07-26 13:36:51Z" duration="0.000679" asserts="0">
              <properties />
            </test-case>
            <test-case id="1506" name="Formation_AllowsPlayingToEmptySlotAndBattleRepositionOnly" fullname="SpireChess.Tests.ShopSessionTests.Formation_AllowsPlayingToEmptySlotAndBattleRepositionOnly" methodname="Formation_AllowsPlayingToEmptySlotAndBattleRepositionOnly" classname="SpireChess.Tests.ShopSessionTests" runstate="Runnable" seed="292955689" result="Passed" start-time="2026-07-26 13:36:51Z" end-time="2026-07-26 13:36:51Z" duration="0.000418" asserts="0">
              <properties />
            </test-case>
            <test-case id="1503" name="FrozenShop_KeepsOffersRestocksEmptySlotsAndThenUnfreezes" fullname="SpireChess.Tests.ShopSessionTests.FrozenShop_KeepsOffersRestocksEmptySlotsAndThenUnfreezes" methodname="FrozenShop_KeepsOffersRestocksEmptySlotsAndThenUnfreezes" classname="SpireChess.Tests.ShopSessionTests" runstate="Runnable" seed="1009559229" result="Passed" start-time="2026-07-26 13:36:51Z" end-time="2026-07-26 13:36:51Z" duration="0.000256" asserts="0">
              <properties />
            </test-case>
            <test-case id="1498" name="FullBench_PreventsPurchaseWithoutChangingGoldOrOffer" fullname="SpireChess.Tests.ShopSessionTests.FullBench_PreventsPurchaseWithoutChangingGoldOrOffer" methodname="FullBench_PreventsPurchaseWithoutChangingGoldOrOffer" classname="SpireChess.Tests.ShopSessionTests" runstate="Runnable" seed="2076982533" result="Passed" start-time="2026-07-26 13:36:51Z" end-time="2026-07-26 13:36:51Z" duration="0.000275" asserts="0">
              <properties />
            </test-case>
            <test-case id="1492" name="MinionPool_DrawsByRemainingPhysicalCopiesAndReturnsThem" fullname="SpireChess.Tests.ShopSessionTests.MinionPool_DrawsByRemainingPhysicalCopiesAndReturnsThem" methodname="MinionPool_DrawsByRemainingPhysicalCopiesAndReturnsThem" classname="SpireChess.Tests.ShopSessionTests" runstate="Runnable" seed="1028627272" result="Passed" start-time="2026-07-26 13:36:51Z" end-time="2026-07-26 13:36:51Z" duration="0.000217" asserts="0">
              <properties />
            </test-case>
            <test-case id="1493" name="MinionPool_ExcludesDisabledMinionsAndTokens" fullname="SpireChess.Tests.ShopSessionTests.MinionPool_ExcludesDisabledMinionsAndTokens" methodname="MinionPool_ExcludesDisabledMinionsAndTokens" classname="SpireChess.Tests.ShopSessionTests" runstate="Runnable" seed="609818025" result="Passed" start-time="2026-07-26 13:36:51Z" end-time="2026-07-26 13:36:51Z" duration="0.000184" asserts="0">
              <properties />
            </test-case>
            <test-case id="1495" name="Refresh_ConsumesPaidThenFreeRefreshAndCountsOnlyActiveRefreshes" fullname="SpireChess.Tests.ShopSessionTests.Refresh_ConsumesPaidThenFreeRefreshAndCountsOnlyActiveRefreshes" methodname="Refresh_ConsumesPaidThenFreeRefreshAndCountsOnlyActiveRefreshes" classname="SpireChess.Tests.ShopSessionTests" runstate="Runnable" seed="439993728" result="Passed" start-time="2026-07-26 13:36:51Z" end-time="2026-07-26 13:36:51Z" duration="0.000665" asserts="0">
              <properties />
            </test-case>
            <test-case id="1499" name="SellMinion_ReturnsCopyAndGoldCanExceedTen" fullname="SpireChess.Tests.ShopSessionTests.SellMinion_ReturnsCopyAndGoldCanExceedTen" methodname="SellMinion_ReturnsCopyAndGoldCanExceedTen" classname="SpireChess.Tests.ShopSessionTests" runstate="Runnable" seed="536884962" result="Passed" start-time="2026-07-26 13:36:51Z" end-time="2026-07-26 13:36:51Z" duration="0.000269" asserts="0">
              <properties />
            </test-case>
            <test-case id="1505" name="ShopOperations_RaiseAllDeclaredEventsWithOperationContext" fullname="SpireChess.Tests.ShopSessionTests.ShopOperations_RaiseAllDeclaredEventsWithOperationContext" methodname="ShopOperations_RaiseAllDeclaredEventsWithOperationContext" classname="SpireChess.Tests.ShopSessionTests" runstate="Runnable" seed="1184806167" result="Passed" start-time="2026-07-26 13:36:51Z" end-time="2026-07-26 13:36:51Z" duration="0.001013" asserts="0">
              <properties />
            </test-case>
            <test-case id="1494" name="StartRound_UsesEmptyCollectionAndAutomaticStockDoesNotCountAsRefresh" fullname="SpireChess.Tests.ShopSessionTests.StartRound_UsesEmptyCollectionAndAutomaticStockDoesNotCountAsRefresh" methodname="StartRound_UsesEmptyCollectionAndAutomaticStockDoesNotCountAsRefresh" classname="SpireChess.Tests.ShopSessionTests" runstate="Runnable" seed="79401064" result="Passed" start-time="2026-07-26 13:36:51Z" end-time="2026-07-26 13:36:51Z" duration="0.000516" asserts="0">
              <properties />
            </test-case>
            <test-case id="1500" name="TokenMinion_CannotBeSold" fullname="SpireChess.Tests.ShopSessionTests.TokenMinion_CannotBeSold" methodname="TokenMinion_CannotBeSold" classname="SpireChess.Tests.ShopSessionTests" runstate="Runnable" seed="1706264530" result="Passed" start-time="2026-07-26 13:36:51Z" end-time="2026-07-26 13:36:51Z" duration="0.000233" asserts="0">
              <properties />
            </test-case>
            <test-case id="1504" name="UnfrozenShop_ReturnsAllUnsoldMinionsToPool" fullname="SpireChess.Tests.ShopSessionTests.UnfrozenShop_ReturnsAllUnsoldMinionsToPool" methodname="UnfrozenShop_ReturnsAllUnsoldMinionsToPool" classname="SpireChess.Tests.ShopSessionTests" runstate="Runnable" seed="1616427434" result="Passed" start-time="2026-07-26 13:36:51Z" end-time="2026-07-26 13:36:51Z" duration="0.000266" asserts="0">
              <properties />
            </test-case>
            <test-case id="1501" name="UpgradeDiscount_DropsAfterSkippedRoundAndAllowsOnlyOneUpgradePerRound" fullname="SpireChess.Tests.ShopSessionTests.UpgradeDiscount_DropsAfterSkippedRoundAndAllowsOnlyOneUpgradePerRound" methodname="UpgradeDiscount_DropsAfterSkippedRoundAndAllowsOnlyOneUpgradePerRound" classname="SpireChess.Tests.ShopSessionTests" runstate="Runnable" seed="1429910118" result="Passed" start-time="2026-07-26 13:36:51Z" end-time="2026-07-26 13:36:51Z" duration="0.000234" asserts="0">
              <properties />
            </test-case>
            <test-case id="1502" name="UpgradeToTierThree_AddsAnEmptyOfferSlotUntilRestock" fullname="SpireChess.Tests.ShopSessionTests.UpgradeToTierThree_AddsAnEmptyOfferSlotUntilRestock" methodname="UpgradeToTierThree_AddsAnEmptyOfferSlotUntilRestock" classname="SpireChess.Tests.ShopSessionTests" runstate="Runnable" seed="1348762308" result="Passed" start-time="2026-07-26 13:36:51Z" end-time="2026-07-26 13:36:51Z" duration="0.000223" asserts="0">
              <properties />
            </test-case>
          </test-suite>
          <test-suite type="TestFixture" id="1507" name="ShopTripleDiscoveryTests" fullname="SpireChess.Tests.ShopTripleDiscoveryTests" classname="SpireChess.Tests.ShopTripleDiscoveryTests" runstate="Runnable" testcasecount="17" result="Passed" start-time="2026-07-26 13:36:51Z" end-time="2026-07-26 13:36:51Z" duration="0.016113" total="17" passed="17" failed="0" inconclusive="0" skipped="0" asserts="0">
            <properties />
            <test-case id="1522" name="Discover_InvalidSelectionKeepsPendingStateAndReservations" fullname="SpireChess.Tests.ShopTripleDiscoveryTests.Discover_InvalidSelectionKeepsPendingStateAndReservations" methodname="Discover_InvalidSelectionKeepsPendingStateAndReservations" classname="SpireChess.Tests.ShopTripleDiscoveryTests" runstate="Runnable" seed="1293385554" result="Passed" start-time="2026-07-26 13:36:51Z" end-time="2026-07-26 13:36:51Z" duration="0.001534" asserts="0">
              <properties />
            </test-case>
            <test-case id="1513" name="Discover_SelectConsumesSpellKeepsSelectedCopyAndReturnsOthers" fullname="SpireChess.Tests.ShopTripleDiscoveryTests.Discover_SelectConsumesSpellKeepsSelectedCopyAndReturnsOthers" methodname="Discover_SelectConsumesSpellKeepsSelectedCopyAndReturnsOthers" classname="SpireChess.Tests.ShopTripleDiscoveryTests" runstate="Runnable" seed="959093871" result="Passed" start-time="2026-07-26 13:36:51Z" end-time="2026-07-26 13:36:51Z" duration="0.000769" asserts="0">
              <properties />
            </test-case>
            <test-case id="1515" name="Discover_ShowsFewerDistinctCandidatesAndRejectsEmptyPool" fullname="SpireChess.Tests.ShopTripleDiscoveryTests.Discover_ShowsFewerDistinctCandidatesAndRejectsEmptyPool" methodname="Discover_ShowsFewerDistinctCandidatesAndRejectsEmptyPool" classname="SpireChess.Tests.ShopTripleDiscoveryTests" runstate="Runnable" seed="1302611728" result="Passed" start-time="2026-07-26 13:36:51Z" end-time="2026-07-26 13:36:51Z" duration="0.000361" asserts="0">
              <properties />
            </test-case>
            <test-case id="1514" name="Discover_UsesCurrentExactTavernTierAtCastTime" fullname="SpireChess.Tests.ShopTripleDiscoveryTests.Discover_UsesCurrentExactTavernTierAtCastTime" methodname="Discover_UsesCurrentExactTavernTierAtCastTime" classname="SpireChess.Tests.ShopTripleDiscoveryTests" runstate="Runnable" seed="1712190014" result="Passed" start-time="2026-07-26 13:36:51Z" end-time="2026-07-26 13:36:51Z" duration="0.000340" asserts="0">
              <properties />
            </test-case>
            <test-case id="1508" name="DiscoverPool_UsesRemainingPhysicalCopyWeights" fullname="SpireChess.Tests.ShopTripleDiscoveryTests.DiscoverPool_UsesRemainingPhysicalCopyWeights" methodname="DiscoverPool_UsesRemainingPhysicalCopyWeights" classname="SpireChess.Tests.ShopTripleDiscoveryTests" runstate="Runnable" seed="163554483" result="Passed" start-time="2026-07-26 13:36:51Z" end-time="2026-07-26 13:36:51Z" duration="0.000265" asserts="0">
              <properties />
            </test-case>
            <test-case id="1523" name="DiscoverSelection_CanCompleteAnotherTriple" fullname="SpireChess.Tests.ShopTripleDiscoveryTests.DiscoverSelection_CanCompleteAnotherTriple" methodname="DiscoverSelection_CanCompleteAnotherTriple" classname="SpireChess.Tests.ShopTripleDiscoveryTests" runstate="Runnable" seed="1034739892" result="Passed" start-time="2026-07-26 13:36:51Z" end-time="2026-07-26 13:36:51Z" duration="0.000364" asserts="0">
              <properties />
            </test-case>
            <test-case id="1518" name="GoldenDiscover_WithOnlyFreedSourceSlotFailsBeforePlaying" fullname="SpireChess.Tests.ShopTripleDiscoveryTests.GoldenDiscover_WithOnlyFreedSourceSlotFailsBeforePlaying" methodname="GoldenDiscover_WithOnlyFreedSourceSlotFailsBeforePlaying" classname="SpireChess.Tests.ShopTripleDiscoveryTests" runstate="Runnable" seed="488499315" result="Passed" start-time="2026-07-26 13:36:51Z" end-time="2026-07-26 13:36:51Z" duration="0.001522" asserts="0">
              <properties />
            </test-case>
            <test-case id="1519" name="GoldenDiscover_WithTripleRewardAlsoReservesRewardSpellSlot" fullname="SpireChess.Tests.ShopTripleDiscoveryTests.GoldenDiscover_WithTripleRewardAlsoReservesRewardSpellSlot" methodname="GoldenDiscover_WithTripleRewardAlsoReservesRewardSpellSlot" classname="SpireChess.Tests.ShopTripleDiscoveryTests" runstate="Runnable" seed="1805950827" result="Passed" start-time="2026-07-26 13:36:51Z" end-time="2026-07-26 13:36:51Z" duration="0.000567" asserts="0">
              <properties />
            </test-case>
            <test-case id="1511" name="GoldenPlay_GrantsRewardOnceAndClearsPendingFlag" fullname="SpireChess.Tests.ShopTripleDiscoveryTests.GoldenPlay_GrantsRewardOnceAndClearsPendingFlag" methodname="GoldenPlay_GrantsRewardOnceAndClearsPendingFlag" classname="SpireChess.Tests.ShopTripleDiscoveryTests" runstate="Runnable" seed="89789003" result="Passed" start-time="2026-07-26 13:36:51Z" end-time="2026-07-26 13:36:51Z" duration="0.000939" asserts="0">
              <properties />
            </test-case>
            <test-case id="1524" name="GoldenSale_ReturnsThreePhysicalCopies" fullname="SpireChess.Tests.ShopTripleDiscoveryTests.GoldenSale_ReturnsThreePhysicalCopies" methodname="GoldenSale_ReturnsThreePhysicalCopies" classname="SpireChess.Tests.ShopTripleDiscoveryTests" runstate="Runnable" seed="1833991064" result="Passed" start-time="2026-07-26 13:36:51Z" end-time="2026-07-26 13:36:51Z" duration="0.000616" asserts="0">
              <properties />
            </test-case>
            <test-case id="1521" name="GoldenStargateLecturer_DiscoversSpellInTwoRounds" fullname="SpireChess.Tests.ShopTripleDiscoveryTests.GoldenStargateLecturer_DiscoversSpellInTwoRounds" methodname="GoldenStargateLecturer_DiscoversSpellInTwoRounds" classname="SpireChess.Tests.ShopTripleDiscoveryTests" runstate="Runnable" seed="1347785894" result="Passed" start-time="2026-07-26 13:36:51Z" end-time="2026-07-26 13:36:51Z" duration="0.001511" asserts="0">
              <properties />
            </test-case>
            <test-case id="1516" name="MinionDiscover_ExcludesSourceCardBeforePoolReservation" fullname="SpireChess.Tests.ShopTripleDiscoveryTests.MinionDiscover_ExcludesSourceCardBeforePoolReservation" methodname="MinionDiscover_ExcludesSourceCardBeforePoolReservation" classname="SpireChess.Tests.ShopTripleDiscoveryTests" runstate="Runnable" seed="338223019" result="Passed" start-time="2026-07-26 13:36:51Z" end-time="2026-07-26 13:36:51Z" duration="0.000745" asserts="0">
              <properties />
            </test-case>
            <test-case id="1520" name="OldTowerGuide_UsesMostCommonMainRaceBelowCurrentTier" fullname="SpireChess.Tests.ShopTripleDiscoveryTests.OldTowerGuide_UsesMostCommonMainRaceBelowCurrentTier" methodname="OldTowerGuide_UsesMostCommonMainRaceBelowCurrentTier" classname="SpireChess.Tests.ShopTripleDiscoveryTests" runstate="Runnable" seed="461860464" result="Passed" start-time="2026-07-26 13:36:51Z" end-time="2026-07-26 13:36:51Z" duration="0.001169" asserts="0">
              <properties />
            </test-case>
            <test-case id="1517" name="StarMapBroker_RequiresTwoRefreshesAndGoldenDiscoversTwice" fullname="SpireChess.Tests.ShopTripleDiscoveryTests.StarMapBroker_RequiresTwoRefreshesAndGoldenDiscoversTwice" methodname="StarMapBroker_RequiresTwoRefreshesAndGoldenDiscoversTwice" classname="SpireChess.Tests.ShopTripleDiscoveryTests" runstate="Runnable" seed="321482464" result="Passed" start-time="2026-07-26 13:36:51Z" end-time="2026-07-26 13:36:51Z" duration="0.001338" asserts="0">
              <properties />
            </test-case>
            <test-case id="1510" name="Triple_DefersWithFullBenchAndResolvesWhenSpellCreatesSpace" fullname="SpireChess.Tests.ShopTripleDiscoveryTests.Triple_DefersWithFullBenchAndResolvesWhenSpellCreatesSpace" methodname="Triple_DefersWithFullBenchAndResolvesWhenSpellCreatesSpace" classname="SpireChess.Tests.ShopTripleDiscoveryTests" runstate="Runnable" seed="1402659165" result="Passed" start-time="2026-07-26 13:36:51Z" end-time="2026-07-26 13:36:51Z" duration="0.000688" asserts="0">
              <properties />
            </test-case>
            <test-case id="1509" name="Triple_UsesBenchBeforeBattleAndInheritsPermanentState" fullname="SpireChess.Tests.ShopTripleDiscoveryTests.Triple_UsesBenchBeforeBattleAndInheritsPermanentState" methodname="Triple_UsesBenchBeforeBattleAndInheritsPermanentState" classname="SpireChess.Tests.ShopTripleDiscoveryTests" runstate="Runnable" seed="72283135" result="Passed" start-time="2026-07-26 13:36:51Z" end-time="2026-07-26 13:36:51Z" duration="0.000728" asserts="0">
              <properties />
            </test-case>
            <test-case id="1512" name="TripleDiscover_BlocksAllOtherOperationsAndCannotBeCancelled" fullname="SpireChess.Tests.ShopTripleDiscoveryTests.TripleDiscover_BlocksAllOtherOperationsAndCannotBeCancelled" methodname="TripleDiscover_BlocksAllOtherOperationsAndCannotBeCancelled" classname="SpireChess.Tests.ShopTripleDiscoveryTests" runstate="Runnable" seed="1059044378" result="Passed" start-time="2026-07-26 13:36:51Z" end-time="2026-07-26 13:36:51Z" duration="0.000966" asserts="0">
              <properties />
            </test-case>
          </test-suite>
        </test-suite>
      </test-suite>
    </test-suite>
  </test-suite>
</test-run>