<?xml version="1.0" encoding="utf-8"?>
<test-run id="2" testcasecount="459" result="Passed" total="459" passed="459" failed="0" inconclusive="0" skipped="0" asserts="0" engine-version="3.5.0.0" clr-version="4.0.30319.42000" start-time="2026-08-04 13:11:14Z" end-time="2026-08-04 13:12:25Z" duration="71.5289311">
  <test-suite type="TestSuite" id="1535" name="旅团日记" fullname="旅团日记" runstate="Runnable" testcasecount="459" result="Passed" start-time="2026-08-04 13:11:14Z" end-time="2026-08-04 13:12:25Z" duration="71.528931" total="459" passed="459" failed="0" inconclusive="0" skipped="0" asserts="0">
    <properties />
    <test-suite type="Assembly" id="2062" name="SpireChess.Tests.EditMode.dll" fullname="D:/code/spireChess/spireChess/sc/Library/ScriptAssemblies/SpireChess.Tests.EditMode.dll" runstate="Runnable" testcasecount="459" result="Passed" start-time="2026-08-04 13:11:14Z" end-time="2026-08-04 13:12:25Z" duration="71.509932" total="459" passed="459" failed="0" inconclusive="0" skipped="0" asserts="0">
      <properties>
        <property name="_PID" value="21828" />
        <property name="_APPDOMAIN" value="Unity Child Domain" />
        <property name="platform" value="EditMode" />
      </properties>
      <test-suite type="TestSuite" id="2063" name="SpireChess" fullname="SpireChess" runstate="Runnable" testcasecount="459" result="Passed" start-time="2026-08-04 13:11:14Z" end-time="2026-08-04 13:12:25Z" duration="71.509419" total="459" passed="459" failed="0" inconclusive="0" skipped="0" asserts="0">
        <properties />
        <test-suite type="TestSuite" id="2064" name="Tests" fullname="SpireChess.Tests" runstate="Runnable" testcasecount="459" result="Passed" start-time="2026-08-04 13:11:14Z" end-time="2026-08-04 13:12:25Z" duration="71.505827" total="459" passed="459" failed="0" inconclusive="0" skipped="0" asserts="0">
          <properties />
          <test-suite type="TestFixture" id="1536" name="BattlePresentationTests" fullname="SpireChess.Tests.BattlePresentationTests" classname="SpireChess.Tests.BattlePresentationTests" runstate="Runnable" testcasecount="3" result="Passed" start-time="2026-08-04 13:11:14Z" end-time="2026-08-04 13:11:14Z" duration="0.042892" total="3" passed="3" failed="0" inconclusive="0" skipped="0" asserts="0">
            <properties />
            <test-case id="1537" name="Factory_MapsRuntimeStateWithoutCardSpecificData" fullname="SpireChess.Tests.BattlePresentationTests.Factory_MapsRuntimeStateWithoutCardSpecificData" methodname="Factory_MapsRuntimeStateWithoutCardSpecificData" classname="SpireChess.Tests.BattlePresentationTests" runstate="Runnable" seed="97699452" result="Passed" start-time="2026-08-04 13:11:14Z" end-time="2026-08-04 13:11:14Z" duration="0.017474" asserts="0">
              <properties />
            </test-case>
            <test-case id="1538" name="Factory_PreservesTokenIdentity" fullname="SpireChess.Tests.BattlePresentationTests.Factory_PreservesTokenIdentity" methodname="Factory_PreservesTokenIdentity" classname="SpireChess.Tests.BattlePresentationTests" runstate="Runnable" seed="355604606" result="Passed" start-time="2026-08-04 13:11:14Z" end-time="2026-08-04 13:11:14Z" duration="0.000808" asserts="0">
              <properties />
            </test-case>
            <test-case id="1539" name="StateBuilder_MapsFiveSlotsAndFormalControls" fullname="SpireChess.Tests.BattlePresentationTests.StateBuilder_MapsFiveSlotsAndFormalControls" methodname="StateBuilder_MapsFiveSlotsAndFormalControls" classname="SpireChess.Tests.BattlePresentationTests" runstate="Runnable" seed="681819335" result="Passed" start-time="2026-08-04 13:11:14Z" end-time="2026-08-04 13:11:14Z" duration="0.007368" asserts="0">
              <properties />
            </test-case>
          </test-suite>
          <test-suite type="TestFixture" id="1540" name="BattleSimulatorTests" fullname="SpireChess.Tests.BattleSimulatorTests" classname="SpireChess.Tests.BattleSimulatorTests" runstate="Runnable" testcasecount="20" result="Passed" start-time="2026-08-04 13:11:14Z" end-time="2026-08-04 13:11:14Z" duration="0.127941" total="20" passed="20" failed="0" inconclusive="0" skipped="0" asserts="0">
            <properties />
            <test-case id="1547" name="CleaveDamage_IsBlockedByShieldAndWrittenToLog" fullname="SpireChess.Tests.BattleSimulatorTests.CleaveDamage_IsBlockedByShieldAndWrittenToLog" methodname="CleaveDamage_IsBlockedByShieldAndWrittenToLog" classname="SpireChess.Tests.BattleSimulatorTests" runstate="Runnable" seed="89312783" result="Passed" start-time="2026-08-04 13:11:14Z" end-time="2026-08-04 13:11:14Z" duration="0.024649" asserts="0">
              <properties />
            </test-case>
            <test-case id="1548" name="Deathrattle_SummonsTokenIntoOriginalSlot" fullname="SpireChess.Tests.BattleSimulatorTests.Deathrattle_SummonsTokenIntoOriginalSlot" methodname="Deathrattle_SummonsTokenIntoOriginalSlot" classname="SpireChess.Tests.BattleSimulatorTests" runstate="Runnable" seed="410555607" result="Passed" start-time="2026-08-04 13:11:14Z" end-time="2026-08-04 13:11:14Z" duration="0.012538" asserts="0">
              <properties />
            </test-case>
            <test-case id="1550" name="Deathrattle_UsesNearestLeftSlotWhenRightSlotIsOccupied" fullname="SpireChess.Tests.BattleSimulatorTests.Deathrattle_UsesNearestLeftSlotWhenRightSlotIsOccupied" methodname="Deathrattle_UsesNearestLeftSlotWhenRightSlotIsOccupied" classname="SpireChess.Tests.BattleSimulatorTests" runstate="Runnable" seed="1806640857" result="Passed" start-time="2026-08-04 13:11:14Z" end-time="2026-08-04 13:11:14Z" duration="0.005496" asserts="0">
              <properties />
            </test-case>
            <test-case id="1549" name="Deathrattle_UsesNearestRightSlotAfterOriginalSlot" fullname="SpireChess.Tests.BattleSimulatorTests.Deathrattle_UsesNearestRightSlotAfterOriginalSlot" methodname="Deathrattle_UsesNearestRightSlotAfterOriginalSlot" classname="SpireChess.Tests.BattleSimulatorTests" runstate="Runnable" seed="1087534233" result="Passed" start-time="2026-08-04 13:11:14Z" end-time="2026-08-04 13:11:14Z" duration="0.004718" asserts="0">
              <properties />
            </test-case>
            <test-case id="1546" name="GoldenCleave_DealsFullAttackDamageToBothSides" fullname="SpireChess.Tests.BattleSimulatorTests.GoldenCleave_DealsFullAttackDamageToBothSides" methodname="GoldenCleave_DealsFullAttackDamageToBothSides" classname="SpireChess.Tests.BattleSimulatorTests" runstate="Runnable" seed="1796975599" result="Passed" start-time="2026-08-04 13:11:14Z" end-time="2026-08-04 13:11:14Z" duration="0.002364" asserts="0">
              <properties />
            </test-case>
            <test-case id="1555" name="ImmediateAttack_DoesNotConsumeCurrentRoundNormalAttack" fullname="SpireChess.Tests.BattleSimulatorTests.ImmediateAttack_DoesNotConsumeCurrentRoundNormalAttack" methodname="ImmediateAttack_DoesNotConsumeCurrentRoundNormalAttack" classname="SpireChess.Tests.BattleSimulatorTests" runstate="Runnable" seed="745058876" result="Passed" start-time="2026-08-04 13:11:14Z" end-time="2026-08-04 13:11:14Z" duration="0.002952" asserts="0">
              <properties />
            </test-case>
            <test-case id="1542" name="MultipleTaunts_SelectsOnlyFromAliveTaunts" fullname="SpireChess.Tests.BattleSimulatorTests.MultipleTaunts_SelectsOnlyFromAliveTaunts" methodname="MultipleTaunts_SelectsOnlyFromAliveTaunts" classname="SpireChess.Tests.BattleSimulatorTests" runstate="Runnable" seed="1903655608" result="Passed" start-time="2026-08-04 13:11:14Z" end-time="2026-08-04 13:11:14Z" duration="0.001475" asserts="0">
              <properties />
            </test-case>
            <test-case id="1553" name="MultiSummon_ImmediateAttackCanFreeSlotForNextToken" fullname="SpireChess.Tests.BattleSimulatorTests.MultiSummon_ImmediateAttackCanFreeSlotForNextToken" methodname="MultiSummon_ImmediateAttackCanFreeSlotForNextToken" classname="SpireChess.Tests.BattleSimulatorTests" runstate="Runnable" seed="751787177" result="Passed" start-time="2026-08-04 13:11:14Z" end-time="2026-08-04 13:11:14Z" duration="0.010040" asserts="0">
              <properties />
            </test-case>
            <test-case id="1545" name="NormalCleave_DoesNotTransferDamageFromEmptySide" fullname="SpireChess.Tests.BattleSimulatorTests.NormalCleave_DoesNotTransferDamageFromEmptySide" methodname="NormalCleave_DoesNotTransferDamageFromEmptySide" classname="SpireChess.Tests.BattleSimulatorTests" runstate="Runnable" seed="1809359051" result="Passed" start-time="2026-08-04 13:11:14Z" end-time="2026-08-04 13:11:14Z" duration="0.003304" asserts="0">
              <properties />
            </test-case>
            <test-case id="1543" name="NormalCleave_OddDamageCanGiveExtraPointToLeft" fullname="SpireChess.Tests.BattleSimulatorTests.NormalCleave_OddDamageCanGiveExtraPointToLeft" methodname="NormalCleave_OddDamageCanGiveExtraPointToLeft" classname="SpireChess.Tests.BattleSimulatorTests" runstate="Runnable" seed="1096330639" result="Passed" start-time="2026-08-04 13:11:14Z" end-time="2026-08-04 13:11:14Z" duration="0.006088" asserts="0">
              <properties />
            </test-case>
            <test-case id="1544" name="NormalCleave_OddDamageCanGiveExtraPointToRight" fullname="SpireChess.Tests.BattleSimulatorTests.NormalCleave_OddDamageCanGiveExtraPointToRight" methodname="NormalCleave_OddDamageCanGiveExtraPointToRight" classname="SpireChess.Tests.BattleSimulatorTests" runstate="Runnable" seed="697845562" result="Passed" start-time="2026-08-04 13:11:14Z" end-time="2026-08-04 13:11:14Z" duration="0.006733" asserts="0">
              <properties />
            </test-case>
            <test-case id="1541" name="NoTaunt_SelectsFromAllAliveTargets" fullname="SpireChess.Tests.BattleSimulatorTests.NoTaunt_SelectsFromAllAliveTargets" methodname="NoTaunt_SelectsFromAllAliveTargets" classname="SpireChess.Tests.BattleSimulatorTests" runstate="Runnable" seed="2033791422" result="Passed" start-time="2026-08-04 13:11:14Z" end-time="2026-08-04 13:11:14Z" duration="0.005500" asserts="0">
              <properties />
            </test-case>
            <test-case id="1558" name="PlaybackCapture_DoesNotChangeDeterministicBattleResult" fullname="SpireChess.Tests.BattleSimulatorTests.PlaybackCapture_DoesNotChangeDeterministicBattleResult" methodname="PlaybackCapture_DoesNotChangeDeterministicBattleResult" classname="SpireChess.Tests.BattleSimulatorTests" runstate="Runnable" seed="260811287" result="Passed" start-time="2026-08-04 13:11:14Z" end-time="2026-08-04 13:11:14Z" duration="0.008892" asserts="0">
              <properties />
            </test-case>
            <test-case id="1559" name="PlaybackEvents_RecordShieldDamageDeathAndSummonInOrder" fullname="SpireChess.Tests.BattleSimulatorTests.PlaybackEvents_RecordShieldDamageDeathAndSummonInOrder" methodname="PlaybackEvents_RecordShieldDamageDeathAndSummonInOrder" classname="SpireChess.Tests.BattleSimulatorTests" runstate="Runnable" seed="164949008" result="Passed" start-time="2026-08-04 13:11:14Z" end-time="2026-08-04 13:11:14Z" duration="0.005185" asserts="0">
              <properties />
            </test-case>
            <test-case id="1560" name="RuntimeInstanceId_IsStableAcrossPlaybackSnapshotsAndClones" fullname="SpireChess.Tests.BattleSimulatorTests.RuntimeInstanceId_IsStableAcrossPlaybackSnapshotsAndClones" methodname="RuntimeInstanceId_IsStableAcrossPlaybackSnapshotsAndClones" classname="SpireChess.Tests.BattleSimulatorTests" runstate="Runnable" seed="1989706359" result="Passed" start-time="2026-08-04 13:11:14Z" end-time="2026-08-04 13:11:14Z" duration="0.002659" asserts="0">
              <properties />
            </test-case>
            <test-case id="1557" name="Simulate_DoesNotCapturePresentationEvents" fullname="SpireChess.Tests.BattleSimulatorTests.Simulate_DoesNotCapturePresentationEvents" methodname="Simulate_DoesNotCapturePresentationEvents" classname="SpireChess.Tests.BattleSimulatorTests" runstate="Runnable" seed="196405964" result="Passed" start-time="2026-08-04 13:11:14Z" end-time="2026-08-04 13:11:14Z" duration="0.001063" asserts="0">
              <properties />
            </test-case>
            <test-case id="1556" name="SubjectHealth_UsesCombatMaxHealthAfterLethalDamage" fullname="SpireChess.Tests.BattleSimulatorTests.SubjectHealth_UsesCombatMaxHealthAfterLethalDamage" methodname="SubjectHealth_UsesCombatMaxHealthAfterLethalDamage" classname="SpireChess.Tests.BattleSimulatorTests" runstate="Runnable" seed="597273467" result="Passed" start-time="2026-08-04 13:11:14Z" end-time="2026-08-04 13:11:14Z" duration="0.004385" asserts="0">
              <properties />
            </test-case>
            <test-case id="1554" name="SummonedToken_GetsNormalAttackInCurrentRound" fullname="SpireChess.Tests.BattleSimulatorTests.SummonedToken_GetsNormalAttackInCurrentRound" methodname="SummonedToken_GetsNormalAttackInCurrentRound" classname="SpireChess.Tests.BattleSimulatorTests" runstate="Runnable" seed="47859882" result="Passed" start-time="2026-08-04 13:11:14Z" end-time="2026-08-04 13:11:14Z" duration="0.004847" asserts="0">
              <properties />
            </test-case>
            <test-case id="1552" name="SummonedToken_ImmediateAttackCreatesSeparatePlaybackStep" fullname="SpireChess.Tests.BattleSimulatorTests.SummonedToken_ImmediateAttackCreatesSeparatePlaybackStep" methodname="SummonedToken_ImmediateAttackCreatesSeparatePlaybackStep" classname="SpireChess.Tests.BattleSimulatorTests" runstate="Runnable" seed="1070393635" result="Passed" start-time="2026-08-04 13:11:14Z" end-time="2026-08-04 13:11:14Z" duration="0.001922" asserts="0">
              <properties />
            </test-case>
            <test-case id="1551" name="SummonFailure_AppliesConfiguredFallbackToNonTokenAlly" fullname="SpireChess.Tests.BattleSimulatorTests.SummonFailure_AppliesConfiguredFallbackToNonTokenAlly" methodname="SummonFailure_AppliesConfiguredFallbackToNonTokenAlly" classname="SpireChess.Tests.BattleSimulatorTests" runstate="Runnable" seed="1364175045" result="Passed" start-time="2026-08-04 13:11:14Z" end-time="2026-08-04 13:11:14Z" duration="0.004863" asserts="0">
              <properties />
            </test-case>
          </test-suite>
          <test-suite type="TestSuite" id="2065" name="EditMode" fullname="SpireChess.Tests.EditMode" runstate="Runnable" testcasecount="354" result="Passed" start-time="2026-08-04 13:11:14Z" end-time="2026-08-04 13:12:23Z" duration="68.826456" total="354" passed="354" failed="0" inconclusive="0" skipped="0" asserts="0">
            <properties />
            <test-suite type="TestFixture" id="1651" name="AtomicSaveStorageTests" fullname="SpireChess.Tests.EditMode.AtomicSaveStorageTests" classname="SpireChess.Tests.EditMode.AtomicSaveStorageTests" runstate="Runnable" testcasecount="8" result="Passed" start-time="2026-08-04 13:11:14Z" end-time="2026-08-04 13:11:15Z" duration="0.740476" total="8" passed="8" failed="0" inconclusive="0" skipped="0" asserts="0">
              <properties />
              <test-case id="1654" name="CorruptMain_UsesBackupAndRepairsWithoutDestroyingGoodBackup" fullname="SpireChess.Tests.EditMode.AtomicSaveStorageTests.CorruptMain_UsesBackupAndRepairsWithoutDestroyingGoodBackup" methodname="CorruptMain_UsesBackupAndRepairsWithoutDestroyingGoodBackup" classname="SpireChess.Tests.EditMode.AtomicSaveStorageTests" runstate="Runnable" seed="556791746" result="Passed" start-time="2026-08-04 13:11:14Z" end-time="2026-08-04 13:11:14Z" duration="0.430290" asserts="0">
                <properties />
              </test-case>
              <test-case id="1658" name="CorruptMainAndBackup_NeverStartsANewRun" fullname="SpireChess.Tests.EditMode.AtomicSaveStorageTests.CorruptMainAndBackup_NeverStartsANewRun" methodname="CorruptMainAndBackup_NeverStartsANewRun" classname="SpireChess.Tests.EditMode.AtomicSaveStorageTests" runstate="Runnable" seed="519489479" result="Passed" start-time="2026-08-04 13:11:14Z" end-time="2026-08-04 13:11:14Z" duration="0.078424" asserts="0">
                <properties />
              </test-case>
              <test-case id="1657" name="Delete_RemovesMainBackupTemporaryAndDiagnostics" fullname="SpireChess.Tests.EditMode.AtomicSaveStorageTests.Delete_RemovesMainBackupTemporaryAndDiagnostics" methodname="Delete_RemovesMainBackupTemporaryAndDiagnostics" classname="SpireChess.Tests.EditMode.AtomicSaveStorageTests" runstate="Runnable" seed="2015645036" result="Passed" start-time="2026-08-04 13:11:14Z" end-time="2026-08-04 13:11:14Z" duration="0.028758" asserts="0">
                <properties />
              </test-case>
              <test-case id="1656" name="IncompatibleContent_IsRejectedWithoutDeletingSave" fullname="SpireChess.Tests.EditMode.AtomicSaveStorageTests.IncompatibleContent_IsRejectedWithoutDeletingSave" methodname="IncompatibleContent_IsRejectedWithoutDeletingSave" classname="SpireChess.Tests.EditMode.AtomicSaveStorageTests" runstate="Runnable" seed="5354535" result="Passed" start-time="2026-08-04 13:11:14Z" end-time="2026-08-04 13:11:14Z" duration="0.050490" asserts="0">
                <properties />
              </test-case>
              <test-case id="1659" name="OrphanTemporaryFile_IsNotTrustedAsAFormalSave" fullname="SpireChess.Tests.EditMode.AtomicSaveStorageTests.OrphanTemporaryFile_IsNotTrustedAsAFormalSave" methodname="OrphanTemporaryFile_IsNotTrustedAsAFormalSave" classname="SpireChess.Tests.EditMode.AtomicSaveStorageTests" runstate="Runnable" seed="2139787954" result="Passed" start-time="2026-08-04 13:11:14Z" end-time="2026-08-04 13:11:14Z" duration="0.023211" asserts="0">
                <properties />
              </test-case>
              <test-case id="1653" name="SaveTwice_CreatesMainAndPreviousRevisionBackup" fullname="SpireChess.Tests.EditMode.AtomicSaveStorageTests.SaveTwice_CreatesMainAndPreviousRevisionBackup" methodname="SaveTwice_CreatesMainAndPreviousRevisionBackup" classname="SpireChess.Tests.EditMode.AtomicSaveStorageTests" runstate="Runnable" seed="578593636" result="Passed" start-time="2026-08-04 13:11:14Z" end-time="2026-08-04 13:11:14Z" duration="0.054028" asserts="0">
                <properties />
              </test-case>
              <test-case id="1652" name="StableSaveRoot_DoesNotChangeWithLocalizedProductName" fullname="SpireChess.Tests.EditMode.AtomicSaveStorageTests.StableSaveRoot_DoesNotChangeWithLocalizedProductName" methodname="StableSaveRoot_DoesNotChangeWithLocalizedProductName" classname="SpireChess.Tests.EditMode.AtomicSaveStorageTests" runstate="Runnable" seed="1663112400" result="Passed" start-time="2026-08-04 13:11:14Z" end-time="2026-08-04 13:11:14Z" duration="0.022897" asserts="0">
                <properties />
              </test-case>
              <test-case id="1655" name="TamperedPayload_IsRejectedByChecksum" fullname="SpireChess.Tests.EditMode.AtomicSaveStorageTests.TamperedPayload_IsRejectedByChecksum" methodname="TamperedPayload_IsRejectedByChecksum" classname="SpireChess.Tests.EditMode.AtomicSaveStorageTests" runstate="Runnable" seed="1101532356" result="Passed" start-time="2026-08-04 13:11:14Z" end-time="2026-08-04 13:11:15Z" duration="0.048521" asserts="0">
                <properties />
              </test-case>
            </test-suite>
            <test-suite type="TestFixture" id="1660" name="BattleUiPrefabTests" fullname="SpireChess.Tests.EditMode.BattleUiPrefabTests" classname="SpireChess.Tests.EditMode.BattleUiPrefabTests" runstate="Runnable" testcasecount="22" result="Passed" start-time="2026-08-04 13:11:15Z" end-time="2026-08-04 13:11:21Z" duration="6.588334" total="22" passed="22" failed="0" inconclusive="0" skipped="0" asserts="0">
              <properties />
              <test-case id="1676" name="BattleAudioMapping_UsesStructuredEventDataOnly" fullname="SpireChess.Tests.EditMode.BattleUiPrefabTests.BattleAudioMapping_UsesStructuredEventDataOnly" methodname="BattleAudioMapping_UsesStructuredEventDataOnly" classname="SpireChess.Tests.EditMode.BattleUiPrefabTests" runstate="Runnable" seed="1091598521" result="Passed" start-time="2026-08-04 13:11:15Z" end-time="2026-08-04 13:11:15Z" duration="0.063366" asserts="0">
                <properties />
              </test-case>
              <test-case id="1683" name="BattleScene_HasOneSerializedFormalRuntimePath" fullname="SpireChess.Tests.EditMode.BattleUiPrefabTests.BattleScene_HasOneSerializedFormalRuntimePath" methodname="BattleScene_HasOneSerializedFormalRuntimePath" classname="SpireChess.Tests.EditMode.BattleUiPrefabTests" runstate="Runnable" seed="2037255487" result="Passed" start-time="2026-08-04 13:11:15Z" end-time="2026-08-04 13:11:15Z" duration="0.016607" asserts="0">
                <properties />
              </test-case>
              <test-case id="1675" name="BlockedDamage_UsesDedicatedNonHealthFeedback" fullname="SpireChess.Tests.EditMode.BattleUiPrefabTests.BlockedDamage_UsesDedicatedNonHealthFeedback" methodname="BlockedDamage_UsesDedicatedNonHealthFeedback" classname="SpireChess.Tests.EditMode.BattleUiPrefabTests" runstate="Runnable" seed="681917089" result="Passed" start-time="2026-08-04 13:11:15Z" end-time="2026-08-04 13:11:15Z" duration="0.003887" asserts="0">
                <properties />
              </test-case>
              <test-case id="1662" name="CanvasAndRows_UseFrozenLayoutContract" fullname="SpireChess.Tests.EditMode.BattleUiPrefabTests.CanvasAndRows_UseFrozenLayoutContract" methodname="CanvasAndRows_UseFrozenLayoutContract" classname="SpireChess.Tests.EditMode.BattleUiPrefabTests" runstate="Runnable" seed="843846377" result="Passed" start-time="2026-08-04 13:11:15Z" end-time="2026-08-04 13:11:15Z" duration="0.059605" asserts="0">
                <properties />
              </test-case>
              <test-suite type="ParameterizedMethod" id="1674" name="PlaybackKinds_HaveDedicatedFeedbackMappings" fullname="SpireChess.Tests.EditMode.BattleUiPrefabTests.PlaybackKinds_HaveDedicatedFeedbackMappings" classname="SpireChess.Tests.EditMode.BattleUiPrefabTests" runstate="Runnable" testcasecount="10" result="Passed" start-time="2026-08-04 13:11:15Z" end-time="2026-08-04 13:11:15Z" duration="0.037525" total="10" passed="10" failed="0" inconclusive="0" skipped="0" asserts="0">
                <properties />
                <test-case id="1664" name="PlaybackKinds_HaveDedicatedFeedbackMappings(CombatStarted,&quot;battle_start&quot;)" fullname="SpireChess.Tests.EditMode.BattleUiPrefabTests.PlaybackKinds_HaveDedicatedFeedbackMappings(CombatStarted,&quot;battle_start&quot;)" methodname="PlaybackKinds_HaveDedicatedFeedbackMappings" classname="SpireChess.Tests.EditMode.BattleUiPrefabTests" runstate="Runnable" seed="2047807531" result="Passed" start-time="2026-08-04 13:11:15Z" end-time="2026-08-04 13:11:15Z" duration="0.004521" asserts="0">
                  <properties />
                </test-case>
                <test-case id="1665" name="PlaybackKinds_HaveDedicatedFeedbackMappings(RoundStarted,&quot;battle_round&quot;)" fullname="SpireChess.Tests.EditMode.BattleUiPrefabTests.PlaybackKinds_HaveDedicatedFeedbackMappings(RoundStarted,&quot;battle_round&quot;)" methodname="PlaybackKinds_HaveDedicatedFeedbackMappings" classname="SpireChess.Tests.EditMode.BattleUiPrefabTests" runstate="Runnable" seed="1087543783" result="Passed" start-time="2026-08-04 13:11:15Z" end-time="2026-08-04 13:11:15Z" duration="0.003474" asserts="0">
                  <properties />
                </test-case>
                <test-case id="1666" name="PlaybackKinds_HaveDedicatedFeedbackMappings(AttackStarted,&quot;battle_attack&quot;)" fullname="SpireChess.Tests.EditMode.BattleUiPrefabTests.PlaybackKinds_HaveDedicatedFeedbackMappings(AttackStarted,&quot;battle_attack&quot;)" methodname="PlaybackKinds_HaveDedicatedFeedbackMappings" classname="SpireChess.Tests.EditMode.BattleUiPrefabTests" runstate="Runnable" seed="18002313" result="Passed" start-time="2026-08-04 13:11:15Z" end-time="2026-08-04 13:11:15Z" duration="0.003293" asserts="0">
                  <properties />
                </test-case>
                <test-case id="1667" name="PlaybackKinds_HaveDedicatedFeedbackMappings(DamageApplied,&quot;battle_damage&quot;)" fullname="SpireChess.Tests.EditMode.BattleUiPrefabTests.PlaybackKinds_HaveDedicatedFeedbackMappings(DamageApplied,&quot;battle_damage&quot;)" methodname="PlaybackKinds_HaveDedicatedFeedbackMappings" classname="SpireChess.Tests.EditMode.BattleUiPrefabTests" runstate="Runnable" seed="1713091552" result="Passed" start-time="2026-08-04 13:11:15Z" end-time="2026-08-04 13:11:15Z" duration="0.003309" asserts="0">
                  <properties />
                </test-case>
                <test-case id="1668" name="PlaybackKinds_HaveDedicatedFeedbackMappings(ShieldGained,&quot;battle_shield_gain&quot;)" fullname="SpireChess.Tests.EditMode.BattleUiPrefabTests.PlaybackKinds_HaveDedicatedFeedbackMappings(ShieldGained,&quot;battle_shield_gain&quot;)" methodname="PlaybackKinds_HaveDedicatedFeedbackMappings" classname="SpireChess.Tests.EditMode.BattleUiPrefabTests" runstate="Runnable" seed="642644316" result="Passed" start-time="2026-08-04 13:11:15Z" end-time="2026-08-04 13:11:15Z" duration="0.003441" asserts="0">
                  <properties />
                </test-case>
                <test-case id="1669" name="PlaybackKinds_HaveDedicatedFeedbackMappings(ShieldLost,&quot;battle_shield_break&quot;)" fullname="SpireChess.Tests.EditMode.BattleUiPrefabTests.PlaybackKinds_HaveDedicatedFeedbackMappings(ShieldLost,&quot;battle_shield_break&quot;)" methodname="PlaybackKinds_HaveDedicatedFeedbackMappings" classname="SpireChess.Tests.EditMode.BattleUiPrefabTests" runstate="Runnable" seed="562014896" result="Passed" start-time="2026-08-04 13:11:15Z" end-time="2026-08-04 13:11:15Z" duration="0.003331" asserts="0">
                  <properties />
                </test-case>
                <test-case id="1670" name="PlaybackKinds_HaveDedicatedFeedbackMappings(StatsChanged,&quot;battle_stats&quot;)" fullname="SpireChess.Tests.EditMode.BattleUiPrefabTests.PlaybackKinds_HaveDedicatedFeedbackMappings(StatsChanged,&quot;battle_stats&quot;)" methodname="PlaybackKinds_HaveDedicatedFeedbackMappings" classname="SpireChess.Tests.EditMode.BattleUiPrefabTests" runstate="Runnable" seed="722734823" result="Passed" start-time="2026-08-04 13:11:15Z" end-time="2026-08-04 13:11:15Z" duration="0.003347" asserts="0">
                  <properties />
                </test-case>
                <test-case id="1671" name="PlaybackKinds_HaveDedicatedFeedbackMappings(UnitDied,&quot;battle_death&quot;)" fullname="SpireChess.Tests.EditMode.BattleUiPrefabTests.PlaybackKinds_HaveDedicatedFeedbackMappings(UnitDied,&quot;battle_death&quot;)" methodname="PlaybackKinds_HaveDedicatedFeedbackMappings" classname="SpireChess.Tests.EditMode.BattleUiPrefabTests" runstate="Runnable" seed="1266154103" result="Passed" start-time="2026-08-04 13:11:15Z" end-time="2026-08-04 13:11:15Z" duration="0.003277" asserts="0">
                  <properties />
                </test-case>
                <test-case id="1672" name="PlaybackKinds_HaveDedicatedFeedbackMappings(UnitSummoned,&quot;battle_summon&quot;)" fullname="SpireChess.Tests.EditMode.BattleUiPrefabTests.PlaybackKinds_HaveDedicatedFeedbackMappings(UnitSummoned,&quot;battle_summon&quot;)" methodname="PlaybackKinds_HaveDedicatedFeedbackMappings" classname="SpireChess.Tests.EditMode.BattleUiPrefabTests" runstate="Runnable" seed="348683953" result="Passed" start-time="2026-08-04 13:11:15Z" end-time="2026-08-04 13:11:15Z" duration="0.003264" asserts="0">
                  <properties />
                </test-case>
                <test-case id="1673" name="PlaybackKinds_HaveDedicatedFeedbackMappings(CombatEnded,&quot;battle_end&quot;)" fullname="SpireChess.Tests.EditMode.BattleUiPrefabTests.PlaybackKinds_HaveDedicatedFeedbackMappings(CombatEnded,&quot;battle_end&quot;)" methodname="PlaybackKinds_HaveDedicatedFeedbackMappings" classname="SpireChess.Tests.EditMode.BattleUiPrefabTests" runstate="Runnable" seed="1970685912" result="Passed" start-time="2026-08-04 13:11:15Z" end-time="2026-08-04 13:11:15Z" duration="0.003641" asserts="0">
                  <properties />
                </test-case>
              </test-suite>
              <test-case id="1661" name="Prefabs_HaveStableHierarchyAndCompleteBindings" fullname="SpireChess.Tests.EditMode.BattleUiPrefabTests.Prefabs_HaveStableHierarchyAndCompleteBindings" methodname="Prefabs_HaveStableHierarchyAndCompleteBindings" classname="SpireChess.Tests.EditMode.BattleUiPrefabTests" runstate="Runnable" seed="804846745" result="Passed" start-time="2026-08-04 13:11:15Z" end-time="2026-08-04 13:11:15Z" duration="0.006804" asserts="0">
                <properties />
              </test-case>
              <test-case id="1663" name="Render_PopulatesRowsAtSlotOriginAndClearsWithoutLeaks" fullname="SpireChess.Tests.EditMode.BattleUiPrefabTests.Render_PopulatesRowsAtSlotOriginAndClearsWithoutLeaks" methodname="Render_PopulatesRowsAtSlotOriginAndClearsWithoutLeaks" classname="SpireChess.Tests.EditMode.BattleUiPrefabTests" runstate="Runnable" seed="563828830" result="Passed" start-time="2026-08-04 13:11:15Z" end-time="2026-08-04 13:11:15Z" duration="0.027280" asserts="0">
                <properties />
              </test-case>
              <test-case id="1679" name="ResultLayer_MapsVictoryDefeatAndDrawWithoutOwningInput" fullname="SpireChess.Tests.EditMode.BattleUiPrefabTests.ResultLayer_MapsVictoryDefeatAndDrawWithoutOwningInput" methodname="ResultLayer_MapsVictoryDefeatAndDrawWithoutOwningInput" classname="SpireChess.Tests.EditMode.BattleUiPrefabTests" runstate="Runnable" seed="770305936" result="Passed" start-time="2026-08-04 13:11:15Z" end-time="2026-08-04 13:11:15Z" duration="0.004505" asserts="0">
                <properties />
              </test-case>
              <test-case id="1678" name="SnapAndClear_RestoresInterruptedStandeeAndResultState" fullname="SpireChess.Tests.EditMode.BattleUiPrefabTests.SnapAndClear_RestoresInterruptedStandeeAndResultState" methodname="SnapAndClear_RestoresInterruptedStandeeAndResultState" classname="SpireChess.Tests.EditMode.BattleUiPrefabTests" runstate="Runnable" seed="1409744166" result="Passed" start-time="2026-08-04 13:11:15Z" end-time="2026-08-04 13:11:15Z" duration="0.009291" asserts="0">
                <properties />
              </test-case>
              <test-case id="1681" name="Standee_RendersFourKeywordsTargetStateAndSharedDetail" fullname="SpireChess.Tests.EditMode.BattleUiPrefabTests.Standee_RendersFourKeywordsTargetStateAndSharedDetail" methodname="Standee_RendersFourKeywordsTargetStateAndSharedDetail" classname="SpireChess.Tests.EditMode.BattleUiPrefabTests" runstate="Runnable" seed="834885440" result="Passed" start-time="2026-08-04 13:11:15Z" end-time="2026-08-04 13:11:15Z" duration="0.017441" asserts="0">
                <properties />
              </test-case>
              <test-case id="1682" name="StandeeDetail_PreservesArtworkFallbackResolution" fullname="SpireChess.Tests.EditMode.BattleUiPrefabTests.StandeeDetail_PreservesArtworkFallbackResolution" methodname="StandeeDetail_PreservesArtworkFallbackResolution" classname="SpireChess.Tests.EditMode.BattleUiPrefabTests" runstate="Runnable" seed="879719660" result="Passed" start-time="2026-08-04 13:11:15Z" end-time="2026-08-04 13:11:21Z" duration="6.328036" asserts="0">
                <properties />
                <output><![CDATA[Presentation artwork 'missing_detail_art' is missing. Fallback: 'placeholder_card_forge_soul_shield_squire'.
]]></output>
              </test-case>
              <test-case id="1680" name="TwoTimesPlayback_OnlyHalvesPresentationDuration" fullname="SpireChess.Tests.EditMode.BattleUiPrefabTests.TwoTimesPlayback_OnlyHalvesPresentationDuration" methodname="TwoTimesPlayback_OnlyHalvesPresentationDuration" classname="SpireChess.Tests.EditMode.BattleUiPrefabTests" runstate="Runnable" seed="377783602" result="Passed" start-time="2026-08-04 13:11:21Z" end-time="2026-08-04 13:11:21Z" duration="0.004442" asserts="0">
                <properties />
              </test-case>
              <test-case id="1677" name="VfxLayer_UsesFinitePoolAndNeverBlocksInput" fullname="SpireChess.Tests.EditMode.BattleUiPrefabTests.VfxLayer_UsesFinitePoolAndNeverBlocksInput" methodname="VfxLayer_UsesFinitePoolAndNeverBlocksInput" classname="SpireChess.Tests.EditMode.BattleUiPrefabTests" runstate="Runnable" seed="683494805" result="Passed" start-time="2026-08-04 13:11:21Z" end-time="2026-08-04 13:11:21Z" duration="0.006254" asserts="0">
                <properties />
              </test-case>
            </test-suite>
            <test-suite type="TestFixture" id="1684" name="CardViewLayoutTests" fullname="SpireChess.Tests.EditMode.CardViewLayoutTests" classname="SpireChess.Tests.EditMode.CardViewLayoutTests" runstate="Runnable" testcasecount="6" result="Passed" start-time="2026-08-04 13:11:21Z" end-time="2026-08-04 13:11:21Z" duration="0.045858" total="6" passed="6" failed="0" inconclusive="0" skipped="0" asserts="0">
              <properties />
              <test-case id="1687" name="FullAndCompact_UseExactFrozenGeometryWithoutDrift" fullname="SpireChess.Tests.EditMode.CardViewLayoutTests.FullAndCompact_UseExactFrozenGeometryWithoutDrift" methodname="FullAndCompact_UseExactFrozenGeometryWithoutDrift" classname="SpireChess.Tests.EditMode.CardViewLayoutTests" runstate="Runnable" seed="517563893" result="Passed" start-time="2026-08-04 13:11:21Z" end-time="2026-08-04 13:11:21Z" duration="0.010043" asserts="0">
                <properties />
              </test-case>
              <test-case id="1685" name="Prefab_HasStableHierarchyAndCompleteBindings" fullname="SpireChess.Tests.EditMode.CardViewLayoutTests.Prefab_HasStableHierarchyAndCompleteBindings" methodname="Prefab_HasStableHierarchyAndCompleteBindings" classname="SpireChess.Tests.EditMode.CardViewLayoutTests" runstate="Runnable" seed="1177562273" result="Passed" start-time="2026-08-04 13:11:21Z" end-time="2026-08-04 13:11:21Z" duration="0.002509" asserts="0">
                <properties />
              </test-case>
              <test-case id="1691" name="RaycastAndTextSettings_PreserveRootInputOwnership" fullname="SpireChess.Tests.EditMode.CardViewLayoutTests.RaycastAndTextSettings_PreserveRootInputOwnership" methodname="RaycastAndTextSettings_PreserveRootInputOwnership" classname="SpireChess.Tests.EditMode.CardViewLayoutTests" runstate="Runnable" seed="394113605" result="Passed" start-time="2026-08-04 13:11:21Z" end-time="2026-08-04 13:11:21Z" duration="0.001960" asserts="0">
                <properties />
              </test-case>
              <test-case id="1686" name="ShopUiPreview_DoesNotSerializeGoldenIdentityText" fullname="SpireChess.Tests.EditMode.CardViewLayoutTests.ShopUiPreview_DoesNotSerializeGoldenIdentityText" methodname="ShopUiPreview_DoesNotSerializeGoldenIdentityText" classname="SpireChess.Tests.EditMode.CardViewLayoutTests" runstate="Runnable" seed="1161408033" result="Passed" start-time="2026-08-04 13:11:21Z" end-time="2026-08-04 13:11:21Z" duration="0.025380" asserts="0">
                <properties />
              </test-case>
              <test-suite type="ParameterizedMethod" id="1690" name="TypeLine_StaysInsideTheFrameSafeOpening" fullname="SpireChess.Tests.EditMode.CardViewLayoutTests.TypeLine_StaysInsideTheFrameSafeOpening" classname="SpireChess.Tests.EditMode.CardViewLayoutTests" runstate="Runnable" testcasecount="2" result="Passed" start-time="2026-08-04 13:11:21Z" end-time="2026-08-04 13:11:21Z" duration="0.003999" total="2" passed="2" failed="0" inconclusive="0" skipped="0" asserts="0">
                <properties />
                <test-case id="1688" name="TypeLine_StaysInsideTheFrameSafeOpening(Full,30.0f,232.0f,210.0f,256.0f)" fullname="SpireChess.Tests.EditMode.CardViewLayoutTests.TypeLine_StaysInsideTheFrameSafeOpening(Full,30.0f,232.0f,210.0f,256.0f)" methodname="TypeLine_StaysInsideTheFrameSafeOpening" classname="SpireChess.Tests.EditMode.CardViewLayoutTests" runstate="Runnable" seed="978659089" result="Passed" start-time="2026-08-04 13:11:21Z" end-time="2026-08-04 13:11:21Z" duration="0.002034" asserts="0">
                  <properties />
                </test-case>
                <test-case id="1689" name="TypeLine_StaysInsideTheFrameSafeOpening(Compact,20.0f,152.0f,140.0f,171.0f)" fullname="SpireChess.Tests.EditMode.CardViewLayoutTests.TypeLine_StaysInsideTheFrameSafeOpening(Compact,20.0f,152.0f,140.0f,171.0f)" methodname="TypeLine_StaysInsideTheFrameSafeOpening" classname="SpireChess.Tests.EditMode.CardViewLayoutTests" runstate="Runnable" seed="678175280" result="Passed" start-time="2026-08-04 13:11:21Z" end-time="2026-08-04 13:11:21Z" duration="0.001271" asserts="0">
                  <properties />
                </test-case>
              </test-suite>
            </test-suite>
            <test-suite type="TestFixture" id="1692" name="CardViewModelFactoryTests" fullname="SpireChess.Tests.EditMode.CardViewModelFactoryTests" classname="SpireChess.Tests.EditMode.CardViewModelFactoryTests" runstate="Runnable" testcasecount="8" result="Passed" start-time="2026-08-04 13:11:21Z" end-time="2026-08-04 13:11:21Z" duration="0.047263" total="8" passed="8" failed="0" inconclusive="0" skipped="0" asserts="0">
              <properties />
              <test-case id="1700" name="Factory_RejectsNullInputs" fullname="SpireChess.Tests.EditMode.CardViewModelFactoryTests.Factory_RejectsNullInputs" methodname="Factory_RejectsNullInputs" classname="SpireChess.Tests.EditMode.CardViewModelFactoryTests" runstate="Runnable" seed="1558233039" result="Passed" start-time="2026-08-04 13:11:21Z" end-time="2026-08-04 13:11:21Z" duration="0.001575" asserts="0">
                <properties />
              </test-case>
              <test-case id="1693" name="MinionOffer_UsesFullNormalLayoutAndEconomyCost" fullname="SpireChess.Tests.EditMode.CardViewModelFactoryTests.MinionOffer_UsesFullNormalLayoutAndEconomyCost" methodname="MinionOffer_UsesFullNormalLayoutAndEconomyCost" classname="SpireChess.Tests.EditMode.CardViewModelFactoryTests" runstate="Runnable" seed="292457352" result="Passed" start-time="2026-08-04 13:11:21Z" end-time="2026-08-04 13:11:21Z" duration="0.001507" asserts="0">
                <properties />
              </test-case>
              <test-case id="1696" name="OwnedGoldenMinion_MapsGrowthAndBothShieldStates" fullname="SpireChess.Tests.EditMode.CardViewModelFactoryTests.OwnedGoldenMinion_MapsGrowthAndBothShieldStates" methodname="OwnedGoldenMinion_MapsGrowthAndBothShieldStates" classname="SpireChess.Tests.EditMode.CardViewModelFactoryTests" runstate="Runnable" seed="1553208734" result="Passed" start-time="2026-08-04 13:11:21Z" end-time="2026-08-04 13:11:21Z" duration="0.010043" asserts="0">
                <properties />
              </test-case>
              <test-case id="1698" name="OwnedTemporarySpell_UsesCompactSpellVariant" fullname="SpireChess.Tests.EditMode.CardViewModelFactoryTests.OwnedTemporarySpell_UsesCompactSpellVariant" methodname="OwnedTemporarySpell_UsesCompactSpellVariant" classname="SpireChess.Tests.EditMode.CardViewModelFactoryTests" runstate="Runnable" seed="154193660" result="Passed" start-time="2026-08-04 13:11:21Z" end-time="2026-08-04 13:11:21Z" duration="0.001015" asserts="0">
                <properties />
              </test-case>
              <test-case id="1697" name="OwnedToken_PreservesTokenIdentity" fullname="SpireChess.Tests.EditMode.CardViewModelFactoryTests.OwnedToken_PreservesTokenIdentity" methodname="OwnedToken_PreservesTokenIdentity" classname="SpireChess.Tests.EditMode.CardViewModelFactoryTests" runstate="Runnable" seed="1438161060" result="Passed" start-time="2026-08-04 13:11:21Z" end-time="2026-08-04 13:11:21Z" duration="0.000350" asserts="0">
                <properties />
              </test-case>
              <test-case id="1699" name="ReleasedContent_AllTagsAndKeywordsHavePlayerFacingLabels" fullname="SpireChess.Tests.EditMode.CardViewModelFactoryTests.ReleasedContent_AllTagsAndKeywordsHavePlayerFacingLabels" methodname="ReleasedContent_AllTagsAndKeywordsHavePlayerFacingLabels" classname="SpireChess.Tests.EditMode.CardViewModelFactoryTests" runstate="Runnable" seed="1920312753" result="Passed" start-time="2026-08-04 13:11:21Z" end-time="2026-08-04 13:11:21Z" duration="0.030415" asserts="0">
                <properties />
              </test-case>
              <test-case id="1694" name="SpellOffer_UsesFullSpellVariantAndFixedEconomyCost" fullname="SpireChess.Tests.EditMode.CardViewModelFactoryTests.SpellOffer_UsesFullSpellVariantAndFixedEconomyCost" methodname="SpellOffer_UsesFullSpellVariantAndFixedEconomyCost" classname="SpireChess.Tests.EditMode.CardViewModelFactoryTests" runstate="Runnable" seed="1564219337" result="Passed" start-time="2026-08-04 13:11:21Z" end-time="2026-08-04 13:11:21Z" duration="0.000808" asserts="0">
                <properties />
              </test-case>
              <test-case id="1695" name="TokenOffer_MapsTokenIdentityAndSuppressesCost" fullname="SpireChess.Tests.EditMode.CardViewModelFactoryTests.TokenOffer_MapsTokenIdentityAndSuppressesCost" methodname="TokenOffer_MapsTokenIdentityAndSuppressesCost" classname="SpireChess.Tests.EditMode.CardViewModelFactoryTests" runstate="Runnable" seed="868897425" result="Passed" start-time="2026-08-04 13:11:21Z" end-time="2026-08-04 13:11:21Z" duration="0.000331" asserts="0">
                <properties />
              </test-case>
            </test-suite>
            <test-suite type="TestFixture" id="1701" name="CardViewRenderTests" fullname="SpireChess.Tests.EditMode.CardViewRenderTests" classname="SpireChess.Tests.EditMode.CardViewRenderTests" runstate="Runnable" testcasecount="22" result="Passed" start-time="2026-08-04 13:11:21Z" end-time="2026-08-04 13:11:28Z" duration="6.380900" total="22" passed="22" failed="0" inconclusive="0" skipped="0" asserts="0">
              <properties />
              <test-case id="1718" name="BattleCardStats_FitLargeValuesAndRestoreBaseFontSize" fullname="SpireChess.Tests.EditMode.CardViewRenderTests.BattleCardStats_FitLargeValuesAndRestoreBaseFontSize" methodname="BattleCardStats_FitLargeValuesAndRestoreBaseFontSize" classname="SpireChess.Tests.EditMode.CardViewRenderTests" runstate="Runnable" seed="1268647723" result="Passed" start-time="2026-08-04 13:11:21Z" end-time="2026-08-04 13:11:21Z" duration="0.003489" asserts="0">
                <properties />
              </test-case>
              <test-case id="1720" name="ClassificationLabelsStayHiddenWhileProgressUsesFrozenRects" fullname="SpireChess.Tests.EditMode.CardViewRenderTests.ClassificationLabelsStayHiddenWhileProgressUsesFrozenRects" methodname="ClassificationLabelsStayHiddenWhileProgressUsesFrozenRects" classname="SpireChess.Tests.EditMode.CardViewRenderTests" runstate="Runnable" seed="1466267614" result="Passed" start-time="2026-08-04 13:11:21Z" end-time="2026-08-04 13:11:21Z" duration="0.003072" asserts="0">
                <properties />
              </test-case>
              <test-case id="1726" name="CompactLongDescription_EllipsizesAtUnicodeTextElementBoundary" fullname="SpireChess.Tests.EditMode.CardViewRenderTests.CompactLongDescription_EllipsizesAtUnicodeTextElementBoundary" methodname="CompactLongDescription_EllipsizesAtUnicodeTextElementBoundary" classname="SpireChess.Tests.EditMode.CardViewRenderTests" runstate="Runnable" seed="617525171" result="Passed" start-time="2026-08-04 13:11:21Z" end-time="2026-08-04 13:11:21Z" duration="0.005666" asserts="0">
                <properties />
              </test-case>
              <test-case id="1704" name="CompactOwnedGoldenMinion_UsesFrameAndNameColorWithoutGoldenText" fullname="SpireChess.Tests.EditMode.CardViewRenderTests.CompactOwnedGoldenMinion_UsesFrameAndNameColorWithoutGoldenText" methodname="CompactOwnedGoldenMinion_UsesFrameAndNameColorWithoutGoldenText" classname="SpireChess.Tests.EditMode.CardViewRenderTests" runstate="Runnable" seed="39716767" result="Passed" start-time="2026-08-04 13:11:21Z" end-time="2026-08-04 13:11:21Z" duration="0.008386" asserts="0">
                <properties />
              </test-case>
              <test-case id="1723" name="EffectlessToken_UsesAuthoredDescription" fullname="SpireChess.Tests.EditMode.CardViewRenderTests.EffectlessToken_UsesAuthoredDescription" methodname="EffectlessToken_UsesAuthoredDescription" classname="SpireChess.Tests.EditMode.CardViewRenderTests" runstate="Runnable" seed="497836105" result="Passed" start-time="2026-08-04 13:11:21Z" end-time="2026-08-04 13:11:21Z" duration="0.038349" asserts="0">
                <properties />
              </test-case>
              <test-case id="1722" name="Feedback_FormatsStatDeltaPulsesShieldAndResetsOnRender" fullname="SpireChess.Tests.EditMode.CardViewRenderTests.Feedback_FormatsStatDeltaPulsesShieldAndResetsOnRender" methodname="Feedback_FormatsStatDeltaPulsesShieldAndResetsOnRender" classname="SpireChess.Tests.EditMode.CardViewRenderTests" runstate="Runnable" seed="301228168" result="Passed" start-time="2026-08-04 13:11:21Z" end-time="2026-08-04 13:11:21Z" duration="0.003262" asserts="0">
                <properties />
              </test-case>
              <test-suite type="ParameterizedMethod" id="1717" name="FourDigitStats_FitSlotsAndRestoreBaseFontSize" fullname="SpireChess.Tests.EditMode.CardViewRenderTests.FourDigitStats_FitSlotsAndRestoreBaseFontSize" classname="SpireChess.Tests.EditMode.CardViewRenderTests" runstate="Runnable" testcasecount="2" result="Passed" start-time="2026-08-04 13:11:21Z" end-time="2026-08-04 13:11:21Z" duration="0.006355" total="2" passed="2" failed="0" inconclusive="0" skipped="0" asserts="0">
                <properties />
                <test-case id="1715" name="FourDigitStats_FitSlotsAndRestoreBaseFontSize(Full,22)" fullname="SpireChess.Tests.EditMode.CardViewRenderTests.FourDigitStats_FitSlotsAndRestoreBaseFontSize(Full,22)" methodname="FourDigitStats_FitSlotsAndRestoreBaseFontSize" classname="SpireChess.Tests.EditMode.CardViewRenderTests" runstate="Runnable" seed="599088300" result="Passed" start-time="2026-08-04 13:11:21Z" end-time="2026-08-04 13:11:21Z" duration="0.003145" asserts="0">
                  <properties />
                </test-case>
                <test-case id="1716" name="FourDigitStats_FitSlotsAndRestoreBaseFontSize(Compact,16)" fullname="SpireChess.Tests.EditMode.CardViewRenderTests.FourDigitStats_FitSlotsAndRestoreBaseFontSize(Compact,16)" methodname="FourDigitStats_FitSlotsAndRestoreBaseFontSize" classname="SpireChess.Tests.EditMode.CardViewRenderTests" runstate="Runnable" seed="33396398" result="Passed" start-time="2026-08-04 13:11:21Z" end-time="2026-08-04 13:11:21Z" duration="0.002113" asserts="0">
                  <properties />
                </test-case>
              </test-suite>
              <test-case id="1703" name="FourVariants_ReRenderWithoutStateLeakage" fullname="SpireChess.Tests.EditMode.CardViewRenderTests.FourVariants_ReRenderWithoutStateLeakage" methodname="FourVariants_ReRenderWithoutStateLeakage" classname="SpireChess.Tests.EditMode.CardViewRenderTests" runstate="Runnable" seed="447231209" result="Passed" start-time="2026-08-04 13:11:21Z" end-time="2026-08-04 13:11:21Z" duration="0.004705" asserts="0">
                <properties />
              </test-case>
              <test-case id="1724" name="FullMode_UsesActualFontAndPreservesCurrentLongestDescriptions" fullname="SpireChess.Tests.EditMode.CardViewRenderTests.FullMode_UsesActualFontAndPreservesCurrentLongestDescriptions" methodname="FullMode_UsesActualFontAndPreservesCurrentLongestDescriptions" classname="SpireChess.Tests.EditMode.CardViewRenderTests" runstate="Runnable" seed="700077087" result="Passed" start-time="2026-08-04 13:11:21Z" end-time="2026-08-04 13:11:21Z" duration="0.028586" asserts="0">
                <properties />
              </test-case>
              <test-case id="1713" name="FurnaceKing_NormalGoldenSwitchKeepsArtworkAndChangesFrameSprite" fullname="SpireChess.Tests.EditMode.CardViewRenderTests.FurnaceKing_NormalGoldenSwitchKeepsArtworkAndChangesFrameSprite" methodname="FurnaceKing_NormalGoldenSwitchKeepsArtworkAndChangesFrameSprite" classname="SpireChess.Tests.EditMode.CardViewRenderTests" runstate="Runnable" seed="559399852" result="Passed" start-time="2026-08-04 13:11:21Z" end-time="2026-08-04 13:11:28Z" duration="6.252517" asserts="0">
                <properties />
              </test-case>
              <test-case id="1719" name="LegacyBattleCardView_GoldenMinionDoesNotPrefixName" fullname="SpireChess.Tests.EditMode.CardViewRenderTests.LegacyBattleCardView_GoldenMinionDoesNotPrefixName" methodname="LegacyBattleCardView_GoldenMinionDoesNotPrefixName" classname="SpireChess.Tests.EditMode.CardViewRenderTests" runstate="Runnable" seed="1040163560" result="Passed" start-time="2026-08-04 13:11:28Z" end-time="2026-08-04 13:11:28Z" duration="0.001749" asserts="0">
                <properties />
              </test-case>
              <test-case id="1705" name="MinionTokenSpellAndGolden_UseDistinctTypeFooterAndFrameTint" fullname="SpireChess.Tests.EditMode.CardViewRenderTests.MinionTokenSpellAndGolden_UseDistinctTypeFooterAndFrameTint" methodname="MinionTokenSpellAndGolden_UseDistinctTypeFooterAndFrameTint" classname="SpireChess.Tests.EditMode.CardViewRenderTests" runstate="Runnable" seed="1905457424" result="Passed" start-time="2026-08-04 13:11:28Z" end-time="2026-08-04 13:11:28Z" duration="0.002558" asserts="0">
                <properties />
              </test-case>
              <test-case id="1714" name="NumericComponents_UseCatalogSpritesAndBareTierNumber" fullname="SpireChess.Tests.EditMode.CardViewRenderTests.NumericComponents_UseCatalogSpritesAndBareTierNumber" methodname="NumericComponents_UseCatalogSpritesAndBareTierNumber" classname="SpireChess.Tests.EditMode.CardViewRenderTests" runstate="Runnable" seed="1196539547" result="Passed" start-time="2026-08-04 13:11:28Z" end-time="2026-08-04 13:11:28Z" duration="0.001973" asserts="0">
                <properties />
              </test-case>
              <test-case id="1702" name="Render_NullModelFailsExplicitly" fullname="SpireChess.Tests.EditMode.CardViewRenderTests.Render_NullModelFailsExplicitly" methodname="Render_NullModelFailsExplicitly" classname="SpireChess.Tests.EditMode.CardViewRenderTests" runstate="Runnable" seed="913817950" result="Passed" start-time="2026-08-04 13:11:28Z" end-time="2026-08-04 13:11:28Z" duration="0.001320" asserts="0">
                <properties />
              </test-case>
              <test-case id="1725" name="ScaledCanvas_EllipsizesInLogicalUiUnits" fullname="SpireChess.Tests.EditMode.CardViewRenderTests.ScaledCanvas_EllipsizesInLogicalUiUnits" methodname="ScaledCanvas_EllipsizesInLogicalUiUnits" classname="SpireChess.Tests.EditMode.CardViewRenderTests" runstate="Runnable" seed="1749530499" result="Passed" start-time="2026-08-04 13:11:28Z" end-time="2026-08-04 13:11:28Z" duration="0.003021" asserts="0">
                <properties />
              </test-case>
              <test-case id="1709" name="ShieldOverlay_DistinguishesPersistentAndNextCombatShield" fullname="SpireChess.Tests.EditMode.CardViewRenderTests.ShieldOverlay_DistinguishesPersistentAndNextCombatShield" methodname="ShieldOverlay_DistinguishesPersistentAndNextCombatShield" classname="SpireChess.Tests.EditMode.CardViewRenderTests" runstate="Runnable" seed="475167730" result="Passed" start-time="2026-08-04 13:11:28Z" end-time="2026-08-04 13:11:28Z" duration="0.002148" asserts="0">
                <properties />
              </test-case>
              <test-suite type="ParameterizedMethod" id="1712" name="StateBadges_OnlyVisibleItemsShareTheWholeRow" fullname="SpireChess.Tests.EditMode.CardViewRenderTests.StateBadges_OnlyVisibleItemsShareTheWholeRow" classname="SpireChess.Tests.EditMode.CardViewRenderTests" runstate="Runnable" testcasecount="2" result="Passed" start-time="2026-08-04 13:11:28Z" end-time="2026-08-04 13:11:28Z" duration="0.004883" total="2" passed="2" failed="0" inconclusive="0" skipped="0" asserts="0">
                <properties />
                <test-case id="1710" name="StateBadges_OnlyVisibleItemsShareTheWholeRow(Full,152.0f,22.0f)" fullname="SpireChess.Tests.EditMode.CardViewRenderTests.StateBadges_OnlyVisibleItemsShareTheWholeRow(Full,152.0f,22.0f)" methodname="StateBadges_OnlyVisibleItemsShareTheWholeRow" classname="SpireChess.Tests.EditMode.CardViewRenderTests" runstate="Runnable" seed="1463662970" result="Passed" start-time="2026-08-04 13:11:28Z" end-time="2026-08-04 13:11:28Z" duration="0.002271" asserts="0">
                  <properties />
                </test-case>
                <test-case id="1711" name="StateBadges_OnlyVisibleItemsShareTheWholeRow(Compact,104.0f,18.0f)" fullname="SpireChess.Tests.EditMode.CardViewRenderTests.StateBadges_OnlyVisibleItemsShareTheWholeRow(Compact,104.0f,18.0f)" methodname="StateBadges_OnlyVisibleItemsShareTheWholeRow" classname="SpireChess.Tests.EditMode.CardViewRenderTests" runstate="Runnable" seed="1167794845" result="Passed" start-time="2026-08-04 13:11:28Z" end-time="2026-08-04 13:11:28Z" duration="0.001649" asserts="0">
                  <properties />
                </test-case>
              </test-suite>
              <test-case id="1721" name="StatePriority_DisabledCardSuppressesTargetAndGrowthFeedback" fullname="SpireChess.Tests.EditMode.CardViewRenderTests.StatePriority_DisabledCardSuppressesTargetAndGrowthFeedback" methodname="StatePriority_DisabledCardSuppressesTargetAndGrowthFeedback" classname="SpireChess.Tests.EditMode.CardViewRenderTests" runstate="Runnable" seed="1300410467" result="Passed" start-time="2026-08-04 13:11:28Z" end-time="2026-08-04 13:11:28Z" duration="0.001928" asserts="0">
                <properties />
              </test-case>
              <test-suite type="ParameterizedMethod" id="1708" name="TypeLine_UsesReadableFontInsideItsSingleLineArea" fullname="SpireChess.Tests.EditMode.CardViewRenderTests.TypeLine_UsesReadableFontInsideItsSingleLineArea" classname="SpireChess.Tests.EditMode.CardViewRenderTests" runstate="Runnable" testcasecount="2" result="Passed" start-time="2026-08-04 13:11:28Z" end-time="2026-08-04 13:11:28Z" duration="0.004439" total="2" passed="2" failed="0" inconclusive="0" skipped="0" asserts="0">
                <properties />
                <test-case id="1706" name="TypeLine_UsesReadableFontInsideItsSingleLineArea(Full,16)" fullname="SpireChess.Tests.EditMode.CardViewRenderTests.TypeLine_UsesReadableFontInsideItsSingleLineArea(Full,16)" methodname="TypeLine_UsesReadableFontInsideItsSingleLineArea" classname="SpireChess.Tests.EditMode.CardViewRenderTests" runstate="Runnable" seed="1284305273" result="Passed" start-time="2026-08-04 13:11:28Z" end-time="2026-08-04 13:11:28Z" duration="0.002093" asserts="0">
                  <properties />
                </test-case>
                <test-case id="1707" name="TypeLine_UsesReadableFontInsideItsSingleLineArea(Compact,13)" fullname="SpireChess.Tests.EditMode.CardViewRenderTests.TypeLine_UsesReadableFontInsideItsSingleLineArea(Compact,13)" methodname="TypeLine_UsesReadableFontInsideItsSingleLineArea" classname="SpireChess.Tests.EditMode.CardViewRenderTests" runstate="Runnable" seed="2032631696" result="Passed" start-time="2026-08-04 13:11:28Z" end-time="2026-08-04 13:11:28Z" duration="0.001916" asserts="0">
                  <properties />
                </test-case>
              </test-suite>
            </test-suite>
            <test-suite type="TestFixture" id="1727" name="ChapterEncounterIdentityTests" fullname="SpireChess.Tests.EditMode.ChapterEncounterIdentityTests" classname="SpireChess.Tests.EditMode.ChapterEncounterIdentityTests" runstate="Runnable" testcasecount="10" result="Passed" start-time="2026-08-04 13:11:28Z" end-time="2026-08-04 13:11:28Z" duration="0.251331" total="10" passed="10" failed="0" inconclusive="0" skipped="0" asserts="0">
              <properties />
              <test-case id="1732" name="ChapterBosses_EscalateStatsAndLossPressure" fullname="SpireChess.Tests.EditMode.ChapterEncounterIdentityTests.ChapterBosses_EscalateStatsAndLossPressure" methodname="ChapterBosses_EscalateStatsAndLossPressure" classname="SpireChess.Tests.EditMode.ChapterEncounterIdentityTests" runstate="Runnable" seed="1322523771" result="Passed" start-time="2026-08-04 13:11:28Z" end-time="2026-08-04 13:11:28Z" duration="0.023106" asserts="0">
                <properties />
              </test-case>
              <test-case id="1737" name="ChapterBosses_SimulateTheirSignatureMechanics" fullname="SpireChess.Tests.EditMode.ChapterEncounterIdentityTests.ChapterBosses_SimulateTheirSignatureMechanics" methodname="ChapterBosses_SimulateTheirSignatureMechanics" classname="SpireChess.Tests.EditMode.ChapterEncounterIdentityTests" runstate="Runnable" seed="1818006493" result="Passed" start-time="2026-08-04 13:11:28Z" end-time="2026-08-04 13:11:28Z" duration="0.023622" asserts="0">
                <properties />
              </test-case>
              <test-case id="1729" name="EveryMapEncounter_ExpressesItsChapterSignature" fullname="SpireChess.Tests.EditMode.ChapterEncounterIdentityTests.EveryMapEncounter_ExpressesItsChapterSignature" methodname="EveryMapEncounter_ExpressesItsChapterSignature" classname="SpireChess.Tests.EditMode.ChapterEncounterIdentityTests" runstate="Runnable" seed="1647231157" result="Passed" start-time="2026-08-04 13:11:28Z" end-time="2026-08-04 13:11:28Z" duration="0.021978" asserts="0">
                <properties />
              </test-case>
              <test-case id="1731" name="F3FrontAndMidEncounters_StageGoldenShieldDensity" fullname="SpireChess.Tests.EditMode.ChapterEncounterIdentityTests.F3FrontAndMidEncounters_StageGoldenShieldDensity" methodname="F3FrontAndMidEncounters_StageGoldenShieldDensity" classname="SpireChess.Tests.EditMode.ChapterEncounterIdentityTests" runstate="Runnable" seed="729877683" result="Passed" start-time="2026-08-04 13:11:28Z" end-time="2026-08-04 13:11:28Z" duration="0.020919" asserts="0">
                <properties />
              </test-case>
              <test-case id="1730" name="LateBranches_CreateDifferentThreatProfiles" fullname="SpireChess.Tests.EditMode.ChapterEncounterIdentityTests.LateBranches_CreateDifferentThreatProfiles" methodname="LateBranches_CreateDifferentThreatProfiles" classname="SpireChess.Tests.EditMode.ChapterEncounterIdentityTests" runstate="Runnable" seed="236614735" result="Passed" start-time="2026-08-04 13:11:28Z" end-time="2026-08-04 13:11:28Z" duration="0.020680" asserts="0">
                <properties />
              </test-case>
              <test-case id="1728" name="MapAndEventEncounters_UseOnlyTheirChapterFaction" fullname="SpireChess.Tests.EditMode.ChapterEncounterIdentityTests.MapAndEventEncounters_UseOnlyTheirChapterFaction" methodname="MapAndEventEncounters_UseOnlyTheirChapterFaction" classname="SpireChess.Tests.EditMode.ChapterEncounterIdentityTests" runstate="Runnable" seed="1260929439" result="Passed" start-time="2026-08-04 13:11:28Z" end-time="2026-08-04 13:11:28Z" duration="0.021160" asserts="0">
                <properties />
              </test-case>
              <test-case id="1733" name="ThreatRatings_EscalateAcrossChaptersAndSeparateRoutes" fullname="SpireChess.Tests.EditMode.ChapterEncounterIdentityTests.ThreatRatings_EscalateAcrossChaptersAndSeparateRoutes" methodname="ThreatRatings_EscalateAcrossChaptersAndSeparateRoutes" classname="SpireChess.Tests.EditMode.ChapterEncounterIdentityTests" runstate="Runnable" seed="1067343283" result="Passed" start-time="2026-08-04 13:11:28Z" end-time="2026-08-04 13:11:28Z" duration="0.025177" asserts="0">
                <properties />
              </test-case>
              <test-case id="1734" name="ValidatorRejectsCrossFactionAndUnsupportedEncounterKeyword" fullname="SpireChess.Tests.EditMode.ChapterEncounterIdentityTests.ValidatorRejectsCrossFactionAndUnsupportedEncounterKeyword" methodname="ValidatorRejectsCrossFactionAndUnsupportedEncounterKeyword" classname="SpireChess.Tests.EditMode.ChapterEncounterIdentityTests" runstate="Runnable" seed="33424859" result="Passed" start-time="2026-08-04 13:11:28Z" end-time="2026-08-04 13:11:28Z" duration="0.047862" asserts="0">
                <properties />
              </test-case>
              <test-case id="1735" name="ValidatorRejectsCrossFactionEventFollowup" fullname="SpireChess.Tests.EditMode.ChapterEncounterIdentityTests.ValidatorRejectsCrossFactionEventFollowup" methodname="ValidatorRejectsCrossFactionEventFollowup" classname="SpireChess.Tests.EditMode.ChapterEncounterIdentityTests" runstate="Runnable" seed="1976152117" result="Passed" start-time="2026-08-04 13:11:28Z" end-time="2026-08-04 13:11:28Z" duration="0.023255" asserts="0">
                <properties />
              </test-case>
              <test-case id="1736" name="ValidatorRejectsStaleFormationAndLossPressureText" fullname="SpireChess.Tests.EditMode.ChapterEncounterIdentityTests.ValidatorRejectsStaleFormationAndLossPressureText" methodname="ValidatorRejectsStaleFormationAndLossPressureText" classname="SpireChess.Tests.EditMode.ChapterEncounterIdentityTests" runstate="Runnable" seed="895041715" result="Passed" start-time="2026-08-04 13:11:28Z" end-time="2026-08-04 13:11:28Z" duration="0.021629" asserts="0">
                <properties />
              </test-case>
            </test-suite>
            <test-suite type="TestFixture" id="1738" name="ChapterEncounterSamplingTests" fullname="SpireChess.Tests.EditMode.ChapterEncounterSamplingTests" classname="SpireChess.Tests.EditMode.ChapterEncounterSamplingTests" runstate="Runnable" testcasecount="11" result="Passed" start-time="2026-08-04 13:11:28Z" end-time="2026-08-04 13:11:28Z" duration="0.342437" total="11" passed="11" failed="0" inconclusive="0" skipped="0" asserts="0">
              <properties />
              <test-case id="1747" name="Analyzer_FlagsSafetyHardCountersRouteOrderBossAndLevelInversion" fullname="SpireChess.Tests.EditMode.ChapterEncounterSamplingTests.Analyzer_FlagsSafetyHardCountersRouteOrderBossAndLevelInversion" methodname="Analyzer_FlagsSafetyHardCountersRouteOrderBossAndLevelInversion" classname="SpireChess.Tests.EditMode.ChapterEncounterSamplingTests" runstate="Runnable" seed="1038751912" result="Passed" start-time="2026-08-04 13:11:28Z" end-time="2026-08-04 13:11:28Z" duration="0.059671" asserts="0">
                <properties />
              </test-case>
              <test-case id="1739" name="Catalog_IncludesAllReachableFormalMapAndEventEncounters" fullname="SpireChess.Tests.EditMode.ChapterEncounterSamplingTests.Catalog_IncludesAllReachableFormalMapAndEventEncounters" methodname="Catalog_IncludesAllReachableFormalMapAndEventEncounters" classname="SpireChess.Tests.EditMode.ChapterEncounterSamplingTests" runstate="Runnable" seed="1912619596" result="Passed" start-time="2026-08-04 13:11:28Z" end-time="2026-08-04 13:11:28Z" duration="0.029696" asserts="0">
                <properties />
              </test-case>
              <test-case id="1749" name="EvidenceHasher_RecordsStableSortedSha256Manifest" fullname="SpireChess.Tests.EditMode.ChapterEncounterSamplingTests.EvidenceHasher_RecordsStableSortedSha256Manifest" methodname="EvidenceHasher_RecordsStableSortedSha256Manifest" classname="SpireChess.Tests.EditMode.ChapterEncounterSamplingTests" runstate="Runnable" seed="55459759" result="Passed" start-time="2026-08-04 13:11:28Z" end-time="2026-08-04 13:11:28Z" duration="0.028040" asserts="0">
                <properties />
              </test-case>
              <test-case id="1743" name="ProgressFixtures_ApplyExistingFlourishToFieldedWildSpirits" fullname="SpireChess.Tests.EditMode.ChapterEncounterSamplingTests.ProgressFixtures_ApplyExistingFlourishToFieldedWildSpirits" methodname="ProgressFixtures_ApplyExistingFlourishToFieldedWildSpirits" classname="SpireChess.Tests.EditMode.ChapterEncounterSamplingTests" runstate="Runnable" seed="1068976319" result="Passed" start-time="2026-08-04 13:11:28Z" end-time="2026-08-04 13:11:28Z" duration="0.024871" asserts="0">
                <properties />
              </test-case>
              <test-case id="1745" name="ProgressFixtures_ApplyF1RosterOverlaysAndEarlyArchetypeAnchors" fullname="SpireChess.Tests.EditMode.ChapterEncounterSamplingTests.ProgressFixtures_ApplyF1RosterOverlaysAndEarlyArchetypeAnchors" methodname="ProgressFixtures_ApplyF1RosterOverlaysAndEarlyArchetypeAnchors" classname="SpireChess.Tests.EditMode.ChapterEncounterSamplingTests" runstate="Runnable" seed="869864598" result="Passed" start-time="2026-08-04 13:11:28Z" end-time="2026-08-04 13:11:28Z" duration="0.024788" asserts="0">
                <properties />
              </test-case>
              <test-case id="1746" name="ProgressFixtures_ApplyF2ProgressionAndArchetypeAnchors" fullname="SpireChess.Tests.EditMode.ChapterEncounterSamplingTests.ProgressFixtures_ApplyF2ProgressionAndArchetypeAnchors" methodname="ProgressFixtures_ApplyF2ProgressionAndArchetypeAnchors" classname="SpireChess.Tests.EditMode.ChapterEncounterSamplingTests" runstate="Runnable" seed="1957541401" result="Passed" start-time="2026-08-04 13:11:28Z" end-time="2026-08-04 13:11:28Z" duration="0.023211" asserts="0">
                <properties />
              </test-case>
              <test-case id="1744" name="ProgressFixtures_ExposeF3ProgressionAnchors" fullname="SpireChess.Tests.EditMode.ChapterEncounterSamplingTests.ProgressFixtures_ExposeF3ProgressionAnchors" methodname="ProgressFixtures_ExposeF3ProgressionAnchors" classname="SpireChess.Tests.EditMode.ChapterEncounterSamplingTests" runstate="Runnable" seed="318267667" result="Passed" start-time="2026-08-04 13:11:28Z" end-time="2026-08-04 13:11:28Z" duration="0.025152" asserts="0">
                <properties />
              </test-case>
              <test-case id="1741" name="ProgressFixtures_MapNineActualCadenceCheckpointsAndRespectTierGates" fullname="SpireChess.Tests.EditMode.ChapterEncounterSamplingTests.ProgressFixtures_MapNineActualCadenceCheckpointsAndRespectTierGates" methodname="ProgressFixtures_MapNineActualCadenceCheckpointsAndRespectTierGates" classname="SpireChess.Tests.EditMode.ChapterEncounterSamplingTests" runstate="Runnable" seed="1622559596" result="Passed" start-time="2026-08-04 13:11:28Z" end-time="2026-08-04 13:11:28Z" duration="0.027788" asserts="0">
                <properties />
              </test-case>
              <test-case id="1742" name="ProgressRunner_UsesC2ForOpeningC4ForRoutesAndC5ForBoss" fullname="SpireChess.Tests.EditMode.ChapterEncounterSamplingTests.ProgressRunner_UsesC2ForOpeningC4ForRoutesAndC5ForBoss" methodname="ProgressRunner_UsesC2ForOpeningC4ForRoutesAndC5ForBoss" classname="SpireChess.Tests.EditMode.ChapterEncounterSamplingTests" runstate="Runnable" seed="813134888" result="Passed" start-time="2026-08-04 13:11:28Z" end-time="2026-08-04 13:11:28Z" duration="0.029993" asserts="0">
                <properties />
              </test-case>
              <test-case id="1740" name="Runner_CreatesTheSameEnemyRuntimeShapeAsRunSession" fullname="SpireChess.Tests.EditMode.ChapterEncounterSamplingTests.Runner_CreatesTheSameEnemyRuntimeShapeAsRunSession" methodname="Runner_CreatesTheSameEnemyRuntimeShapeAsRunSession" classname="SpireChess.Tests.EditMode.ChapterEncounterSamplingTests" runstate="Runnable" seed="1528694317" result="Passed" start-time="2026-08-04 13:11:28Z" end-time="2026-08-04 13:11:28Z" duration="0.043424" asserts="0">
                <properties />
              </test-case>
              <test-case id="1748" name="WilsonInterval_IsBoundedAndContainsObservedRate" fullname="SpireChess.Tests.EditMode.ChapterEncounterSamplingTests.WilsonInterval_IsBoundedAndContainsObservedRate" methodname="WilsonInterval_IsBoundedAndContainsObservedRate" classname="SpireChess.Tests.EditMode.ChapterEncounterSamplingTests" runstate="Runnable" seed="327161235" result="Passed" start-time="2026-08-04 13:11:28Z" end-time="2026-08-04 13:11:28Z" duration="0.023796" asserts="0">
                <properties />
              </test-case>
            </test-suite>
            <test-suite type="TestFixture" id="1750" name="ConfigIdentityTests" fullname="SpireChess.Tests.EditMode.ConfigIdentityTests" classname="SpireChess.Tests.EditMode.ConfigIdentityTests" runstate="Runnable" testcasecount="2" result="Passed" start-time="2026-08-04 13:11:28Z" end-time="2026-08-04 13:11:28Z" duration="0.023690" total="2" passed="2" failed="0" inconclusive="0" skipped="0" asserts="0">
              <properties />
              <test-case id="1752" name="CanonicalJsonHash_IgnoresObjectPropertyOrder" fullname="SpireChess.Tests.EditMode.ConfigIdentityTests.CanonicalJsonHash_IgnoresObjectPropertyOrder" methodname="CanonicalJsonHash_IgnoresObjectPropertyOrder" classname="SpireChess.Tests.EditMode.ConfigIdentityTests" runstate="Runnable" seed="1086247020" result="Passed" start-time="2026-08-04 13:11:28Z" end-time="2026-08-04 13:11:28Z" duration="0.000291" asserts="0">
                <properties />
              </test-case>
              <test-case id="1751" name="LoadFromResources_ExposesFrozenFullConfigIdentity" fullname="SpireChess.Tests.EditMode.ConfigIdentityTests.LoadFromResources_ExposesFrozenFullConfigIdentity" methodname="LoadFromResources_ExposesFrozenFullConfigIdentity" classname="SpireChess.Tests.EditMode.ConfigIdentityTests" runstate="Runnable" seed="478012003" result="Passed" start-time="2026-08-04 13:11:28Z" end-time="2026-08-04 13:11:28Z" duration="0.022383" asserts="0">
                <properties />
              </test-case>
            </test-suite>
            <test-suite type="TestFixture" id="1753" name="G4VisualSliceAcceptanceTests" fullname="SpireChess.Tests.EditMode.G4VisualSliceAcceptanceTests" classname="SpireChess.Tests.EditMode.G4VisualSliceAcceptanceTests" runstate="Runnable" testcasecount="3" result="Passed" start-time="2026-08-04 13:11:28Z" end-time="2026-08-04 13:11:28Z" duration="0.025352" total="3" passed="3" failed="0" inconclusive="0" skipped="0" asserts="0">
              <properties />
              <test-case id="1755" name="JournalUiRuntimeFlag_IsStable" fullname="SpireChess.Tests.EditMode.G4VisualSliceAcceptanceTests.JournalUiRuntimeFlag_IsStable" methodname="JournalUiRuntimeFlag_IsStable" classname="SpireChess.Tests.EditMode.G4VisualSliceAcceptanceTests" runstate="Runnable" seed="1876406672" result="Passed" start-time="2026-08-04 13:11:28Z" end-time="2026-08-04 13:11:28Z" duration="0.000247" asserts="0">
                <properties />
              </test-case>
              <test-case id="1756" name="SeedTenEventFixture_SelectsTranquilGroveArtwork" fullname="SpireChess.Tests.EditMode.G4VisualSliceAcceptanceTests.SeedTenEventFixture_SelectsTranquilGroveArtwork" methodname="SeedTenEventFixture_SelectsTranquilGroveArtwork" classname="SpireChess.Tests.EditMode.G4VisualSliceAcceptanceTests" runstate="Runnable" seed="62917161" result="Passed" start-time="2026-08-04 13:11:28Z" end-time="2026-08-04 13:11:28Z" duration="0.023919" asserts="0">
                <properties />
              </test-case>
              <test-case id="1754" name="VisualSliceRuntimeFlag_IsStable" fullname="SpireChess.Tests.EditMode.G4VisualSliceAcceptanceTests.VisualSliceRuntimeFlag_IsStable" methodname="VisualSliceRuntimeFlag_IsStable" classname="SpireChess.Tests.EditMode.G4VisualSliceAcceptanceTests" runstate="Runnable" seed="275619624" result="Passed" start-time="2026-08-04 13:11:28Z" end-time="2026-08-04 13:11:28Z" duration="0.000228" asserts="0">
                <properties />
              </test-case>
            </test-suite>
            <test-suite type="TestFixture" id="1757" name="HeroJourneyAcceptanceTests" fullname="SpireChess.Tests.EditMode.HeroJourneyAcceptanceTests" classname="SpireChess.Tests.EditMode.HeroJourneyAcceptanceTests" runstate="Runnable" testcasecount="4" result="Passed" start-time="2026-08-04 13:11:28Z" end-time="2026-08-04 13:11:29Z" duration="1.108520" total="4" passed="4" failed="0" inconclusive="0" skipped="0" asserts="0">
              <properties />
              <test-case id="1762" name="RunScreenState_AlwaysIdentifiesSelectedHeroAndPassive" fullname="SpireChess.Tests.EditMode.HeroJourneyAcceptanceTests.RunScreenState_AlwaysIdentifiesSelectedHeroAndPassive" methodname="RunScreenState_AlwaysIdentifiesSelectedHeroAndPassive" classname="SpireChess.Tests.EditMode.HeroJourneyAcceptanceTests" runstate="Runnable" seed="360253794" result="Passed" start-time="2026-08-04 13:11:28Z" end-time="2026-08-04 13:11:28Z" duration="0.029424" asserts="0">
                <properties />
              </test-case>
              <test-suite type="ParameterizedMethod" id="1761" name="ThreeChapterJourney_PreservesHeroPassivesAcrossEveryDurablePhase" fullname="SpireChess.Tests.EditMode.HeroJourneyAcceptanceTests.ThreeChapterJourney_PreservesHeroPassivesAcrossEveryDurablePhase" classname="SpireChess.Tests.EditMode.HeroJourneyAcceptanceTests" runstate="Runnable" testcasecount="3" result="Passed" start-time="2026-08-04 13:11:28Z" end-time="2026-08-04 13:11:29Z" duration="1.078403" total="3" passed="3" failed="0" inconclusive="0" skipped="0" asserts="0">
                <properties />
                <test-case id="1758" name="ThreeChapterJourney_PreservesHeroPassivesAcrossEveryDurablePhase(&quot;warrior&quot;,40501)" fullname="SpireChess.Tests.EditMode.HeroJourneyAcceptanceTests.ThreeChapterJourney_PreservesHeroPassivesAcrossEveryDurablePhase(&quot;warrior&quot;,40501)" methodname="ThreeChapterJourney_PreservesHeroPassivesAcrossEveryDurablePhase" classname="SpireChess.Tests.EditMode.HeroJourneyAcceptanceTests" runstate="Runnable" seed="593458620" result="Passed" start-time="2026-08-04 13:11:28Z" end-time="2026-08-04 13:11:29Z" duration="0.386786" asserts="0">
                  <properties />
                </test-case>
                <test-case id="1759" name="ThreeChapterJourney_PreservesHeroPassivesAcrossEveryDurablePhase(&quot;mage&quot;,40502)" fullname="SpireChess.Tests.EditMode.HeroJourneyAcceptanceTests.ThreeChapterJourney_PreservesHeroPassivesAcrossEveryDurablePhase(&quot;mage&quot;,40502)" methodname="ThreeChapterJourney_PreservesHeroPassivesAcrossEveryDurablePhase" classname="SpireChess.Tests.EditMode.HeroJourneyAcceptanceTests" runstate="Runnable" seed="2136369594" result="Passed" start-time="2026-08-04 13:11:29Z" end-time="2026-08-04 13:11:29Z" duration="0.353102" asserts="0">
                  <properties />
                </test-case>
                <test-case id="1760" name="ThreeChapterJourney_PreservesHeroPassivesAcrossEveryDurablePhase(&quot;rogue&quot;,40503)" fullname="SpireChess.Tests.EditMode.HeroJourneyAcceptanceTests.ThreeChapterJourney_PreservesHeroPassivesAcrossEveryDurablePhase(&quot;rogue&quot;,40503)" methodname="ThreeChapterJourney_PreservesHeroPassivesAcrossEveryDurablePhase" classname="SpireChess.Tests.EditMode.HeroJourneyAcceptanceTests" runstate="Runnable" seed="2081053443" result="Passed" start-time="2026-08-04 13:11:29Z" end-time="2026-08-04 13:11:29Z" duration="0.337768" asserts="0">
                  <properties />
                </test-case>
              </test-suite>
            </test-suite>
            <test-suite type="TestFixture" id="1763" name="HeroPassiveTests" fullname="SpireChess.Tests.EditMode.HeroPassiveTests" classname="SpireChess.Tests.EditMode.HeroPassiveTests" runstate="Runnable" testcasecount="14" result="Passed" start-time="2026-08-04 13:11:29Z" end-time="2026-08-04 13:11:30Z" duration="0.350870" total="14" passed="14" failed="0" inconclusive="0" skipped="0" asserts="0">
              <properties />
              <test-case id="1766" name="BattleDamageRule_HandlesPartialAndOverflowAbsorption" fullname="SpireChess.Tests.EditMode.HeroPassiveTests.BattleDamageRule_HandlesPartialAndOverflowAbsorption" methodname="BattleDamageRule_HandlesPartialAndOverflowAbsorption" classname="SpireChess.Tests.EditMode.HeroPassiveTests" runstate="Runnable" seed="707510260" result="Passed" start-time="2026-08-04 13:11:29Z" end-time="2026-08-04 13:11:29Z" duration="0.021156" asserts="0">
                <properties />
              </test-case>
              <test-case id="1769" name="MageCandidateFilter_UsesOnlyPlayableEligibleSpellsAtCurrentTier" fullname="SpireChess.Tests.EditMode.HeroPassiveTests.MageCandidateFilter_UsesOnlyPlayableEligibleSpellsAtCurrentTier" methodname="MageCandidateFilter_UsesOnlyPlayableEligibleSpellsAtCurrentTier" classname="SpireChess.Tests.EditMode.HeroPassiveTests" runstate="Runnable" seed="791616193" result="Passed" start-time="2026-08-04 13:11:29Z" end-time="2026-08-04 13:11:29Z" duration="0.027054" asserts="0">
                <properties />
              </test-case>
              <test-case id="1768" name="MagePassive_FullBenchSkipsGrantWithoutConsumingHeroRandom" fullname="SpireChess.Tests.EditMode.HeroPassiveTests.MagePassive_FullBenchSkipsGrantWithoutConsumingHeroRandom" methodname="MagePassive_FullBenchSkipsGrantWithoutConsumingHeroRandom" classname="SpireChess.Tests.EditMode.HeroPassiveTests" runstate="Runnable" seed="3076215" result="Passed" start-time="2026-08-04 13:11:29Z" end-time="2026-08-04 13:11:29Z" duration="0.046491" asserts="0">
                <properties />
              </test-case>
              <test-case id="1767" name="MagePassive_NewShopGrantsOneTemporarySpellAndRestoresExactlyOnce" fullname="SpireChess.Tests.EditMode.HeroPassiveTests.MagePassive_NewShopGrantsOneTemporarySpellAndRestoresExactlyOnce" methodname="MagePassive_NewShopGrantsOneTemporarySpellAndRestoresExactlyOnce" classname="SpireChess.Tests.EditMode.HeroPassiveTests" runstate="Runnable" seed="169787028" result="Passed" start-time="2026-08-04 13:11:29Z" end-time="2026-08-04 13:11:29Z" duration="0.024968" asserts="0">
                <properties />
              </test-case>
              <test-case id="1770" name="MagePassive_UsesIndependentRandomStreamWithoutChangingShopOffers" fullname="SpireChess.Tests.EditMode.HeroPassiveTests.MagePassive_UsesIndependentRandomStreamWithoutChangingShopOffers" methodname="MagePassive_UsesIndependentRandomStreamWithoutChangingShopOffers" classname="SpireChess.Tests.EditMode.HeroPassiveTests" runstate="Runnable" seed="6356873" result="Passed" start-time="2026-08-04 13:11:29Z" end-time="2026-08-04 13:11:29Z" duration="0.023148" asserts="0">
                <properties />
              </test-case>
              <test-case id="1764" name="NewRun_AppliesRunStartExactlyOnceForEachHero" fullname="SpireChess.Tests.EditMode.HeroPassiveTests.NewRun_AppliesRunStartExactlyOnceForEachHero" methodname="NewRun_AppliesRunStartExactlyOnceForEachHero" classname="SpireChess.Tests.EditMode.HeroPassiveTests" runstate="Runnable" seed="1514673741" result="Passed" start-time="2026-08-04 13:11:29Z" end-time="2026-08-04 13:11:30Z" duration="0.022456" asserts="0">
                <properties />
              </test-case>
[...]
              <properties />
            </test-case>
            <test-case id="1612" name="ShopIneligibleSpell_NeverAppearsInOffer" fullname="SpireChess.Tests.ShopBuildPhaseTests.ShopIneligibleSpell_NeverAppearsInOffer" methodname="ShopIneligibleSpell_NeverAppearsInOffer" classname="SpireChess.Tests.ShopBuildPhaseTests" runstate="Runnable" seed="620756891" result="Passed" start-time="2026-08-04 13:12:25Z" end-time="2026-08-04 13:12:25Z" duration="0.000191" asserts="0">
              <properties />
            </test-case>
            <test-case id="1609" name="Spell_TargetsBattleOnlyAndConsumesOnlyAfterSuccess" fullname="SpireChess.Tests.ShopBuildPhaseTests.Spell_TargetsBattleOnlyAndConsumesOnlyAfterSuccess" methodname="Spell_TargetsBattleOnlyAndConsumesOnlyAfterSuccess" classname="SpireChess.Tests.ShopBuildPhaseTests" runstate="Runnable" seed="1034666616" result="Passed" start-time="2026-08-04 13:12:25Z" end-time="2026-08-04 13:12:25Z" duration="0.000362" asserts="0">
              <properties />
            </test-case>
            <test-case id="1610" name="Spell_ZeroBenefitDoesNotConsumeCard" fullname="SpireChess.Tests.ShopBuildPhaseTests.Spell_ZeroBenefitDoesNotConsumeCard" methodname="Spell_ZeroBenefitDoesNotConsumeCard" classname="SpireChess.Tests.ShopBuildPhaseTests" runstate="Runnable" seed="1672754101" result="Passed" start-time="2026-08-04 13:12:25Z" end-time="2026-08-04 13:12:25Z" duration="0.000205" asserts="0">
              <properties />
            </test-case>
          </test-suite>
          <test-suite type="TestFixture" id="1616" name="ShopSessionTests" fullname="SpireChess.Tests.ShopSessionTests" classname="SpireChess.Tests.ShopSessionTests" runstate="Runnable" testcasecount="16" result="Passed" start-time="2026-08-04 13:12:25Z" end-time="2026-08-04 13:12:25Z" duration="0.009606" total="16" passed="16" failed="0" inconclusive="0" skipped="0" asserts="0">
            <properties />
            <test-case id="1622" name="BuyMinion_PaysThreeGoldAndAddsCardToBench" fullname="SpireChess.Tests.ShopSessionTests.BuyMinion_PaysThreeGoldAndAddsCardToBench" methodname="BuyMinion_PaysThreeGoldAndAddsCardToBench" classname="SpireChess.Tests.ShopSessionTests" runstate="Runnable" seed="1069957477" result="Passed" start-time="2026-08-04 13:12:25Z" end-time="2026-08-04 13:12:25Z" duration="0.000615" asserts="0">
              <properties />
            </test-case>
            <test-case id="1623" name="BuySpell_PaysOneGoldAndSpellCannotBeSoldOrMovedToBattle" fullname="SpireChess.Tests.ShopSessionTests.BuySpell_PaysOneGoldAndSpellCannotBeSoldOrMovedToBattle" methodname="BuySpell_PaysOneGoldAndSpellCannotBeSoldOrMovedToBattle" classname="SpireChess.Tests.ShopSessionTests" runstate="Runnable" seed="687932425" result="Passed" start-time="2026-08-04 13:12:25Z" end-time="2026-08-04 13:12:25Z" duration="0.000502" asserts="0">
              <properties />
            </test-case>
            <test-case id="1617" name="EconomyRules_MatchConfirmedValues" fullname="SpireChess.Tests.ShopSessionTests.EconomyRules_MatchConfirmedValues" methodname="EconomyRules_MatchConfirmedValues" classname="SpireChess.Tests.ShopSessionTests" runstate="Runnable" seed="1727157288" result="Passed" start-time="2026-08-04 13:12:25Z" end-time="2026-08-04 13:12:25Z" duration="0.000867" asserts="0">
              <properties />
            </test-case>
            <test-case id="1632" name="Formation_AllowsPlayingToEmptySlotAndBattleRepositionOnly" fullname="SpireChess.Tests.ShopSessionTests.Formation_AllowsPlayingToEmptySlotAndBattleRepositionOnly" methodname="Formation_AllowsPlayingToEmptySlotAndBattleRepositionOnly" classname="SpireChess.Tests.ShopSessionTests" runstate="Runnable" seed="1624470207" result="Passed" start-time="2026-08-04 13:12:25Z" end-time="2026-08-04 13:12:25Z" duration="0.000695" asserts="0">
              <properties />
            </test-case>
            <test-case id="1629" name="FrozenShop_KeepsOffersRestocksEmptySlotsAndThenUnfreezes" fullname="SpireChess.Tests.ShopSessionTests.FrozenShop_KeepsOffersRestocksEmptySlotsAndThenUnfreezes" methodname="FrozenShop_KeepsOffersRestocksEmptySlotsAndThenUnfreezes" classname="SpireChess.Tests.ShopSessionTests" runstate="Runnable" seed="734279968" result="Passed" start-time="2026-08-04 13:12:25Z" end-time="2026-08-04 13:12:25Z" duration="0.000456" asserts="0">
              <properties />
            </test-case>
            <test-case id="1624" name="FullBench_PreventsPurchaseWithoutChangingGoldOrOffer" fullname="SpireChess.Tests.ShopSessionTests.FullBench_PreventsPurchaseWithoutChangingGoldOrOffer" methodname="FullBench_PreventsPurchaseWithoutChangingGoldOrOffer" classname="SpireChess.Tests.ShopSessionTests" runstate="Runnable" seed="1127889959" result="Passed" start-time="2026-08-04 13:12:25Z" end-time="2026-08-04 13:12:25Z" duration="0.000429" asserts="0">
              <properties />
            </test-case>
            <test-case id="1618" name="MinionPool_DrawsByRemainingPhysicalCopiesAndReturnsThem" fullname="SpireChess.Tests.ShopSessionTests.MinionPool_DrawsByRemainingPhysicalCopiesAndReturnsThem" methodname="MinionPool_DrawsByRemainingPhysicalCopiesAndReturnsThem" classname="SpireChess.Tests.ShopSessionTests" runstate="Runnable" seed="765099586" result="Passed" start-time="2026-08-04 13:12:25Z" end-time="2026-08-04 13:12:25Z" duration="0.000273" asserts="0">
              <properties />
            </test-case>
            <test-case id="1619" name="MinionPool_ExcludesDisabledMinionsAndTokens" fullname="SpireChess.Tests.ShopSessionTests.MinionPool_ExcludesDisabledMinionsAndTokens" methodname="MinionPool_ExcludesDisabledMinionsAndTokens" classname="SpireChess.Tests.ShopSessionTests" runstate="Runnable" seed="151046091" result="Passed" start-time="2026-08-04 13:12:25Z" end-time="2026-08-04 13:12:25Z" duration="0.000211" asserts="0">
              <properties />
            </test-case>
            <test-case id="1621" name="Refresh_ConsumesPaidThenFreeRefreshAndCountsOnlyActiveRefreshes" fullname="SpireChess.Tests.ShopSessionTests.Refresh_ConsumesPaidThenFreeRefreshAndCountsOnlyActiveRefreshes" methodname="Refresh_ConsumesPaidThenFreeRefreshAndCountsOnlyActiveRefreshes" classname="SpireChess.Tests.ShopSessionTests" runstate="Runnable" seed="2073825422" result="Passed" start-time="2026-08-04 13:12:25Z" end-time="2026-08-04 13:12:25Z" duration="0.000941" asserts="0">
              <properties />
            </test-case>
            <test-case id="1625" name="SellMinion_ReturnsCopyAndGoldCanExceedTen" fullname="SpireChess.Tests.ShopSessionTests.SellMinion_ReturnsCopyAndGoldCanExceedTen" methodname="SellMinion_ReturnsCopyAndGoldCanExceedTen" classname="SpireChess.Tests.ShopSessionTests" runstate="Runnable" seed="815308398" result="Passed" start-time="2026-08-04 13:12:25Z" end-time="2026-08-04 13:12:25Z" duration="0.000341" asserts="0">
              <properties />
            </test-case>
            <test-case id="1631" name="ShopOperations_RaiseAllDeclaredEventsWithOperationContext" fullname="SpireChess.Tests.ShopSessionTests.ShopOperations_RaiseAllDeclaredEventsWithOperationContext" methodname="ShopOperations_RaiseAllDeclaredEventsWithOperationContext" classname="SpireChess.Tests.ShopSessionTests" runstate="Runnable" seed="877724658" result="Passed" start-time="2026-08-04 13:12:25Z" end-time="2026-08-04 13:12:25Z" duration="0.001259" asserts="0">
              <properties />
            </test-case>
            <test-case id="1620" name="StartRound_UsesEmptyCollectionAndAutomaticStockDoesNotCountAsRefresh" fullname="SpireChess.Tests.ShopSessionTests.StartRound_UsesEmptyCollectionAndAutomaticStockDoesNotCountAsRefresh" methodname="StartRound_UsesEmptyCollectionAndAutomaticStockDoesNotCountAsRefresh" classname="SpireChess.Tests.ShopSessionTests" runstate="Runnable" seed="513794722" result="Passed" start-time="2026-08-04 13:12:25Z" end-time="2026-08-04 13:12:25Z" duration="0.000602" asserts="0">
              <properties />
            </test-case>
            <test-case id="1626" name="TokenMinion_CannotBeSold" fullname="SpireChess.Tests.ShopSessionTests.TokenMinion_CannotBeSold" methodname="TokenMinion_CannotBeSold" classname="SpireChess.Tests.ShopSessionTests" runstate="Runnable" seed="437273921" result="Passed" start-time="2026-08-04 13:12:25Z" end-time="2026-08-04 13:12:25Z" duration="0.000266" asserts="0">
              <properties />
            </test-case>
            <test-case id="1630" name="UnfrozenShop_ReturnsAllUnsoldMinionsToPool" fullname="SpireChess.Tests.ShopSessionTests.UnfrozenShop_ReturnsAllUnsoldMinionsToPool" methodname="UnfrozenShop_ReturnsAllUnsoldMinionsToPool" classname="SpireChess.Tests.ShopSessionTests" runstate="Runnable" seed="482539953" result="Passed" start-time="2026-08-04 13:12:25Z" end-time="2026-08-04 13:12:25Z" duration="0.000235" asserts="0">
              <properties />
            </test-case>
            <test-case id="1627" name="UpgradeDiscount_DropsAfterSkippedRoundAndAllowsOnlyOneUpgradePerRound" fullname="SpireChess.Tests.ShopSessionTests.UpgradeDiscount_DropsAfterSkippedRoundAndAllowsOnlyOneUpgradePerRound" methodname="UpgradeDiscount_DropsAfterSkippedRoundAndAllowsOnlyOneUpgradePerRound" classname="SpireChess.Tests.ShopSessionTests" runstate="Runnable" seed="659433819" result="Passed" start-time="2026-08-04 13:12:25Z" end-time="2026-08-04 13:12:25Z" duration="0.000241" asserts="0">
              <properties />
            </test-case>
            <test-case id="1628" name="UpgradeToTierThree_AddsAnEmptyOfferSlotUntilRestock" fullname="SpireChess.Tests.ShopSessionTests.UpgradeToTierThree_AddsAnEmptyOfferSlotUntilRestock" methodname="UpgradeToTierThree_AddsAnEmptyOfferSlotUntilRestock" classname="SpireChess.Tests.ShopSessionTests" runstate="Runnable" seed="104664205" result="Passed" start-time="2026-08-04 13:12:25Z" end-time="2026-08-04 13:12:25Z" duration="0.000258" asserts="0">
              <properties />
            </test-case>
          </test-suite>
          <test-suite type="TestFixture" id="1633" name="ShopTripleDiscoveryTests" fullname="SpireChess.Tests.ShopTripleDiscoveryTests" classname="SpireChess.Tests.ShopTripleDiscoveryTests" runstate="Runnable" testcasecount="17" result="Passed" start-time="2026-08-04 13:12:25Z" end-time="2026-08-04 13:12:25Z" duration="0.019075" total="17" passed="17" failed="0" inconclusive="0" skipped="0" asserts="0">
            <properties />
            <test-case id="1648" name="Discover_InvalidSelectionKeepsPendingStateAndReservations" fullname="SpireChess.Tests.ShopTripleDiscoveryTests.Discover_InvalidSelectionKeepsPendingStateAndReservations" methodname="Discover_InvalidSelectionKeepsPendingStateAndReservations" classname="SpireChess.Tests.ShopTripleDiscoveryTests" runstate="Runnable" seed="852466947" result="Passed" start-time="2026-08-04 13:12:25Z" end-time="2026-08-04 13:12:25Z" duration="0.001472" asserts="0">
              <properties />
            </test-case>
            <test-case id="1639" name="Discover_SelectConsumesSpellKeepsSelectedCopyAndReturnsOthers" fullname="SpireChess.Tests.ShopTripleDiscoveryTests.Discover_SelectConsumesSpellKeepsSelectedCopyAndReturnsOthers" methodname="Discover_SelectConsumesSpellKeepsSelectedCopyAndReturnsOthers" classname="SpireChess.Tests.ShopTripleDiscoveryTests" runstate="Runnable" seed="1719204994" result="Passed" start-time="2026-08-04 13:12:25Z" end-time="2026-08-04 13:12:25Z" duration="0.000778" asserts="0">
              <properties />
            </test-case>
            <test-case id="1641" name="Discover_ShowsFewerDistinctCandidatesAndRejectsEmptyPool" fullname="SpireChess.Tests.ShopTripleDiscoveryTests.Discover_ShowsFewerDistinctCandidatesAndRejectsEmptyPool" methodname="Discover_ShowsFewerDistinctCandidatesAndRejectsEmptyPool" classname="SpireChess.Tests.ShopTripleDiscoveryTests" runstate="Runnable" seed="1118642902" result="Passed" start-time="2026-08-04 13:12:25Z" end-time="2026-08-04 13:12:25Z" duration="0.000435" asserts="0">
              <properties />
            </test-case>
            <test-case id="1640" name="Discover_UsesCurrentExactTavernTierAtCastTime" fullname="SpireChess.Tests.ShopTripleDiscoveryTests.Discover_UsesCurrentExactTavernTierAtCastTime" methodname="Discover_UsesCurrentExactTavernTierAtCastTime" classname="SpireChess.Tests.ShopTripleDiscoveryTests" runstate="Runnable" seed="892038783" result="Passed" start-time="2026-08-04 13:12:25Z" end-time="2026-08-04 13:12:25Z" duration="0.000391" asserts="0">
              <properties />
            </test-case>
            <test-case id="1634" name="DiscoverPool_UsesRemainingPhysicalCopyWeights" fullname="SpireChess.Tests.ShopTripleDiscoveryTests.DiscoverPool_UsesRemainingPhysicalCopyWeights" methodname="DiscoverPool_UsesRemainingPhysicalCopyWeights" classname="SpireChess.Tests.ShopTripleDiscoveryTests" runstate="Runnable" seed="203006913" result="Passed" start-time="2026-08-04 13:12:25Z" end-time="2026-08-04 13:12:25Z" duration="0.000276" asserts="0">
              <properties />
            </test-case>
            <test-case id="1649" name="DiscoverSelection_CanCompleteAnotherTriple" fullname="SpireChess.Tests.ShopTripleDiscoveryTests.DiscoverSelection_CanCompleteAnotherTriple" methodname="DiscoverSelection_CanCompleteAnotherTriple" classname="SpireChess.Tests.ShopTripleDiscoveryTests" runstate="Runnable" seed="531432080" result="Passed" start-time="2026-08-04 13:12:25Z" end-time="2026-08-04 13:12:25Z" duration="0.000462" asserts="0">
              <properties />
            </test-case>
            <test-case id="1644" name="GoldenDiscover_WithOnlyFreedSourceSlotFailsBeforePlaying" fullname="SpireChess.Tests.ShopTripleDiscoveryTests.GoldenDiscover_WithOnlyFreedSourceSlotFailsBeforePlaying" methodname="GoldenDiscover_WithOnlyFreedSourceSlotFailsBeforePlaying" classname="SpireChess.Tests.ShopTripleDiscoveryTests" runstate="Runnable" seed="1191060637" result="Passed" start-time="2026-08-04 13:12:25Z" end-time="2026-08-04 13:12:25Z" duration="0.001782" asserts="0">
              <properties />
            </test-case>
            <test-case id="1645" name="GoldenDiscover_WithTripleRewardAlsoReservesRewardSpellSlot" fullname="SpireChess.Tests.ShopTripleDiscoveryTests.GoldenDiscover_WithTripleRewardAlsoReservesRewardSpellSlot" methodname="GoldenDiscover_WithTripleRewardAlsoReservesRewardSpellSlot" classname="SpireChess.Tests.ShopTripleDiscoveryTests" runstate="Runnable" seed="1809126053" result="Passed" start-time="2026-08-04 13:12:25Z" end-time="2026-08-04 13:12:25Z" duration="0.000600" asserts="0">
              <properties />
            </test-case>
            <test-case id="1637" name="GoldenPlay_GrantsRewardOnceAndClearsPendingFlag" fullname="SpireChess.Tests.ShopTripleDiscoveryTests.GoldenPlay_GrantsRewardOnceAndClearsPendingFlag" methodname="GoldenPlay_GrantsRewardOnceAndClearsPendingFlag" classname="SpireChess.Tests.ShopTripleDiscoveryTests" runstate="Runnable" seed="1196668815" result="Passed" start-time="2026-08-04 13:12:25Z" end-time="2026-08-04 13:12:25Z" duration="0.000957" asserts="0">
              <properties />
            </test-case>
            <test-case id="1650" name="GoldenSale_ReturnsThreePhysicalCopies" fullname="SpireChess.Tests.ShopTripleDiscoveryTests.GoldenSale_ReturnsThreePhysicalCopies" methodname="GoldenSale_ReturnsThreePhysicalCopies" classname="SpireChess.Tests.ShopTripleDiscoveryTests" runstate="Runnable" seed="314881628" result="Passed" start-time="2026-08-04 13:12:25Z" end-time="2026-08-04 13:12:25Z" duration="0.000665" asserts="0">
              <properties />
            </test-case>
            <test-case id="1647" name="GoldenStargateLecturer_DiscoversSpellInTwoRounds" fullname="SpireChess.Tests.ShopTripleDiscoveryTests.GoldenStargateLecturer_DiscoversSpellInTwoRounds" methodname="GoldenStargateLecturer_DiscoversSpellInTwoRounds" classname="SpireChess.Tests.ShopTripleDiscoveryTests" runstate="Runnable" seed="1517801396" result="Passed" start-time="2026-08-04 13:12:25Z" end-time="2026-08-04 13:12:25Z" duration="0.002719" asserts="0">
              <properties />
            </test-case>
            <test-case id="1642" name="MinionDiscover_ExcludesSourceCardBeforePoolReservation" fullname="SpireChess.Tests.ShopTripleDiscoveryTests.MinionDiscover_ExcludesSourceCardBeforePoolReservation" methodname="MinionDiscover_ExcludesSourceCardBeforePoolReservation" classname="SpireChess.Tests.ShopTripleDiscoveryTests" runstate="Runnable" seed="29220830" result="Passed" start-time="2026-08-04 13:12:25Z" end-time="2026-08-04 13:12:25Z" duration="0.001157" asserts="0">
              <properties />
            </test-case>
            <test-case id="1646" name="OldTowerGuide_UsesMostCommonMainRaceBelowCurrentTier" fullname="SpireChess.Tests.ShopTripleDiscoveryTests.OldTowerGuide_UsesMostCommonMainRaceBelowCurrentTier" methodname="OldTowerGuide_UsesMostCommonMainRaceBelowCurrentTier" classname="SpireChess.Tests.ShopTripleDiscoveryTests" runstate="Runnable" seed="263350303" result="Passed" start-time="2026-08-04 13:12:25Z" end-time="2026-08-04 13:12:25Z" duration="0.001355" asserts="0">
              <properties />
            </test-case>
            <test-case id="1643" name="StarMapBroker_RequiresTwoRefreshesAndGoldenDiscoversTwice" fullname="SpireChess.Tests.ShopTripleDiscoveryTests.StarMapBroker_RequiresTwoRefreshesAndGoldenDiscoversTwice" methodname="StarMapBroker_RequiresTwoRefreshesAndGoldenDiscoversTwice" classname="SpireChess.Tests.ShopTripleDiscoveryTests" runstate="Runnable" seed="990619230" result="Passed" start-time="2026-08-04 13:12:25Z" end-time="2026-08-04 13:12:25Z" duration="0.001587" asserts="0">
              <properties />
            </test-case>
            <test-case id="1636" name="Triple_DefersWithFullBenchAndResolvesWhenSpellCreatesSpace" fullname="SpireChess.Tests.ShopTripleDiscoveryTests.Triple_DefersWithFullBenchAndResolvesWhenSpellCreatesSpace" methodname="Triple_DefersWithFullBenchAndResolvesWhenSpellCreatesSpace" classname="SpireChess.Tests.ShopTripleDiscoveryTests" runstate="Runnable" seed="986480946" result="Passed" start-time="2026-08-04 13:12:25Z" end-time="2026-08-04 13:12:25Z" duration="0.000862" asserts="0">
              <properties />
            </test-case>
            <test-case id="1635" name="Triple_UsesBenchBeforeBattleAndInheritsPermanentState" fullname="SpireChess.Tests.ShopTripleDiscoveryTests.Triple_UsesBenchBeforeBattleAndInheritsPermanentState" methodname="Triple_UsesBenchBeforeBattleAndInheritsPermanentState" classname="SpireChess.Tests.ShopTripleDiscoveryTests" runstate="Runnable" seed="949783121" result="Passed" start-time="2026-08-04 13:12:25Z" end-time="2026-08-04 13:12:25Z" duration="0.000778" asserts="0">
              <properties />
            </test-case>
            <test-case id="1638" name="TripleDiscover_BlocksAllOtherOperationsAndCannotBeCancelled" fullname="SpireChess.Tests.ShopTripleDiscoveryTests.TripleDiscover_BlocksAllOtherOperationsAndCannotBeCancelled" methodname="TripleDiscover_BlocksAllOtherOperationsAndCannotBeCancelled" classname="SpireChess.Tests.ShopTripleDiscoveryTests" runstate="Runnable" seed="510141550" result="Passed" start-time="2026-08-04 13:12:25Z" end-time="2026-08-04 13:12:25Z" duration="0.001128" asserts="0">
              <properties />
            </test-case>
          </test-suite>
        </test-suite>
      </test-suite>
    </test-suite>
  </test-suite>
</test-run>